#
# There is insufficient memory for the Java Runtime Environment to continue.
# Native memory allocation (mmap) failed to map 419430400 bytes for G1 virtual space
# Possible reasons:
#   The system is out of physical RAM or swap space
#   The process is running with CompressedOops enabled, and the Java Heap may be blocking the growth of the native heap
# Possible solutions:
#   Reduce memory load on the system
#   Increase physical memory or swap space
#   Check if swap backing store is full
#   Decrease Java heap size (-Xmx/-Xms)
#   Decrease number of Java threads
#   Decrease Java thread stack sizes (-Xss)
#   Set larger code cache with -XX:ReservedCodeCacheSize=
#   JVM is running with Unscaled Compressed Oops mode in which the Java heap is
#     placed in the first 4GB address space. The Java Heap base address is the
#     maximum limit for the native heap growth. Please use -XX:HeapBaseMinAddress
#     to set the Java Heap base and to place the Java Heap above 4GB virtual address.
# This output file may be truncated or incomplete.
#
#  Out of Memory Error (os_windows.cpp:3548), pid=13608, tid=2128
#
# JRE version: OpenJDK Runtime Environment Temurin-17.0.5+8 (17.0.5+8) (build 17.0.5+8)
# Java VM: OpenJDK 64-Bit Server VM Temurin-17.0.5+8 (17.0.5+8, mixed mode, emulated-client, tiered, compressed oops, compressed class ptrs, g1 gc, windows-amd64)
# No core dump will be written. Minidumps are not enabled by default on client versions of Windows
#

---------------  S U M M A R Y ------------

Command Line: -Dsts.lsp.client=vscode -Dsts.log.file=/dev/null -XX:TieredStopAtLevel=1 -Xlog:jni+resolve=off -Dspring.config.location=file:c:\Users\Micro\.vscode\extensions\pivotal.vscode-spring-boot-1.42.0\language-server\BOOT-INF\classes\application.properties org.springframework.ide.vscode.boot.app.BootLanguageServerBootApp

Host: Intel(R) Core(TM) i5 CPU         650  @ 3.20GHz, 4 cores, 7G,  Windows 10 , 64 bit Build 19041 (10.0.19041.2364)
Time: Tue Jan  3 00:47:57 2023 E. South America Standard Time elapsed time: 7.057032 seconds (0d 0h 0m 7s)

---------------  T H R E A D  ---------------

Current thread (0x00000155144d5a00):  VMThread "VM Thread" [stack: 0x0000003bb7c00000,0x0000003bb7d00000] [id=2128]

Stack: [0x0000003bb7c00000,0x0000003bb7d00000]
Native frames: (J=compiled Java code, j=interpreted, Vv=VM code, C=native code)
V  [jvm.dll+0x676b3a]
V  [jvm.dll+0x831444]
V  [jvm.dll+0x832bee]
V  [jvm.dll+0x833253]
V  [jvm.dll+0x244ce5]
V  [jvm.dll+0x673a49]
V  [jvm.dll+0x66811a]
V  [jvm.dll+0x303ceb]
V  [jvm.dll+0x30b1e6]
V  [jvm.dll+0x35adbe]
V  [jvm.dll+0x35afef]
V  [jvm.dll+0x2dab88]
V  [jvm.dll+0x2d8e3c]
V  [jvm.dll+0x2d840c]
V  [jvm.dll+0x31c31b]
V  [jvm.dll+0x8376fb]
V  [jvm.dll+0x838434]
V  [jvm.dll+0x83894c]
V  [jvm.dll+0x838d24]
V  [jvm.dll+0x838df0]
V  [jvm.dll+0x7e17ea]
V  [jvm.dll+0x6759e5]
C  [ucrtbase.dll+0x21bb2]
C  [KERNEL32.DLL+0x17614]
C  [ntdll.dll+0x526a1]

VM_Operation (0x0000003bba4fdbe0): G1CollectForAllocation, mode: safepoint, requested by thread 0x00000155166c1010


---------------  P R O C E S S  ---------------

Threads class SMR info:
_java_thread_list=0x00000155166ac360, length=39, elements={
0x00000155144f5740, 0x00000155144f6fd0, 0x000001551451ba50, 0x000001551451f330,
0x0000015514520480, 0x000001551502c7c0, 0x0000015514528fe0, 0x000001551502fab0,
0x00000155152072d0, 0x0000015515241020, 0x000001551524a0a0, 0x0000015515270450,
0x000001551635c040, 0x00000155164f8350, 0x00000155164f8820, 0x0000015507a12d60,
0x000001551656e890, 0x000001551641ef80, 0x00000155161decd0, 0x00000155161df1a0,
0x000001551665cdd0, 0x000001551665d2a0, 0x000001551665e5e0, 0x000001551665d770,
0x000001551665dc40, 0x000001551665e110, 0x00000155166bc7e0, 0x00000155166c0b40,
0x00000155166bfcd0, 0x00000155166bf330, 0x00000155166be4c0, 0x00000155166be990,
0x00000155166c01a0, 0x00000155166bd180, 0x00000155166c2cf0, 0x00000155166c1010,
0x00000155166bf800, 0x00000155166c14e0, 0x00000155166c0670
}

Java Threads: ( => current thread )
  0x00000155144f5740 JavaThread "Reference Handler" daemon [_thread_blocked, id=11580, stack(0x0000003bb7d00000,0x0000003bb7e00000)]
  0x00000155144f6fd0 JavaThread "Finalizer" daemon [_thread_blocked, id=13628, stack(0x0000003bb7e00000,0x0000003bb7f00000)]
  0x000001551451ba50 JavaThread "Signal Dispatcher" daemon [_thread_blocked, id=7412, stack(0x0000003bb8000000,0x0000003bb8100000)]
  0x000001551451f330 JavaThread "Attach Listener" daemon [_thread_blocked, id=2376, stack(0x0000003bb8100000,0x0000003bb8200000)]
  0x0000015514520480 JavaThread "Service Thread" daemon [_thread_blocked, id=12584, stack(0x0000003bb8200000,0x0000003bb8300000)]
  0x000001551502c7c0 JavaThread "Monitor Deflation Thread" daemon [_thread_blocked, id=7728, stack(0x0000003bb8300000,0x0000003bb8400000)]
  0x0000015514528fe0 JavaThread "C1 CompilerThread0" daemon [_thread_blocked, id=10572, stack(0x0000003bb8400000,0x0000003bb8500000)]
  0x000001551502fab0 JavaThread "Sweeper thread" daemon [_thread_blocked, id=10492, stack(0x0000003bb8500000,0x0000003bb8600000)]
  0x00000155152072d0 JavaThread "Notification Thread" daemon [_thread_blocked, id=7144, stack(0x0000003bb8600000,0x0000003bb8700000)]
  0x0000015515241020 JavaThread "Common-Cleaner" daemon [_thread_blocked, id=1956, stack(0x0000003bb8800000,0x0000003bb8900000)]
  0x000001551524a0a0 JavaThread "C1 CompilerThread1" daemon [_thread_blocked, id=9748, stack(0x0000003bb8900000,0x0000003bb8a00000)]
  0x0000015515270450 JavaThread "C1 CompilerThread2" daemon [_thread_blocked, id=14240, stack(0x0000003bb8a00000,0x0000003bb8b00000)]
  0x000001551635c040 JavaThread "boundedElastic-evictor-1" daemon [_thread_blocked, id=7360, stack(0x0000003bb8e00000,0x0000003bb8f00000)]
  0x00000155164f8350 JavaThread "pool-11-thread-1" [_thread_blocked, id=716, stack(0x0000003bb8f00000,0x0000003bb9000000)]
  0x00000155164f8820 JavaThread "LanguageServerApp-lifecycle" [_thread_blocked, id=884, stack(0x0000003bb9000000,0x0000003bb9100000)]
  0x0000015507a12d60 JavaThread "DestroyJavaVM" [_thread_blocked, id=12016, stack(0x0000003bb7600000,0x0000003bb7700000)]
  0x000001551656e890 JavaThread "pool-12-thread-1" [_thread_in_native, id=3768, stack(0x0000003bb9100000,0x0000003bb9200000)]
  0x000001551641ef80 JavaThread "Simple-Language-Server main thread" daemon [_thread_blocked, id=11320, stack(0x0000003bb9200000,0x0000003bb9300000)]
  0x00000155161decd0 JavaThread "pool-2-thread-1" [_thread_blocked, id=6368, stack(0x0000003bb9300000,0x0000003bb9400000)]
  0x00000155161df1a0 JavaThread "pool-2-thread-2" [_thread_blocked, id=12964, stack(0x0000003bb9400000,0x0000003bb9500000)]
  0x000001551665cdd0 JavaThread "pool-8-thread-1" [_thread_blocked, id=13600, stack(0x0000003bb9500000,0x0000003bb9600000)]
  0x000001551665d2a0 JavaThread "parallel-1" daemon [_thread_blocked, id=1256, stack(0x0000003bb9600000,0x0000003bb9700000)]
  0x000001551665e5e0 JavaThread "ForkJoinPool.commonPool-worker-1" daemon [_thread_blocked, id=14320, stack(0x0000003bb9700000,0x0000003bb9800000)]
  0x000001551665d770 JavaThread "pool-5-thread-1" [_thread_blocked, id=9316, stack(0x0000003bb9800000,0x0000003bb9900000)]
  0x000001551665dc40 JavaThread "ForkJoinPool.commonPool-worker-2" daemon [_thread_blocked, id=2632, stack(0x0000003bb9900000,0x0000003bb9a00000)]
  0x000001551665e110 JavaThread "pool-5-thread-2" [_thread_blocked, id=6844, stack(0x0000003bb9a00000,0x0000003bb9b00000)]
  0x00000155166bc7e0 JavaThread "Reconciler-1" daemon [_thread_blocked, id=7372, stack(0x0000003bb9b00000,0x0000003bb9c00000)]
  0x00000155166c0b40 JavaThread "parallel-2" daemon [_thread_blocked, id=1128, stack(0x0000003bb9c00000,0x0000003bb9d00000)]
  0x00000155166bfcd0 JavaThread "ClassGraph-worker-0" daemon [_thread_blocked, id=7916, stack(0x0000003bb9d00000,0x0000003bb9e00000)]
  0x00000155166bf330 JavaThread "ClassGraph-worker-1" daemon [_thread_blocked, id=1112, stack(0x0000003bb9e00000,0x0000003bb9f00000)]
  0x00000155166be4c0 JavaThread "ClassGraph-worker-2" daemon [_thread_blocked, id=14172, stack(0x0000003bb9f00000,0x0000003bba000000)]
  0x00000155166be990 JavaThread "ClassGraph-worker-3" daemon [_thread_blocked, id=9684, stack(0x0000003bba000000,0x0000003bba100000)]
  0x00000155166c01a0 JavaThread "ClassGraph-worker-4" daemon [_thread_blocked, id=6700, stack(0x0000003bba100000,0x0000003bba200000)]
  0x00000155166bd180 JavaThread "ClassGraph-worker-5" daemon [_thread_blocked, id=380, stack(0x0000003bba200000,0x0000003bba300000)]
  0x00000155166c2cf0 JavaThread "ClassGraph-worker-6" daemon [_thread_blocked, id=6140, stack(0x0000003bba300000,0x0000003bba400000)]
  0x00000155166c1010 JavaThread "ClassGraph-worker-7" daemon [_thread_blocked, id=1056, stack(0x0000003bba400000,0x0000003bba500000)]
  0x00000155166bf800 JavaThread "pool-6-thread-1" [_thread_blocked, id=8436, stack(0x0000003bba600000,0x0000003bba700000)]
  0x00000155166c14e0 JavaThread "pool-10-thread-1" [_thread_blocked, id=6016, stack(0x0000003bba700000,0x0000003bba800000)]
  0x00000155166c0670 JavaThread "pool-10-thread-2" [_thread_blocked, id=9508, stack(0x0000003bba800000,0x0000003bba900000)]

Other Threads:
=>0x00000155144d5a00 VMThread "VM Thread" [stack: 0x0000003bb7c00000,0x0000003bb7d00000] [id=2128]
  0x0000015507a873c0 WatcherThread [stack: 0x0000003bb8700000,0x0000003bb8800000] [id=5392]
  0x0000015507a6df10 GCTaskThread "GC Thread#0" [stack: 0x0000003bb7700000,0x0000003bb7800000] [id=8072]
  0x00000155159b3060 GCTaskThread "GC Thread#1" [stack: 0x0000003bb8b00000,0x0000003bb8c00000] [id=10736]
  0x00000155159b9330 GCTaskThread "GC Thread#2" [stack: 0x0000003bb8c00000,0x0000003bb8d00000] [id=8996]
  0x0000015515c74320 GCTaskThread "GC Thread#3" [stack: 0x0000003bb8d00000,0x0000003bb8e00000] [id=11744]
  0x0000015507a7ec10 ConcurrentGCThread "G1 Main Marker" [stack: 0x0000003bb7800000,0x0000003bb7900000] [id=4144]
  0x0000015507a7fdc0 ConcurrentGCThread "G1 Conc#0" [stack: 0x0000003bb7900000,0x0000003bb7a00000] [id=8216]
  0x00000155143520b0 ConcurrentGCThread "G1 Refine#0" [stack: 0x0000003bb7a00000,0x0000003bb7b00000] [id=10036]
  0x0000015516bac430 ConcurrentGCThread "G1 Refine#1" [stack: 0x0000003bba500000,0x0000003bba600000] [id=6760]
  0x0000015516bab2f0 ConcurrentGCThread "G1 Refine#2" [stack: 0x0000003bba900000,0x0000003bbaa00000] [id=13204]
  0x0000015514352ad0 ConcurrentGCThread "G1 Service" [stack: 0x0000003bb7b00000,0x0000003bb7c00000] [id=2120]

Threads with active compile tasks:

VM state: at safepoint (normal execution)

VM Mutex/Monitor currently owned by a thread:  ([mutex/lock_event])
[0x00000155079fec90] Threads_lock - owner thread: 0x00000155144d5a00
[0x00000155079fea50] Heap_lock - owner thread: 0x00000155166c1010

Heap address: 0x0000000081200000, size: 2030 MB, Compressed Oops mode: 32-bit

CDS archive(s) not mapped
Compressed class space mapped at: 0x0000000100000000-0x0000000140000000, reserved size: 1073741824
Narrow klass base: 0x0000000000000000, Narrow klass shift: 3, Narrow klass range: 0x140000000

GC Precious Log:
 CPUs: 4 total, 4 available
 Memory: 8119M
 Large Page Support: Disabled
 NUMA Support: Disabled
 Compressed Oops: Enabled (32-bit)
 Heap Region Size: 1M
 Heap Min Capacity: 8M
 Heap Initial Capacity: 128M
 Heap Max Capacity: 2030M
 Pre-touch: Disabled
 Parallel Workers: 4
 Concurrent Workers: 1
 Concurrent Refinement Workers: 4
 Periodic GC: Disabled

Heap:
 garbage-first heap   total 224256K, used 84238K [0x0000000081200000, 0x0000000100000000)
  region size 1024K, 11 young (11264K), 11 survivors (11264K)
 Metaspace       used 39341K, committed 39744K, reserved 1089536K
  class space    used 4977K, committed 5184K, reserved 1048576K

Heap Regions: E=young(eden), S=young(survivor), O=old, HS=humongous(starts), HC=humongous(continues), CS=collection set, F=free, OA=open archive, CA=closed archive, TAMS=top-at-mark-start (previous, next)
|   0|0x0000000081200000, 0x0000000081300000, 0x0000000081300000|100%| O|  |TAMS 0x0000000081300000, 0x0000000081200000| Untracked 
|   1|0x0000000081300000, 0x0000000081400000, 0x0000000081400000|100%| O|  |TAMS 0x0000000081400000, 0x0000000081300000| Untracked 
|   2|0x0000000081400000, 0x0000000081500000, 0x0000000081500000|100%| O|  |TAMS 0x0000000081500000, 0x0000000081400000| Untracked 
|   3|0x0000000081500000, 0x0000000081600000, 0x0000000081600000|100%| O|  |TAMS 0x0000000081600000, 0x0000000081500000| Untracked 
|   4|0x0000000081600000, 0x0000000081700000, 0x0000000081700000|100%| O|  |TAMS 0x0000000081700000, 0x0000000081600000| Untracked 
|   5|0x0000000081700000, 0x0000000081800000, 0x0000000081800000|100%| O|  |TAMS 0x0000000081800000, 0x0000000081700000| Untracked 
|   6|0x0000000081800000, 0x0000000081900000, 0x0000000081900000|100%| O|  |TAMS 0x0000000081900000, 0x0000000081800000| Untracked 
|   7|0x0000000081900000, 0x00000000819ef800, 0x0000000081a00000| 93%| O|  |TAMS 0x00000000819ef800, 0x0000000081900000| Untracked 
|   8|0x0000000081a00000, 0x0000000081b00000, 0x0000000081b00000|100%| O|  |TAMS 0x0000000081b00000, 0x0000000081a00000| Untracked 
|   9|0x0000000081b00000, 0x0000000081c00000, 0x0000000081c00000|100%| O|  |TAMS 0x0000000081c00000, 0x0000000081b00000| Untracked 
|  10|0x0000000081c00000, 0x0000000081d00000, 0x0000000081d00000|100%| O|  |TAMS 0x0000000081d00000, 0x0000000081c00000| Untracked 
|  11|0x0000000081d00000, 0x0000000081e00000, 0x0000000081e00000|100%| O|  |TAMS 0x0000000081e00000, 0x0000000081d00000| Untracked 
|  12|0x0000000081e00000, 0x0000000081f00000, 0x0000000081f00000|100%| O|  |TAMS 0x0000000081f00000, 0x0000000081e00000| Untracked 
|  13|0x0000000081f00000, 0x0000000082000000, 0x0000000082000000|100%| O|  |TAMS 0x0000000082000000, 0x0000000081f00000| Untracked 
|  14|0x0000000082000000, 0x0000000082100000, 0x0000000082100000|100%| O|  |TAMS 0x0000000082100000, 0x0000000082000000| Untracked 
|  15|0x0000000082100000, 0x0000000082200000, 0x0000000082200000|100%| O|  |TAMS 0x0000000082200000, 0x0000000082100000| Untracked 
|  16|0x0000000082200000, 0x0000000082300000, 0x0000000082300000|100%| O|  |TAMS 0x0000000082300000, 0x0000000082200000| Untracked 
|  17|0x0000000082300000, 0x0000000082400000, 0x0000000082400000|100%| O|  |TAMS 0x0000000082400000, 0x0000000082300000| Untracked 
|  18|0x0000000082400000, 0x0000000082500000, 0x0000000082500000|100%| O|  |TAMS 0x0000000082500000, 0x0000000082400000| Untracked 
|  19|0x0000000082500000, 0x0000000082600000, 0x0000000082600000|100%| O|  |TAMS 0x0000000082600000, 0x0000000082500000| Untracked 
|  20|0x0000000082600000, 0x0000000082700000, 0x0000000082700000|100%| O|  |TAMS 0x0000000082700000, 0x0000000082600000| Untracked 
|  21|0x0000000082700000, 0x0000000082800000, 0x0000000082800000|100%| O|  |TAMS 0x0000000082800000, 0x0000000082700000| Untracked 
|  22|0x0000000082800000, 0x0000000082900000, 0x0000000082900000|100%| O|  |TAMS 0x0000000082900000, 0x0000000082800000| Untracked 
|  23|0x0000000082900000, 0x0000000082a00000, 0x0000000082a00000|100%| O|  |TAMS 0x0000000082a00000, 0x0000000082900000| Untracked 
|  24|0x0000000082a00000, 0x0000000082b00000, 0x0000000082b00000|100%| O|  |TAMS 0x0000000082b00000, 0x0000000082a00000| Untracked 
|  25|0x0000000082b00000, 0x0000000082c00000, 0x0000000082c00000|100%| O|  |TAMS 0x0000000082c00000, 0x0000000082b00000| Untracked 
|  26|0x0000000082c00000, 0x0000000082d00000, 0x0000000082d00000|100%| O|  |TAMS 0x0000000082d00000, 0x0000000082c00000| Untracked 
|  27|0x0000000082d00000, 0x0000000082e00000, 0x0000000082e00000|100%| O|  |TAMS 0x0000000082e00000, 0x0000000082d00000| Untracked 
|  28|0x0000000082e00000, 0x0000000082f00000, 0x0000000082f00000|100%| O|  |TAMS 0x0000000082f00000, 0x0000000082e00000| Untracked 
|  29|0x0000000082f00000, 0x0000000083000000, 0x0000000083000000|100%| O|  |TAMS 0x0000000083000000, 0x0000000082f00000| Untracked 
|  30|0x0000000083000000, 0x0000000083100000, 0x0000000083100000|100%| O|  |TAMS 0x0000000083100000, 0x0000000083000000| Untracked 
|  31|0x0000000083100000, 0x0000000083200000, 0x0000000083200000|100%| O|  |TAMS 0x0000000083200000, 0x0000000083100000| Untracked 
|  32|0x0000000083200000, 0x0000000083300000, 0x0000000083300000|100%| O|  |TAMS 0x0000000083300000, 0x0000000083200000| Untracked 
|  33|0x0000000083300000, 0x0000000083400000, 0x0000000083400000|100%| O|  |TAMS 0x0000000083400000, 0x0000000083300000| Untracked 
|  34|0x0000000083400000, 0x0000000083500000, 0x0000000083500000|100%| O|  |TAMS 0x0000000083500000, 0x0000000083400000| Untracked 
|  35|0x0000000083500000, 0x0000000083600000, 0x0000000083600000|100%| O|  |TAMS 0x0000000083600000, 0x0000000083500000| Untracked 
|  36|0x0000000083600000, 0x0000000083700000, 0x0000000083700000|100%| O|  |TAMS 0x0000000083700000, 0x0000000083600000| Untracked 
|  37|0x0000000083700000, 0x0000000083800000, 0x0000000083800000|100%| O|  |TAMS 0x0000000083800000, 0x0000000083700000| Untracked 
|  38|0x0000000083800000, 0x0000000083900000, 0x0000000083900000|100%| O|  |TAMS 0x0000000083900000, 0x0000000083800000| Untracked 
|  39|0x0000000083900000, 0x0000000083a00000, 0x0000000083a00000|100%| O|  |TAMS 0x0000000083a00000, 0x0000000083900000| Untracked 
|  40|0x0000000083a00000, 0x0000000083b00000, 0x0000000083b00000|100%| O|  |TAMS 0x0000000083a00000, 0x0000000083a00000| Untracked 
|  41|0x0000000083b00000, 0x0000000083c00000, 0x0000000083c00000|100%|HS|  |TAMS 0x0000000083c00000, 0x0000000083b00000| Complete 
|  42|0x0000000083c00000, 0x0000000083d00000, 0x0000000083d00000|100%| O|  |TAMS 0x0000000083d00000, 0x0000000083c00000| Untracked 
|  43|0x0000000083d00000, 0x0000000083e00000, 0x0000000083e00000|100%| O|  |TAMS 0x0000000083e00000, 0x0000000083d00000| Untracked 
|  44|0x0000000083e00000, 0x0000000083f00000, 0x0000000083f00000|100%| O|  |TAMS 0x0000000083f00000, 0x0000000083e00000| Untracked 
|  45|0x0000000083f00000, 0x0000000084000000, 0x0000000084000000|100%| O|  |TAMS 0x0000000084000000, 0x0000000083f00000| Untracked 
|  46|0x0000000084000000, 0x0000000084100000, 0x0000000084100000|100%| O|  |TAMS 0x0000000084100000, 0x0000000084000000| Untracked 
|  47|0x0000000084100000, 0x0000000084200000, 0x0000000084200000|100%| O|  |TAMS 0x0000000084200000, 0x0000000084100000| Untracked 
|  48|0x0000000084200000, 0x0000000084300000, 0x0000000084300000|100%| O|  |TAMS 0x0000000084300000, 0x0000000084200000| Untracked 
|  49|0x0000000084300000, 0x0000000084400000, 0x0000000084400000|100%| O|  |TAMS 0x0000000084400000, 0x0000000084300000| Untracked 
|  50|0x0000000084400000, 0x0000000084500000, 0x0000000084500000|100%| O|  |TAMS 0x0000000084500000, 0x0000000084400000| Untracked 
|  51|0x0000000084500000, 0x0000000084600000, 0x0000000084600000|100%| O|  |TAMS 0x0000000084600000, 0x0000000084500000| Untracked 
|  52|0x0000000084600000, 0x0000000084700000, 0x0000000084700000|100%| O|  |TAMS 0x0000000084700000, 0x0000000084600000| Untracked 
|  53|0x0000000084700000, 0x0000000084800000, 0x0000000084800000|100%| O|  |TAMS 0x0000000084800000, 0x0000000084700000| Untracked 
|  54|0x0000000084800000, 0x0000000084900000, 0x0000000084900000|100%| O|  |TAMS 0x0000000084900000, 0x0000000084800000| Untracked 
|  55|0x0000000084900000, 0x0000000084a00000, 0x0000000084a00000|100%| O|  |TAMS 0x0000000084979000, 0x0000000084900000| Untracked 
|  56|0x0000000084a00000, 0x0000000084b00000, 0x0000000084b00000|100%| O|  |TAMS 0x0000000084a00000, 0x0000000084a00000| Untracked 
|  57|0x0000000084b00000, 0x0000000084c00000, 0x0000000084c00000|100%| O|  |TAMS 0x0000000084b00000, 0x0000000084b00000| Untracked 
|  58|0x0000000084c00000, 0x0000000084d00000, 0x0000000084d00000|100%| O|  |TAMS 0x0000000084c00000, 0x0000000084c00000| Untracked 
|  59|0x0000000084d00000, 0x0000000084e00000, 0x0000000084e00000|100%| O|  |TAMS 0x0000000084d00000, 0x0000000084d00000| Untracked 
|  60|0x0000000084e00000, 0x0000000084f00000, 0x0000000084f00000|100%| O|  |TAMS 0x0000000084e00000, 0x0000000084e00000| Untracked 
|  61|0x0000000084f00000, 0x0000000085000000, 0x0000000085000000|100%| O|  |TAMS 0x0000000084f00000, 0x0000000084f00000| Untracked 
|  62|0x0000000085000000, 0x0000000085100000, 0x0000000085100000|100%| O|  |TAMS 0x0000000085000000, 0x0000000085000000| Untracked 
|  63|0x0000000085100000, 0x0000000085200000, 0x0000000085200000|100%| O|  |TAMS 0x0000000085100000, 0x0000000085100000| Untracked 
|  64|0x0000000085200000, 0x0000000085300000, 0x0000000085300000|100%| O|  |TAMS 0x0000000085200000, 0x0000000085200000| Untracked 
|  65|0x0000000085300000, 0x0000000085400000, 0x0000000085400000|100%| O|  |TAMS 0x0000000085300000, 0x0000000085300000| Untracked 
|  66|0x0000000085400000, 0x0000000085500000, 0x0000000085500000|100%| O|  |TAMS 0x0000000085400000, 0x0000000085400000| Untracked 
|  67|0x0000000085500000, 0x0000000085600000, 0x0000000085600000|100%| O|  |TAMS 0x0000000085500000, 0x0000000085500000| Untracked 
|  68|0x0000000085600000, 0x0000000085700000, 0x0000000085700000|100%| O|  |TAMS 0x0000000085600000, 0x0000000085600000| Untracked 
|  69|0x0000000085700000, 0x0000000085800000, 0x0000000085800000|100%| O|  |TAMS 0x0000000085700000, 0x0000000085700000| Untracked 
|  70|0x0000000085800000, 0x0000000085900000, 0x0000000085900000|100%| O|  |TAMS 0x0000000085800000, 0x0000000085800000| Untracked 
|  71|0x0000000085900000, 0x0000000085954000, 0x0000000085a00000| 32%| O|  |TAMS 0x0000000085900000, 0x0000000085900000| Untracked 
|  72|0x0000000085a00000, 0x0000000085a00000, 0x0000000085b00000|  0%| F|  |TAMS 0x0000000085a00000, 0x0000000085a00000| Untracked 
|  73|0x0000000085b00000, 0x0000000085b00000, 0x0000000085c00000|  0%| F|  |TAMS 0x0000000085b00000, 0x0000000085b00000| Untracked 
|  74|0x0000000085c00000, 0x0000000085c00000, 0x0000000085d00000|  0%| F|  |TAMS 0x0000000085c00000, 0x0000000085c00000| Untracked 
|  75|0x0000000085d00000, 0x0000000085d00000, 0x0000000085e00000|  0%| F|  |TAMS 0x0000000085d00000, 0x0000000085d00000| Untracked 
|  76|0x0000000085e00000, 0x0000000085e00000, 0x0000000085f00000|  0%| F|  |TAMS 0x0000000085e00000, 0x0000000085e00000| Untracked 
|  77|0x0000000085f00000, 0x0000000085f00000, 0x0000000086000000|  0%| F|  |TAMS 0x0000000085f00000, 0x0000000085f00000| Untracked 
|  78|0x0000000086000000, 0x0000000086000000, 0x0000000086100000|  0%| F|  |TAMS 0x0000000086000000, 0x0000000086000000| Untracked 
|  79|0x0000000086100000, 0x0000000086100000, 0x0000000086200000|  0%| F|  |TAMS 0x0000000086100000, 0x0000000086100000| Untracked 
|  80|0x0000000086200000, 0x0000000086200000, 0x0000000086300000|  0%| F|  |TAMS 0x0000000086200000, 0x0000000086200000| Untracked 
|  81|0x0000000086300000, 0x0000000086300000, 0x0000000086400000|  0%| F|  |TAMS 0x0000000086300000, 0x0000000086300000| Untracked 
|  82|0x0000000086400000, 0x0000000086400000, 0x0000000086500000|  0%| F|  |TAMS 0x0000000086400000, 0x0000000086400000| Untracked 
|  83|0x0000000086500000, 0x0000000086500000, 0x0000000086600000|  0%| F|  |TAMS 0x0000000086500000, 0x0000000086500000| Untracked 
|  84|0x0000000086600000, 0x0000000086600000, 0x0000000086700000|  0%| F|  |TAMS 0x0000000086600000, 0x0000000086600000| Untracked 
|  85|0x0000000086700000, 0x0000000086700000, 0x0000000086800000|  0%| F|  |TAMS 0x0000000086700000, 0x0000000086700000| Untracked 
|  86|0x0000000086800000, 0x0000000086800000, 0x0000000086900000|  0%| F|  |TAMS 0x0000000086800000, 0x0000000086800000| Untracked 
|  87|0x0000000086900000, 0x0000000086900000, 0x0000000086a00000|  0%| F|  |TAMS 0x0000000086900000, 0x0000000086900000| Untracked 
|  88|0x0000000086a00000, 0x0000000086a00000, 0x0000000086b00000|  0%| F|  |TAMS 0x0000000086a00000, 0x0000000086a00000| Untracked 
|  89|0x0000000086b00000, 0x0000000086b00000, 0x0000000086c00000|  0%| F|  |TAMS 0x0000000086b00000, 0x0000000086b00000| Untracked 
|  90|0x0000000086c00000, 0x0000000086c00000, 0x0000000086d00000|  0%| F|  |TAMS 0x0000000086c00000, 0x0000000086c00000| Untracked 
|  91|0x0000000086d00000, 0x0000000086d00000, 0x0000000086e00000|  0%| F|  |TAMS 0x0000000086d00000, 0x0000000086d00000| Untracked 
|  92|0x0000000086e00000, 0x0000000086e00000, 0x0000000086f00000|  0%| F|  |TAMS 0x0000000086e00000, 0x0000000086e00000| Untracked 
|  93|0x0000000086f00000, 0x0000000086f00000, 0x0000000087000000|  0%| F|  |TAMS 0x0000000086f00000, 0x0000000086f00000| Untracked 
|  94|0x0000000087000000, 0x0000000087000000, 0x0000000087100000|  0%| F|  |TAMS 0x0000000087000000, 0x0000000087000000| Untracked 
|  95|0x0000000087100000, 0x0000000087100000, 0x0000000087200000|  0%| F|  |TAMS 0x0000000087100000, 0x0000000087100000| Untracked 
|  96|0x0000000087200000, 0x0000000087200000, 0x0000000087300000|  0%| F|  |TAMS 0x0000000087200000, 0x0000000087200000| Untracked 
|  97|0x0000000087300000, 0x0000000087300000, 0x0000000087400000|  0%| F|  |TAMS 0x0000000087300000, 0x0000000087300000| Untracked 
|  98|0x0000000087400000, 0x0000000087400000, 0x0000000087500000|  0%| F|  |TAMS 0x0000000087400000, 0x0000000087400000| Untracked 
|  99|0x0000000087500000, 0x0000000087500000, 0x0000000087600000|  0%| F|  |TAMS 0x0000000087500000, 0x0000000087500000| Untracked 
| 100|0x0000000087600000, 0x0000000087600000, 0x0000000087700000|  0%| F|  |TAMS 0x0000000087600000, 0x0000000087600000| Untracked 
| 101|0x0000000087700000, 0x0000000087700000, 0x0000000087800000|  0%| F|  |TAMS 0x0000000087700000, 0x0000000087700000| Untracked 
| 102|0x0000000087800000, 0x0000000087800000, 0x0000000087900000|  0%| F|  |TAMS 0x0000000087800000, 0x0000000087800000| Untracked 
| 103|0x0000000087900000, 0x0000000087900000, 0x0000000087a00000|  0%| F|  |TAMS 0x0000000087900000, 0x0000000087900000| Untracked 
| 104|0x0000000087a00000, 0x0000000087a00000, 0x0000000087b00000|  0%| F|  |TAMS 0x0000000087a00000, 0x0000000087a00000| Untracked 
| 105|0x0000000087b00000, 0x0000000087b00000, 0x0000000087c00000|  0%| F|  |TAMS 0x0000000087b00000, 0x0000000087b00000| Untracked 
| 106|0x0000000087c00000, 0x0000000087c00000, 0x0000000087d00000|  0%| F|  |TAMS 0x0000000087c00000, 0x0000000087c00000| Untracked 
| 107|0x0000000087d00000, 0x0000000087d00000, 0x0000000087e00000|  0%| F|  |TAMS 0x0000000087d00000, 0x0000000087d00000| Untracked 
| 108|0x0000000087e00000, 0x0000000087e00000, 0x0000000087f00000|  0%| F|  |TAMS 0x0000000087e00000, 0x0000000087e00000| Untracked 
| 109|0x0000000087f00000, 0x0000000088000000, 0x0000000088000000|100%| S|CS|TAMS 0x0000000087f00000, 0x0000000087f00000| Complete 
| 110|0x0000000088000000, 0x0000000088100000, 0x0000000088100000|100%| S|CS|TAMS 0x0000000088000000, 0x0000000088000000| Complete 
| 111|0x0000000088100000, 0x0000000088200000, 0x0000000088200000|100%| S|CS|TAMS 0x0000000088100000, 0x0000000088100000| Complete 
| 112|0x0000000088200000, 0x0000000088300000, 0x0000000088300000|100%| S|CS|TAMS 0x0000000088200000, 0x0000000088200000| Complete 
| 113|0x0000000088300000, 0x0000000088400000, 0x0000000088400000|100%| S|CS|TAMS 0x0000000088300000, 0x0000000088300000| Complete 
| 114|0x0000000088400000, 0x0000000088400000, 0x0000000088500000|  0%| F|  |TAMS 0x0000000088400000, 0x0000000088400000| Untracked 
| 115|0x0000000088500000, 0x0000000088500000, 0x0000000088600000|  0%| F|  |TAMS 0x0000000088500000, 0x0000000088500000| Untracked 
| 116|0x0000000088600000, 0x0000000088600000, 0x0000000088700000|  0%| F|  |TAMS 0x0000000088600000, 0x0000000088600000| Untracked 
| 117|0x0000000088700000, 0x0000000088700000, 0x0000000088800000|  0%| F|  |TAMS 0x0000000088700000, 0x0000000088700000| Untracked 
| 118|0x0000000088800000, 0x0000000088900000, 0x0000000088900000|100%| S|CS|TAMS 0x0000000088800000, 0x0000000088800000| Complete 
| 119|0x0000000088900000, 0x0000000088a00000, 0x0000000088a00000|100%| S|CS|TAMS 0x0000000088900000, 0x0000000088900000| Complete 
| 120|0x0000000088a00000, 0x0000000088b00000, 0x0000000088b00000|100%| S|CS|TAMS 0x0000000088a00000, 0x0000000088a00000| Complete 
| 121|0x0000000088b00000, 0x0000000088c00000, 0x0000000088c00000|100%| S|CS|TAMS 0x0000000088b00000, 0x0000000088b00000| Complete 
| 122|0x0000000088c00000, 0x0000000088d00000, 0x0000000088d00000|100%| S|CS|TAMS 0x0000000088c00000, 0x0000000088c00000| Complete 
| 123|0x0000000088d00000, 0x0000000088e00000, 0x0000000088e00000|100%| S|CS|TAMS 0x0000000088d00000, 0x0000000088d00000| Complete 
| 124|0x0000000088e00000, 0x0000000088e00000, 0x0000000088f00000|  0%| F|  |TAMS 0x0000000088e00000, 0x0000000088e00000| Untracked 
| 125|0x0000000088f00000, 0x0000000088f00000, 0x0000000089000000|  0%| F|  |TAMS 0x0000000088f00000, 0x0000000088f00000| Untracked 
| 126|0x0000000089000000, 0x0000000089000000, 0x0000000089100000|  0%| F|  |TAMS 0x0000000089000000, 0x0000000089000000| Untracked 
| 127|0x0000000089100000, 0x0000000089100000, 0x0000000089200000|  0%| F|  |TAMS 0x0000000089100000, 0x0000000089100000| Untracked 
| 128|0x0000000089200000, 0x0000000089200000, 0x0000000089300000|  0%| F|  |TAMS 0x0000000089200000, 0x0000000089200000| Untracked 
| 129|0x0000000089300000, 0x0000000089300000, 0x0000000089400000|  0%| F|  |TAMS 0x0000000089300000, 0x0000000089300000| Untracked 
| 130|0x0000000089400000, 0x0000000089400000, 0x0000000089500000|  0%| F|  |TAMS 0x0000000089400000, 0x0000000089400000| Untracked 
| 131|0x0000000089500000, 0x0000000089500000, 0x0000000089600000|  0%| F|  |TAMS 0x0000000089500000, 0x0000000089500000| Untracked 
| 132|0x0000000089600000, 0x0000000089600000, 0x0000000089700000|  0%| F|  |TAMS 0x0000000089600000, 0x0000000089600000| Untracked 
| 133|0x0000000089700000, 0x0000000089700000, 0x0000000089800000|  0%| F|  |TAMS 0x0000000089700000, 0x0000000089700000| Untracked 
| 134|0x0000000089800000, 0x0000000089800000, 0x0000000089900000|  0%| F|  |TAMS 0x0000000089800000, 0x0000000089800000| Untracked 
| 135|0x0000000089900000, 0x0000000089900000, 0x0000000089a00000|  0%| F|  |TAMS 0x0000000089900000, 0x0000000089900000| Untracked 
| 136|0x0000000089a00000, 0x0000000089a00000, 0x0000000089b00000|  0%| F|  |TAMS 0x0000000089a00000, 0x0000000089a00000| Untracked 
| 137|0x0000000089b00000, 0x0000000089b00000, 0x0000000089c00000|  0%| F|  |TAMS 0x0000000089b00000, 0x0000000089b00000| Untracked 
| 138|0x0000000089c00000, 0x0000000089c00000, 0x0000000089d00000|  0%| F|  |TAMS 0x0000000089c00000, 0x0000000089c00000| Untracked 
| 139|0x0000000089d00000, 0x0000000089d00000, 0x0000000089e00000|  0%| F|  |TAMS 0x0000000089d00000, 0x0000000089d00000| Untracked 
| 140|0x0000000089e00000, 0x0000000089e00000, 0x0000000089f00000|  0%| F|  |TAMS 0x0000000089e00000, 0x0000000089e00000| Untracked 
| 141|0x0000000089f00000, 0x0000000089f00000, 0x000000008a000000|  0%| F|  |TAMS 0x0000000089f00000, 0x0000000089f00000| Untracked 
| 142|0x000000008a000000, 0x000000008a000000, 0x000000008a100000|  0%| F|  |TAMS 0x000000008a000000, 0x000000008a000000| Untracked 
| 143|0x000000008a100000, 0x000000008a100000, 0x000000008a200000|  0%| F|  |TAMS 0x000000008a100000, 0x000000008a100000| Untracked 
| 144|0x000000008a200000, 0x000000008a200000, 0x000000008a300000|  0%| F|  |TAMS 0x000000008a200000, 0x000000008a200000| Untracked 
| 145|0x000000008a300000, 0x000000008a300000, 0x000000008a400000|  0%| F|  |TAMS 0x000000008a300000, 0x000000008a300000| Untracked 
| 146|0x000000008a400000, 0x000000008a400000, 0x000000008a500000|  0%| F|  |TAMS 0x000000008a400000, 0x000000008a400000| Untracked 
| 147|0x000000008a500000, 0x000000008a500000, 0x000000008a600000|  0%| F|  |TAMS 0x000000008a500000, 0x000000008a500000| Untracked 
| 148|0x000000008a600000, 0x000000008a600000, 0x000000008a700000|  0%| F|  |TAMS 0x000000008a600000, 0x000000008a600000| Untracked 
| 149|0x000000008a700000, 0x000000008a700000, 0x000000008a800000|  0%| F|  |TAMS 0x000000008a700000, 0x000000008a700000| Untracked 
| 150|0x000000008a800000, 0x000000008a800000, 0x000000008a900000|  0%| F|  |TAMS 0x000000008a800000, 0x000000008a800000| Untracked 
| 151|0x000000008a900000, 0x000000008a900000, 0x000000008aa00000|  0%| F|  |TAMS 0x000000008a900000, 0x000000008a900000| Untracked 
| 152|0x000000008aa00000, 0x000000008aa00000, 0x000000008ab00000|  0%| F|  |TAMS 0x000000008aa00000, 0x000000008aa00000| Untracked 
| 153|0x000000008ab00000, 0x000000008ab00000, 0x000000008ac00000|  0%| F|  |TAMS 0x000000008ab00000, 0x000000008ab00000| Untracked 
| 154|0x000000008ac00000, 0x000000008ac00000, 0x000000008ad00000|  0%| F|  |TAMS 0x000000008ac00000, 0x000000008ac00000| Untracked 
| 155|0x000000008ad00000, 0x000000008ad00000, 0x000000008ae00000|  0%| F|  |TAMS 0x000000008ad00000, 0x000000008ad00000| Untracked 
| 156|0x000000008ae00000, 0x000000008ae00000, 0x000000008af00000|  0%| F|  |TAMS 0x000000008ae00000, 0x000000008ae00000| Untracked 
| 157|0x000000008af00000, 0x000000008af00000, 0x000000008b000000|  0%| F|  |TAMS 0x000000008af00000, 0x000000008af00000| Untracked 
| 158|0x000000008b000000, 0x000000008b000000, 0x000000008b100000|  0%| F|  |TAMS 0x000000008b000000, 0x000000008b000000| Untracked 
| 159|0x000000008b100000, 0x000000008b100000, 0x000000008b200000|  0%| F|  |TAMS 0x000000008b100000, 0x000000008b100000| Untracked 
| 160|0x000000008b200000, 0x000000008b200000, 0x000000008b300000|  0%| F|  |TAMS 0x000000008b200000, 0x000000008b200000| Untracked 
| 161|0x000000008b300000, 0x000000008b300000, 0x000000008b400000|  0%| F|  |TAMS 0x000000008b300000, 0x000000008b300000| Untracked 
| 162|0x000000008b400000, 0x000000008b400000, 0x000000008b500000|  0%| F|  |TAMS 0x000000008b400000, 0x000000008b400000| Untracked 
| 163|0x000000008b500000, 0x000000008b500000, 0x000000008b600000|  0%| F|  |TAMS 0x000000008b500000, 0x000000008b500000| Untracked 
| 164|0x000000008b600000, 0x000000008b600000, 0x000000008b700000|  0%| F|  |TAMS 0x000000008b600000, 0x000000008b600000| Untracked 
| 165|0x000000008b700000, 0x000000008b700000, 0x000000008b800000|  0%| F|  |TAMS 0x000000008b700000, 0x000000008b700000| Untracked 
| 166|0x000000008b800000, 0x000000008b800000, 0x000000008b900000|  0%| F|  |TAMS 0x000000008b800000, 0x000000008b800000| Untracked 
| 167|0x000000008b900000, 0x000000008b900000, 0x000000008ba00000|  0%| F|  |TAMS 0x000000008b900000, 0x000000008b900000| Untracked 
| 168|0x000000008ba00000, 0x000000008ba00000, 0x000000008bb00000|  0%| F|  |TAMS 0x000000008ba00000, 0x000000008ba00000| Untracked 
| 169|0x000000008bb00000, 0x000000008bb00000, 0x000000008bc00000|  0%| F|  |TAMS 0x000000008bb00000, 0x000000008bb00000| Untracked 
| 170|0x000000008bc00000, 0x000000008bc00000, 0x000000008bd00000|  0%| F|  |TAMS 0x000000008bc00000, 0x000000008bc00000| Untracked 
| 171|0x000000008bd00000, 0x000000008bd00000, 0x000000008be00000|  0%| F|  |TAMS 0x000000008bd00000, 0x000000008bd00000| Untracked 
| 172|0x000000008be00000, 0x000000008be00000, 0x000000008bf00000|  0%| F|  |TAMS 0x000000008be00000, 0x000000008be00000| Untracked 
| 173|0x000000008bf00000, 0x000000008bf00000, 0x000000008c000000|  0%| F|  |TAMS 0x000000008bf00000, 0x000000008bf00000| Untracked 
| 174|0x000000008c000000, 0x000000008c000000, 0x000000008c100000|  0%| F|  |TAMS 0x000000008c000000, 0x000000008c000000| Untracked 
| 175|0x000000008c100000, 0x000000008c100000, 0x000000008c200000|  0%| F|  |TAMS 0x000000008c100000, 0x000000008c100000| Untracked 
| 176|0x000000008c200000, 0x000000008c200000, 0x000000008c300000|  0%| F|  |TAMS 0x000000008c200000, 0x000000008c200000| Untracked 
| 177|0x000000008c300000, 0x000000008c300000, 0x000000008c400000|  0%| F|  |TAMS 0x000000008c300000, 0x000000008c300000| Untracked 
| 178|0x000000008c400000, 0x000000008c400000, 0x000000008c500000|  0%| F|  |TAMS 0x000000008c400000, 0x000000008c400000| Untracked 
| 179|0x000000008c500000, 0x000000008c500000, 0x000000008c600000|  0%| F|  |TAMS 0x000000008c500000, 0x000000008c500000| Untracked 
| 180|0x000000008c600000, 0x000000008c600000, 0x000000008c700000|  0%| F|  |TAMS 0x000000008c600000, 0x000000008c600000| Untracked 
| 181|0x000000008c700000, 0x000000008c700000, 0x000000008c800000|  0%| F|  |TAMS 0x000000008c700000, 0x000000008c700000| Untracked 
| 182|0x000000008c800000, 0x000000008c800000, 0x000000008c900000|  0%| F|  |TAMS 0x000000008c800000, 0x000000008c800000| Untracked 
| 183|0x000000008c900000, 0x000000008c900000, 0x000000008ca00000|  0%| F|  |TAMS 0x000000008c900000, 0x000000008c900000| Untracked 
| 184|0x000000008ca00000, 0x000000008ca00000, 0x000000008cb00000|  0%| F|  |TAMS 0x000000008ca00000, 0x000000008ca00000| Untracked 
| 185|0x000000008cb00000, 0x000000008cb00000, 0x000000008cc00000|  0%| F|  |TAMS 0x000000008cb00000, 0x000000008cb00000| Untracked 
| 186|0x000000008cc00000, 0x000000008cc00000, 0x000000008cd00000|  0%| F|  |TAMS 0x000000008cc00000, 0x000000008cc00000| Untracked 
| 187|0x000000008cd00000, 0x000000008cd00000, 0x000000008ce00000|  0%| F|  |TAMS 0x000000008cd00000, 0x000000008cd00000| Untracked 
| 188|0x000000008ce00000, 0x000000008ce00000, 0x000000008cf00000|  0%| F|  |TAMS 0x000000008ce00000, 0x000000008ce00000| Untracked 
| 189|0x000000008cf00000, 0x000000008cf00000, 0x000000008d000000|  0%| F|  |TAMS 0x000000008cf00000, 0x000000008cf00000| Untracked 
| 190|0x000000008d000000, 0x000000008d000000, 0x000000008d100000|  0%| F|  |TAMS 0x000000008d000000, 0x000000008d000000| Untracked 
| 191|0x000000008d100000, 0x000000008d100000, 0x000000008d200000|  0%| F|  |TAMS 0x000000008d100000, 0x000000008d100000| Untracked 
| 192|0x000000008d200000, 0x000000008d200000, 0x000000008d300000|  0%| F|  |TAMS 0x000000008d200000, 0x000000008d200000| Untracked 
| 193|0x000000008d300000, 0x000000008d300000, 0x000000008d400000|  0%| F|  |TAMS 0x000000008d300000, 0x000000008d300000| Untracked 
| 194|0x000000008d400000, 0x000000008d400000, 0x000000008d500000|  0%| F|  |TAMS 0x000000008d400000, 0x000000008d400000| Untracked 
| 195|0x000000008d500000, 0x000000008d500000, 0x000000008d600000|  0%| F|  |TAMS 0x000000008d500000, 0x000000008d500000| Untracked 
| 196|0x000000008d600000, 0x000000008d600000, 0x000000008d700000|  0%| F|  |TAMS 0x000000008d600000, 0x000000008d600000| Untracked 
| 197|0x000000008d700000, 0x000000008d700000, 0x000000008d800000|  0%| F|  |TAMS 0x000000008d700000, 0x000000008d700000| Untracked 
| 198|0x000000008d800000, 0x000000008d800000, 0x000000008d900000|  0%| F|  |TAMS 0x000000008d800000, 0x000000008d800000| Untracked 
| 199|0x000000008d900000, 0x000000008d900000, 0x000000008da00000|  0%| F|  |TAMS 0x000000008d900000, 0x000000008d900000| Untracked 
| 200|0x000000008da00000, 0x000000008da00000, 0x000000008db00000|  0%| F|  |TAMS 0x000000008da00000, 0x000000008da00000| Untracked 
| 201|0x000000008db00000, 0x000000008db00000, 0x000000008dc00000|  0%| F|  |TAMS 0x000000008db00000, 0x000000008db00000| Untracked 
| 202|0x000000008dc00000, 0x000000008dc00000, 0x000000008dd00000|  0%| F|  |TAMS 0x000000008dc00000, 0x000000008dc00000| Untracked 
| 203|0x000000008dd00000, 0x000000008dd00000, 0x000000008de00000|  0%| F|  |TAMS 0x000000008dd00000, 0x000000008dd00000| Untracked 
| 204|0x000000008de00000, 0x000000008de00000, 0x000000008df00000|  0%| F|  |TAMS 0x000000008de00000, 0x000000008de00000| Untracked 
| 205|0x000000008df00000, 0x000000008df00000, 0x000000008e000000|  0%| F|  |TAMS 0x000000008df00000, 0x000000008df00000| Untracked 
| 206|0x000000008e000000, 0x000000008e000000, 0x000000008e100000|  0%| F|  |TAMS 0x000000008e000000, 0x000000008e000000| Untracked 
| 207|0x000000008e100000, 0x000000008e100000, 0x000000008e200000|  0%| F|  |TAMS 0x000000008e100000, 0x000000008e100000| Untracked 
| 208|0x000000008e200000, 0x000000008e200000, 0x000000008e300000|  0%| F|  |TAMS 0x000000008e200000, 0x000000008e200000| Untracked 
| 209|0x000000008e300000, 0x000000008e300000, 0x000000008e400000|  0%| F|  |TAMS 0x000000008e300000, 0x000000008e300000| Untracked 
| 210|0x000000008e400000, 0x000000008e400000, 0x000000008e500000|  0%| F|  |TAMS 0x000000008e400000, 0x000000008e400000| Untracked 
| 211|0x000000008e500000, 0x000000008e500000, 0x000000008e600000|  0%| F|  |TAMS 0x000000008e500000, 0x000000008e500000| Untracked 
| 212|0x000000008e600000, 0x000000008e600000, 0x000000008e700000|  0%| F|  |TAMS 0x000000008e600000, 0x000000008e600000| Untracked 
| 213|0x000000008e700000, 0x000000008e700000, 0x000000008e800000|  0%| F|  |TAMS 0x000000008e700000, 0x000000008e700000| Untracked 
| 214|0x000000008e800000, 0x000000008e800000, 0x000000008e900000|  0%| F|  |TAMS 0x000000008e800000, 0x000000008e800000| Untracked 
| 215|0x000000008e900000, 0x000000008e900000, 0x000000008ea00000|  0%| F|  |TAMS 0x000000008e900000, 0x000000008e900000| Untracked 
| 216|0x000000008ea00000, 0x000000008ea00000, 0x000000008eb00000|  0%| F|  |TAMS 0x000000008ea00000, 0x000000008ea00000| Untracked 
| 217|0x000000008eb00000, 0x000000008eb00000, 0x000000008ec00000|  0%| F|  |TAMS 0x000000008eb00000, 0x000000008eb00000| Untracked 
| 218|0x000000008ec00000, 0x000000008ec00000, 0x000000008ed00000|  0%| F|  |TAMS 0x000000008ec00000, 0x000000008ec00000| Untracked 

Card table byte_map: [0x000001550daa0000,0x000001550dea0000] _byte_map_base: 0x000001550d697000

Marking Bits (Prev, Next): (CMBitMap*) 0x0000015507a6e560, (CMBitMap*) 0x0000015507a6e520
 Prev Bits: [0x0000015510260000, 0x0000015512218000)
 Next Bits: [0x000001550e2a0000, 0x0000015510258000)

Polling page: 0x0000015505760000

Metaspace:

Usage:
  Non-class:     33.56 MB used.
      Class:      4.86 MB used.
       Both:     38.42 MB used.

Virtual space:
  Non-class space:       40.00 MB reserved,      33.75 MB ( 84%) committed,  5 nodes.
      Class space:        1.00 GB reserved,       5.06 MB ( <1%) committed,  1 nodes.
             Both:        1.04 GB reserved,      38.81 MB (  4%) committed. 

Chunk freelists:
   Non-Class:  1.46 MB
       Class:  2.98 MB
        Both:  4.44 MB

MaxMetaspaceSize: unlimited
CompressedClassSpaceSize: 1.00 GB
Initial GC threshold: 21.00 MB
Current GC threshold: 64.69 MB
CDS: off
MetaspaceReclaimPolicy: balanced
 - commit_granule_bytes: 65536.
 - commit_granule_words: 8192.
 - virtual_space_node_default_size: 1048576.
 - enlarge_chunks_in_place: 1.
 - new_chunks_are_fully_committed: 0.
 - uncommit_free_chunks: 1.
 - use_allocation_guard: 0.
 - handle_deallocations: 1.


Internal statistics:

num_allocs_failed_limit: 6.
num_arena_births: 384.
num_arena_deaths: 0.
num_vsnodes_births: 6.
num_vsnodes_deaths: 0.
num_space_committed: 621.
num_space_uncommitted: 0.
num_chunks_returned_to_freelist: 6.
num_chunks_taken_from_freelist: 1538.
num_chunk_merges: 6.
num_chunk_splits: 1060.
num_chunks_enlarged: 818.
num_purges: 0.
num_inconsistent_stats: 0.

CodeCache: size=49152Kb used=9032Kb max_used=9032Kb free=40119Kb
 bounds [0x000001550a6a0000, 0x000001550af80000, 0x000001550d6a0000]
 total_blobs=4593 nmethods=4057 adapters=462
 compilation: enabled
              stopped_count=0, restarted_count=0
 full_count=0

Compilation events (20 events):
Event: 6.664 Thread 0x000001551524a0a0 nmethod 4046 0x000001550af6bd10 code [0x000001550af6bf20, 0x000001550af6c448]
Event: 6.664 Thread 0x0000015514528fe0 4049   !   1       nonapi.io.github.classgraph.fileslice.reader.ClassfileReader::close (43 bytes)
Event: 6.665 Thread 0x0000015514528fe0 nmethod 4049 0x000001550af6c690 code [0x000001550af6c840, 0x000001550af6ca18]
Event: 6.665 Thread 0x0000015514528fe0 4050       1       jdk.internal.module.SystemModuleFinders$SystemModuleReader$$Lambda$132/0x00000001001e9f30::apply (12 bytes)
Event: 6.665 Thread 0x0000015514528fe0 nmethod 4050 0x000001550af6cb10 code [0x000001550af6cca0, 0x000001550af6cdc8]
Event: 6.666 Thread 0x0000015515270450 nmethod 4044 0x000001550af6ce90 code [0x000001550af6d200, 0x000001550af6e068]
Event: 6.666 Thread 0x0000015515270450 4051   !   1       jdk.internal.module.SystemModuleFinders$SystemModuleReader::toInputStream (43 bytes)
Event: 6.667 Thread 0x0000015515270450 nmethod 4051 0x000001550af6e910 code [0x000001550af6eb00, 0x000001550af6f028]
Event: 6.672 Thread 0x0000015515270450 4052       1       nonapi.io.github.classgraph.utils.ProxyingInputStream::read (11 bytes)
Event: 6.674 Thread 0x0000015515270450 nmethod 4052 0x000001550af6f310 code [0x000001550af6f4a0, 0x000001550af6f588]
Event: 6.677 Thread 0x0000015515270450 4053  s!   1       jdk.internal.loader.URLClassPath::getLoader (196 bytes)
Event: 6.679 Thread 0x0000015515270450 nmethod 4053 0x000001550af6f610 code [0x000001550af6f8c0, 0x000001550af702d8]
Event: 6.929 Thread 0x000001551524a0a0 4054       1       java.util.concurrent.locks.ReentrantLock$NonfairSync::tryAcquire (27 bytes)
Event: 6.929 Thread 0x000001551524a0a0 nmethod 4054 0x000001550af70f90 code [0x000001550af71120, 0x000001550af71298]
Event: 6.967 Thread 0x0000015514528fe0 4055       1       java.util.concurrent.locks.AbstractQueuedSynchronizer::acquireInterruptibly (36 bytes)
Event: 6.968 Thread 0x0000015514528fe0 nmethod 4055 0x000001550af71310 code [0x000001550af714e0, 0x000001550af71738]
Event: 6.998 Thread 0x0000015514528fe0 4056       1       java.util.concurrent.ConcurrentHashMap::resizeStamp (9 bytes)
Event: 6.998 Thread 0x0000015514528fe0 nmethod 4056 0x000001550af71890 code [0x000001550af71a20, 0x000001550af71ae8]
Event: 6.998 Thread 0x0000015515270450 4057       1       java.util.concurrent.ConcurrentHashMap::helpTransfer (123 bytes)
Event: 6.999 Thread 0x0000015515270450 nmethod 4057 0x000001550af71b90 code [0x000001550af71d40, 0x000001550af71fb8]

GC Heap History (20 events):
Event: 5.690 GC heap after
{Heap after GC invocations=13 (full 0):
 garbage-first heap   total 58368K, used 24457K [0x0000000081200000, 0x0000000100000000)
  region size 1024K, 1 young (1024K), 1 survivors (1024K)
 Metaspace       used 36689K, committed 36992K, reserved 1081344K
  class space    used 4713K, committed 4864K, reserved 1048576K
}
Event: 5.791 GC heap before
{Heap before GC invocations=13 (full 0):
 garbage-first heap   total 58368K, used 41865K [0x0000000081200000, 0x0000000100000000)
  region size 1024K, 19 young (19456K), 1 survivors (1024K)
 Metaspace       used 37038K, committed 37312K, reserved 1081344K
  class space    used 4748K, committed 4864K, reserved 1048576K
}
Event: 5.796 GC heap after
{Heap after GC invocations=14 (full 0):
 garbage-first heap   total 116736K, used 27582K [0x0000000081200000, 0x0000000100000000)
  region size 1024K, 3 young (3072K), 3 survivors (3072K)
 Metaspace       used 37038K, committed 37312K, reserved 1081344K
  class space    used 4748K, committed 4864K, reserved 1048576K
}
Event: 5.996 GC heap before
{Heap before GC invocations=14 (full 0):
 garbage-first heap   total 116736K, used 82877K [0x0000000081200000, 0x0000000100000000)
  region size 1024K, 58 young (59392K), 3 survivors (3072K)
 Metaspace       used 38298K, committed 38656K, reserved 1089536K
  class space    used 4839K, committed 4992K, reserved 1048576K
}
Event: 6.011 GC heap after
{Heap after GC invocations=15 (full 0):
 garbage-first heap   total 116736K, used 36798K [0x0000000081200000, 0x0000000100000000)
  region size 1024K, 8 young (8192K), 8 survivors (8192K)
 Metaspace       used 38298K, committed 38656K, reserved 1089536K
  class space    used 4839K, committed 4992K, reserved 1048576K
}
Event: 6.154 GC heap before
{Heap before GC invocations=15 (full 0):
 garbage-first heap   total 116736K, used 79806K [0x0000000081200000, 0x0000000100000000)
  region size 1024K, 50 young (51200K), 8 survivors (8192K)
 Metaspace       used 38768K, committed 39168K, reserved 1089536K
  class space    used 4890K, committed 5056K, reserved 1048576K
}
Event: 6.176 GC heap after
{Heap after GC invocations=16 (full 0):
 garbage-first heap   total 116736K, used 47870K [0x0000000081200000, 0x0000000100000000)
  region size 1024K, 7 young (7168K), 7 survivors (7168K)
 Metaspace       used 38768K, committed 39168K, reserved 1089536K
  class space    used 4890K, committed 5056K, reserved 1048576K
}
Event: 6.541 GC heap before
{Heap before GC invocations=16 (full 0):
 garbage-first heap   total 116736K, used 83710K [0x0000000081200000, 0x0000000100000000)
  region size 1024K, 41 young (41984K), 7 survivors (7168K)
 Metaspace       used 39138K, committed 39488K, reserved 1089536K
  class space    used 4954K, committed 5120K, reserved 1048576K
}
Event: 6.569 GC heap after
{Heap after GC invocations=17 (full 0):
 garbage-first heap   total 116736K, used 62882K [0x0000000081200000, 0x0000000100000000)
  region size 1024K, 6 young (6144K), 6 survivors (6144K)
 Metaspace       used 39138K, committed 39488K, reserved 1089536K
  class space    used 4954K, committed 5120K, reserved 1048576K
}
Event: 6.623 GC heap before
{Heap before GC invocations=17 (full 0):
 garbage-first heap   total 116736K, used 83362K [0x0000000081200000, 0x0000000100000000)
  region size 1024K, 27 young (27648K), 6 survivors (6144K)
 Metaspace       used 39228K, committed 39616K, reserved 1089536K
  class space    used 4964K, committed 5120K, reserved 1048576K
}
Event: 6.649 GC heap after
{Heap after GC invocations=18 (full 0):
 garbage-first heap   total 224256K, used 68030K [0x0000000081200000, 0x0000000100000000)
  region size 1024K, 4 young (4096K), 4 survivors (4096K)
 Metaspace       used 39228K, committed 39616K, reserved 1089536K
  class space    used 4964K, committed 5120K, reserved 1048576K
}
Event: 6.736 GC heap before
{Heap before GC invocations=18 (full 0):
 garbage-first heap   total 224256K, used 134590K [0x0000000081200000, 0x0000000100000000)
  region size 1024K, 70 young (71680K), 4 survivors (4096K)
 Metaspace       used 39341K, committed 39744K, reserved 1089536K
  class space    used 4977K, committed 5184K, reserved 1048576K
}
Event: 6.752 GC heap after
{Heap after GC invocations=19 (full 0):
 garbage-first heap   total 224256K, used 70999K [0x0000000081200000, 0x0000000100000000)
  region size 1024K, 7 young (7168K), 7 survivors (7168K)
 Metaspace       used 39341K, committed 39744K, reserved 1089536K
  class space    used 4977K, committed 5184K, reserved 1048576K
}
Event: 6.833 GC heap before
{Heap before GC invocations=19 (full 0):
 garbage-first heap   total 224256K, used 152919K [0x0000000081200000, 0x0000000100000000)
  region size 1024K, 88 young (90112K), 7 survivors (7168K)
 Metaspace       used 39341K, committed 39744K, reserved 1089536K
  class space    used 4977K, committed 5184K, reserved 1048576K
}
Event: 6.846 GC heap after
{Heap after GC invocations=20 (full 0):
 garbage-first heap   total 224256K, used 74754K [0x0000000081200000, 0x0000000100000000)
  region size 1024K, 7 young (7168K), 7 survivors (7168K)
 Metaspace       used 39341K, committed 39744K, reserved 1089536K
  class space    used 4977K, committed 5184K, reserved 1048576K
}
Event: 6.916 GC heap before
{Heap before GC invocations=20 (full 0):
 garbage-first heap   total 224256K, used 158722K [0x0000000081200000, 0x0000000100000000)
  region size 1024K, 91 young (93184K), 7 survivors (7168K)
 Metaspace       used 39341K, committed 39744K, reserved 1089536K
  class space    used 4977K, committed 5184K, reserved 1048576K
}
Event: 6.922 GC heap after
{Heap after GC invocations=21 (full 0):
 garbage-first heap   total 224256K, used 77087K [0x0000000081200000, 0x0000000100000000)
  region size 1024K, 10 young (10240K), 10 survivors (10240K)
 Metaspace       used 39341K, committed 39744K, reserved 1089536K
  class space    used 4977K, committed 5184K, reserved 1048576K
}
Event: 6.976 GC heap before
{Heap before GC invocations=22 (full 0):
 garbage-first heap   total 224256K, used 166175K [0x0000000081200000, 0x0000000100000000)
  region size 1024K, 98 young (100352K), 10 survivors (10240K)
 Metaspace       used 39341K, committed 39744K, reserved 1089536K
  class space    used 4977K, committed 5184K, reserved 1048576K
}
Event: 6.985 GC heap after
{Heap after GC invocations=23 (full 0):
 garbage-first heap   total 224256K, used 79944K [0x0000000081200000, 0x0000000100000000)
  region size 1024K, 7 young (7168K), 7 survivors (7168K)
 Metaspace       used 39341K, committed 39744K, reserved 1089536K
  class space    used 4977K, committed 5184K, reserved 1048576K
}
Event: 7.047 GC heap before
{Heap before GC invocations=23 (full 0):
 garbage-first heap   total 224256K, used 172104K [0x0000000081200000, 0x0000000100000000)
  region size 1024K, 99 young (101376K), 7 survivors (7168K)
 Metaspace       used 39341K, committed 39744K, reserved 1089536K
  class space    used 4977K, committed 5184K, reserved 1048576K
}

Dll operation events (8 events):
Event: 0.012 Loaded shared library c:\Users\Micro\.vscode\extensions\redhat.java-1.13.0-win32-x64\jre\17.0.5-win32-x86_64\bin\java.dll
Event: 0.403 Loaded shared library C:\Users\Micro\.vscode\extensions\redhat.java-1.13.0-win32-x64\jre\17.0.5-win32-x86_64\bin\net.dll
Event: 0.409 Loaded shared library C:\Users\Micro\.vscode\extensions\redhat.java-1.13.0-win32-x64\jre\17.0.5-win32-x86_64\bin\nio.dll
Event: 0.424 Loaded shared library C:\Users\Micro\.vscode\extensions\redhat.java-1.13.0-win32-x64\jre\17.0.5-win32-x86_64\bin\zip.dll
Event: 0.862 Loaded shared library c:\Users\Micro\.vscode\extensions\redhat.java-1.13.0-win32-x64\jre\17.0.5-win32-x86_64\bin\verify.dll
Event: 0.879 Loaded shared library C:\Users\Micro\.vscode\extensions\redhat.java-1.13.0-win32-x64\jre\17.0.5-win32-x86_64\bin\jimage.dll
Event: 2.086 Loaded shared library C:\Users\Micro\.vscode\extensions\redhat.java-1.13.0-win32-x64\jre\17.0.5-win32-x86_64\bin\management.dll
Event: 2.088 Loaded shared library C:\Users\Micro\.vscode\extensions\redhat.java-1.13.0-win32-x64\jre\17.0.5-win32-x86_64\bin\management_ext.dll

Deoptimization events (10 events):
Event: 2.357 Thread 0x0000015507a12d60 DEOPT PACKING pc=0x000001550ab76a19 sp=0x0000003bb76fd7c0
Event: 2.357 Thread 0x0000015507a12d60 DEOPT UNPACKING pc=0x000001550a6f2b24 sp=0x0000003bb76fcca0 mode 3
Event: 5.077 Thread 0x000001551641ef80 DEOPT PACKING pc=0x000001550ad99a35 sp=0x0000003bb92fd8d0
Event: 5.077 Thread 0x000001551641ef80 DEOPT UNPACKING pc=0x000001550a6f2b24 sp=0x0000003bb92fcdf8 mode 3
Event: 5.285 Thread 0x000001551656e890 DEOPT PACKING pc=0x000001550ab74e01 sp=0x0000003bb91fd9f0
Event: 5.285 Thread 0x000001551656e890 DEOPT UNPACKING pc=0x000001550a6f2b24 sp=0x0000003bb91fce80 mode 3
Event: 5.323 Thread 0x000001551665e5e0 DEOPT PACKING pc=0x000001550adbcc2b sp=0x0000003bb97fe5b0
Event: 5.323 Thread 0x000001551665e5e0 DEOPT UNPACKING pc=0x000001550a6f2b24 sp=0x0000003bb97fdaf8 mode 3
Event: 6.239 Thread 0x000001551641ef80 DEOPT PACKING pc=0x000001550ab72917 sp=0x0000003bb92fef40
Event: 6.239 Thread 0x000001551641ef80 DEOPT UNPACKING pc=0x000001550a6f2b24 sp=0x0000003bb92fe398 mode 3

Classes unloaded (0 events):
No events

Classes redefined (0 events):
No events

Internal exceptions (20 events):
Event: 5.396 Thread 0x00000155166be4c0 Exception <a 'sun/nio/fs/WindowsException'{0x00000000891217c0}> (0x00000000891217c0) 
thrown [s\src\hotspot\share\prims\jni.cpp, line 516]
Event: 5.396 Thread 0x00000155166be4c0 Exception <a 'sun/nio/fs/WindowsException'{0x0000000089121b68}> (0x0000000089121b68) 
thrown [s\src\hotspot\share\prims\jni.cpp, line 516]
Event: 5.398 Thread 0x00000155166be4c0 Exception <a 'sun/nio/fs/WindowsException'{0x0000000089122568}> (0x0000000089122568) 
thrown [s\src\hotspot\share\prims\jni.cpp, line 516]
Event: 5.398 Thread 0x00000155166be4c0 Exception <a 'sun/nio/fs/WindowsException'{0x0000000089122928}> (0x0000000089122928) 
thrown [s\src\hotspot\share\prims\jni.cpp, line 516]
Event: 5.399 Thread 0x00000155166be4c0 Exception <a 'sun/nio/fs/WindowsException'{0x0000000089123328}> (0x0000000089123328) 
thrown [s\src\hotspot\share\prims\jni.cpp, line 516]
Event: 5.399 Thread 0x00000155166be4c0 Exception <a 'sun/nio/fs/WindowsException'{0x00000000891236d8}> (0x00000000891236d8) 
thrown [s\src\hotspot\share\prims\jni.cpp, line 516]
Event: 5.399 Thread 0x00000155166be4c0 Exception <a 'sun/nio/fs/WindowsException'{0x00000000891240d8}> (0x00000000891240d8) 
thrown [s\src\hotspot\share\prims\jni.cpp, line 516]
Event: 5.399 Thread 0x00000155166be4c0 Exception <a 'sun/nio/fs/WindowsException'{0x0000000089124498}> (0x0000000089124498) 
thrown [s\src\hotspot\share\prims\jni.cpp, line 516]
Event: 5.399 Thread 0x00000155166be4c0 Exception <a 'sun/nio/fs/WindowsException'{0x0000000089124ec0}> (0x0000000089124ec0) 
thrown [s\src\hotspot\share\prims\jni.cpp, line 516]
Event: 5.400 Thread 0x00000155166be4c0 Exception <a 'sun/nio/fs/WindowsException'{0x00000000891a0cd8}> (0x00000000891a0cd8) 
thrown [s\src\hotspot\share\prims\jni.cpp, line 516]
Event: 5.400 Thread 0x00000155166be4c0 Exception <a 'sun/nio/fs/WindowsException'{0x00000000891a1710}> (0x00000000891a1710) 
thrown [s\src\hotspot\share\prims\jni.cpp, line 516]
Event: 5.400 Thread 0x00000155166be4c0 Exception <a 'sun/nio/fs/WindowsException'{0x00000000891a1b00}> (0x00000000891a1b00) 
thrown [s\src\hotspot\share\prims\jni.cpp, line 516]
Event: 5.400 Thread 0x00000155166be4c0 Exception <a 'sun/nio/fs/WindowsException'{0x00000000891a2528}> (0x00000000891a2528) 
thrown [s\src\hotspot\share\prims\jni.cpp, line 516]
Event: 5.400 Thread 0x00000155166be4c0 Exception <a 'sun/nio/fs/WindowsException'{0x00000000891a2918}> (0x00000000891a2918) 
thrown [s\src\hotspot\share\prims\jni.cpp, line 516]
Event: 6.039 Thread 0x000001551641ef80 Exception <a 'java/lang/NoSuchMethodError'{0x0000000087de4ee8}: 'java.lang.Object java.lang.invoke.Invokers$Holder.invoke_MT(java.lang.Object, java.lang.Object, java.lang.Object)'> (0x0000000087de4ee8) 
thrown [s\src\hotspot\share\interpreter\linkResolver.cpp, line 759]
Event: 6.235 Thread 0x000001551641ef80 Exception <a 'java/lang/NoSuchMethodError'{0x0000000087e39a88}: 'java.lang.Object java.lang.invoke.DirectMethodHandle$Holder.newInvokeSpecial(java.lang.Object, java.lang.Object, int)'> (0x0000000087e39a88) 
thrown [s\src\hotspot\share\interpreter\linkResolver.cpp, line 759]
Event: 6.243 Thread 0x00000155166bf800 Exception <a 'java/lang/NoSuchMethodError'{0x0000000087eaa498}: 'java.lang.Object java.lang.invoke.Invokers$Holder.linkToTargetMethod(java.lang.Object, long, java.lang.Object)'> (0x0000000087eaa498) 
thrown [s\src\hotspot\share\interpreter\linkResolver.cpp, line 759]
Event: 6.257 Thread 0x00000155166bf800 Exception <a 'sun/nio/fs/WindowsException'{0x0000000087dcfb78}> (0x0000000087dcfb78) 
thrown [s\src\hotspot\share\prims\jni.cpp, line 516]
Event: 6.257 Thread 0x00000155166bf800 Exception <a 'sun/nio/fs/WindowsException'{0x0000000087dd0980}> (0x0000000087dd0980) 
thrown [s\src\hotspot\share\prims\jni.cpp, line 516]
Event: 6.261 Thread 0x00000155166bf800 Exception <a 'sun/nio/fs/WindowsException'{0x0000000087df5e10}> (0x0000000087df5e10) 
thrown [s\src\hotspot\share\prims\jni.cpp, line 516]

VM Operations (20 events):
Event: 6.752 Executing VM operation: G1CollectForAllocation done
Event: 6.830 Executing VM operation: G1CollectForAllocation
Event: 6.833 Executing VM operation: G1CollectForAllocation done
Event: 6.833 Executing VM operation: G1CollectForAllocation
Event: 6.846 Executing VM operation: G1CollectForAllocation done
Event: 6.850 Executing VM operation: G1Concurrent
Event: 6.854 Executing VM operation: G1Concurrent done
Event: 6.915 Executing VM operation: G1CollectForAllocation
Event: 6.915 Executing VM operation: G1CollectForAllocation done
Event: 6.915 Executing VM operation: G1CollectForAllocation
Event: 6.922 Executing VM operation: G1CollectForAllocation done
Event: 6.935 Executing VM operation: G1Concurrent
Event: 6.936 Executing VM operation: G1Concurrent done
Event: 6.976 Executing VM operation: G1CollectForAllocation
Event: 6.976 Executing VM operation: G1CollectForAllocation done
Event: 6.976 Executing VM operation: G1CollectForAllocation
Event: 6.985 Executing VM operation: G1CollectForAllocation done
Event: 7.046 Executing VM operation: G1CollectForAllocation
Event: 7.047 Executing VM operation: G1CollectForAllocation done
Event: 7.047 Executing VM operation: G1CollectForAllocation

Events (20 events):
Event: 6.077 loading class java/nio/file/Files$3 done
Event: 6.077 loading class java/nio/file/FileVisitResult
Event: 6.077 loading class java/nio/file/FileVisitResult done
Event: 6.191 loading class java/nio/channels/Channels$ReadableByteChannelImpl
Event: 6.191 loading class java/nio/channels/Channels$ReadableByteChannelImpl done
Event: 6.191 loading class java/nio/channels/NonWritableChannelException
Event: 6.191 loading class java/nio/channels/NonWritableChannelException done
Event: 6.231 loading class java/util/WeakHashMap$EntrySet
Event: 6.231 loading class java/util/WeakHashMap$EntrySet done
Event: 6.231 loading class java/util/WeakHashMap$EntryIterator
Event: 6.231 loading class java/util/WeakHashMap$HashIterator
Event: 6.231 loading class java/util/WeakHashMap$HashIterator done
Event: 6.231 loading class java/util/WeakHashMap$EntryIterator done
Event: 6.236 Thread 0x00000155166bf800 Thread added: 0x00000155166bf800
Event: 6.238 Thread 0x00000155166c14e0 Thread added: 0x00000155166c14e0
Event: 6.248 loading class sun/security/provider/MD5
Event: 6.248 loading class sun/security/provider/MD5 done
Event: 6.248 loading class sun/security/provider/ByteArrayAccess$LE
Event: 6.248 loading class sun/security/provider/ByteArrayAccess$LE done
Event: 6.251 Thread 0x00000155166c0670 Thread added: 0x00000155166c0670


Dynamic libraries:
0x00007ff7d9d80000 - 0x00007ff7d9d8e000 	c:\Users\Micro\.vscode\extensions\redhat.java-1.13.0-win32-x64\jre\17.0.5-win32-x86_64\bin\java.exe
0x00007fffbe870000 - 0x00007fffbea68000 	C:\Windows\SYSTEM32\ntdll.dll
0x00007fffbd3c0000 - 0x00007fffbd47f000 	C:\Windows\System32\KERNEL32.DLL
0x00007fffbc370000 - 0x00007fffbc642000 	C:\Windows\System32\KERNELBASE.dll
0x00007fffbc6f0000 - 0x00007fffbc7f0000 	C:\Windows\System32\ucrtbase.dll
0x00007fffb1380000 - 0x00007fffb1397000 	c:\Users\Micro\.vscode\extensions\redhat.java-1.13.0-win32-x64\jre\17.0.5-win32-x86_64\bin\jli.dll
0x00007fffbd210000 - 0x00007fffbd3b1000 	C:\Windows\System32\USER32.dll
0x00007fffbc880000 - 0x00007fffbc8a2000 	C:\Windows\System32\win32u.dll
0x00007fffbcc30000 - 0x00007fffbcc5b000 	C:\Windows\System32\GDI32.dll
0x00007fffbc160000 - 0x00007fffbc26f000 	C:\Windows\System32\gdi32full.dll
0x00007fffbc650000 - 0x00007fffbc6ed000 	C:\Windows\System32\msvcp_win.dll
0x00007fffb0a00000 - 0x00007fffb0a19000 	c:\Users\Micro\.vscode\extensions\redhat.java-1.13.0-win32-x64\jre\17.0.5-win32-x86_64\bin\VCRUNTIME140.dll
0x00007fffa69c0000 - 0x00007fffa6c5a000 	C:\Windows\WinSxS\amd64_microsoft.windows.common-controls_6595b64144ccf1df_6.0.19041.1110_none_60b5254171f9507e\COMCTL32.dll
0x00007fffbe6e0000 - 0x00007fffbe77e000 	C:\Windows\System32\msvcrt.dll
0x00007fffbd980000 - 0x00007fffbd9b2000 	C:\Windows\System32\IMM32.DLL
0x00007fffb30d0000 - 0x00007fffb30dc000 	c:\Users\Micro\.vscode\extensions\redhat.java-1.13.0-win32-x64\jre\17.0.5-win32-x86_64\bin\vcruntime140_1.dll
0x00007fff964e0000 - 0x00007fff96571000 	c:\Users\Micro\.vscode\extensions\redhat.java-1.13.0-win32-x64\jre\17.0.5-win32-x86_64\bin\msvcp140.dll
0x00007fff719b0000 - 0x00007fff725f4000 	c:\Users\Micro\.vscode\extensions\redhat.java-1.13.0-win32-x64\jre\17.0.5-win32-x86_64\bin\server\jvm.dll
0x00007fffbd660000 - 0x00007fffbd70e000 	C:\Windows\System32\ADVAPI32.dll
0x00007fffbd480000 - 0x00007fffbd51c000 	C:\Windows\System32\sechost.dll
0x00007fffbd850000 - 0x00007fffbd975000 	C:\Windows\System32\RPCRT4.dll
0x00007fffabc40000 - 0x00007fffabc67000 	C:\Windows\SYSTEM32\WINMM.dll
0x00007fffaa4b0000 - 0x00007fffaa4b9000 	C:\Windows\SYSTEM32\WSOCK32.dll
0x00007fffbd5f0000 - 0x00007fffbd65b000 	C:\Windows\System32\WS2_32.dll
0x00007fffae4f0000 - 0x00007fffae4fa000 	C:\Windows\SYSTEM32\VERSION.dll
0x00007fffba7d0000 - 0x00007fffba7e2000 	C:\Windows\SYSTEM32\kernel.appcore.dll
0x00007fffb2ea0000 - 0x00007fffb2eaa000 	c:\Users\Micro\.vscode\extensions\redhat.java-1.13.0-win32-x64\jre\17.0.5-win32-x86_64\bin\jimage.dll
0x00007fffb9ca0000 - 0x00007fffb9e84000 	C:\Windows\SYSTEM32\DBGHELP.DLL
0x00007fffab480000 - 0x00007fffab4b5000 	C:\Windows\SYSTEM32\dbgcore.DLL
0x00007fffbc7f0000 - 0x00007fffbc872000 	C:\Windows\System32\bcryptPrimitives.dll
0x00007fffaea90000 - 0x00007fffaeab5000 	c:\Users\Micro\.vscode\extensions\redhat.java-1.13.0-win32-x64\jre\17.0.5-win32-x86_64\bin\java.dll
0x00007fffae9e0000 - 0x00007fffae9f8000 	c:\Users\Micro\.vscode\extensions\redhat.java-1.13.0-win32-x64\jre\17.0.5-win32-x86_64\bin\zip.dll
0x00007fffbdb50000 - 0x00007fffbe294000 	C:\Windows\System32\SHELL32.dll
0x00007fffba020000 - 0x00007fffba7b2000 	C:\Windows\SYSTEM32\windows.storage.dll
0x00007fffbe2a0000 - 0x00007fffbe5f5000 	C:\Windows\System32\combase.dll
0x00007fffbb8e0000 - 0x00007fffbb910000 	C:\Windows\SYSTEM32\Wldp.dll
0x00007fffbe780000 - 0x00007fffbe82d000 	C:\Windows\System32\SHCORE.dll
0x00007fffbcac0000 - 0x00007fffbcb15000 	C:\Windows\System32\shlwapi.dll
0x00007fffbbea0000 - 0x00007fffbbebf000 	C:\Windows\SYSTEM32\profapi.dll
0x00007fffad860000 - 0x00007fffad879000 	C:\Users\Micro\.vscode\extensions\redhat.java-1.13.0-win32-x64\jre\17.0.5-win32-x86_64\bin\net.dll
0x00007fffb4050000 - 0x00007fffb415c000 	C:\Windows\SYSTEM32\WINHTTP.dll
0x00007fffbb640000 - 0x00007fffbb6aa000 	C:\Windows\system32\mswsock.dll
0x00007fffad220000 - 0x00007fffad235000 	C:\Users\Micro\.vscode\extensions\redhat.java-1.13.0-win32-x64\jre\17.0.5-win32-x86_64\bin\nio.dll
0x00007fffb2c40000 - 0x00007fffb2c50000 	c:\Users\Micro\.vscode\extensions\redhat.java-1.13.0-win32-x64\jre\17.0.5-win32-x86_64\bin\verify.dll
0x00007fffb32e0000 - 0x00007fffb32e9000 	C:\Users\Micro\.vscode\extensions\redhat.java-1.13.0-win32-x64\jre\17.0.5-win32-x86_64\bin\management.dll
0x00007fffb2080000 - 0x00007fffb208b000 	C:\Users\Micro\.vscode\extensions\redhat.java-1.13.0-win32-x64\jre\17.0.5-win32-x86_64\bin\management_ext.dll
0x00007fffbcc80000 - 0x00007fffbcc88000 	C:\Windows\System32\PSAPI.DLL
0x00007fffa7370000 - 0x00007fffa7387000 	C:\Windows\system32\napinsp.dll
0x00007fffa7350000 - 0x00007fffa736b000 	C:\Windows\system32\pnrpnsp.dll
0x00007fffa7330000 - 0x00007fffa7345000 	C:\Windows\system32\wshbth.dll
0x00007fffb7530000 - 0x00007fffb754d000 	C:\Windows\system32\NLAapi.dll
0x00007fffbb330000 - 0x00007fffbb36b000 	C:\Windows\SYSTEM32\IPHLPAPI.DLL
0x00007fffbb370000 - 0x00007fffbb43a000 	C:\Windows\SYSTEM32\DNSAPI.dll
0x00007fffbd710000 - 0x00007fffbd718000 	C:\Windows\System32\NSI.dll
0x00007fffa7300000 - 0x00007fffa7312000 	C:\Windows\System32\winrnr.dll
0x00007fffb1040000 - 0x00007fffb104a000 	C:\Windows\System32\rasadhlp.dll
0x00007fffb0a90000 - 0x00007fffb0b10000 	C:\Windows\System32\fwpuclnt.dll
0x00007fffbbfd0000 - 0x00007fffbbff7000 	C:\Windows\System32\bcrypt.dll
0x00007fffbb830000 - 0x00007fffbb848000 	C:\Windows\SYSTEM32\CRYPTSP.dll
0x00007fffbaf60000 - 0x00007fffbaf94000 	C:\Windows\system32\rsaenh.dll
0x00007fffbbe60000 - 0x00007fffbbe8e000 	C:\Windows\SYSTEM32\USERENV.dll
0x00007fffbb850000 - 0x00007fffbb85c000 	C:\Windows\SYSTEM32\CRYPTBASE.dll
0x00007fffb5d90000 - 0x00007fffb5da7000 	C:\Windows\SYSTEM32\dhcpcsvc6.DLL
0x00007fffb5d70000 - 0x00007fffb5d8d000 	C:\Windows\SYSTEM32\dhcpcsvc.DLL

dbghelp: loaded successfully - version: 4.0.5 - missing functions: none
symbol engine: initialized successfully - sym options: 0x614 - pdb path: .;c:\Users\Micro\.vscode\extensions\redhat.java-1.13.0-win32-x64\jre\17.0.5-win32-x86_64\bin;C:\Windows\SYSTEM32;C:\Windows\WinSxS\amd64_microsoft.windows.common-controls_6595b64144ccf1df_6.0.19041.1110_none_60b5254171f9507e;c:\Users\Micro\.vscode\extensions\redhat.java-1.13.0-win32-x64\jre\17.0.5-win32-x86_64\bin\server

VM Arguments:
jvm_args: -Dsts.lsp.client=vscode -Dsts.log.file=/dev/null -XX:TieredStopAtLevel=1 -Xlog:jni+resolve=off -Dspring.config.location=file:c:\Users\Micro\.vscode\extensions\pivotal.vscode-spring-boot-1.42.0\language-server\BOOT-INF\classes\application.properties 
java_command: org.springframework.ide.vscode.boot.app.BootLanguageServerBootApp
java_class_path (initial): c:\Users\Micro\.vscode\extensions\pivotal.vscode-spring-boot-1.42.0\language-server\BOOT-INF\classes;c:\Users\Micro\.vscode\extensions\pivotal.vscode-spring-boot-1.42.0\language-server\BOOT-INF\lib\annotations-23.1.0.jar;c:\Users\Micro\.vscode\extensions\pivotal.vscode-spring-boot-1.42.0\language-server\BOOT-INF\lib\ant-1.10.12.jar;c:\Users\Micro\.vscode\extensions\pivotal.vscode-spring-boot-1.42.0\language-server\BOOT-INF\lib\ant-launcher-1.10.12.jar;c:\Users\Micro\.vscode\extensions\pivotal.vscode-spring-boot-1.42.0\language-server\BOOT-INF\lib\antlr-runtime-3.5.2.jar;c:\Users\Micro\.vscode\extensions\pivotal.vscode-spring-boot-1.42.0\language-server\BOOT-INF\lib\antlr4-4.9.3.jar;c:\Users\Micro\.vscode\extensions\pivotal.vscode-spring-boot-1.42.0\language-server\BOOT-INF\lib\antlr4-runtime-4.9.3.jar;c:\Users\Micro\.vscode\extensions\pivotal.vscode-spring-boot-1.42.0\language-server\BOOT-INF\lib\apiguardian-api-1.1.2.jar;c:\Users\Micro\.vscode\extensions\pivotal.vscode-spring-boot-1.42.0\language-server\BOOT-INF\lib\asm-9.4.jar;c:\Users\Micro\.vscode\extensions\pivotal.vscode-spring-boot-1.42.0\language-server\BOOT-INF\lib\asm-analysis-9.4.jar;c:\Users\Micro\.vscode\extensions\pivotal.vscode-spring-boot-1.42.0\language-server\BOOT-INF\lib\asm-tree-9.4.jar;c:\Users\Micro\.vscode\extensions\pivotal.vscode-spring-boot-1.42.0\language-server\BOOT-INF\lib\asm-util-9.4.jar;c:\Users\Micro\.vscode\extensions\pivotal.vscode-spring-boot-1.42.0\language-server\BOOT-INF\lib\caffeine-2.9.3.jar;c:\Users\Micro\.vscode\extensions\pivotal.vscode-spring-boot-1.42.0\language-server\BOOT-INF\lib\checker-qual-3.12.0.jar;c:\Users\Micro\.vscode\extensions\pivotal.vscode-spring-boot-1.42.0\language-server\BOOT-INF\lib\ci-environment-9.1.0.jar;c:\Users\Micro\.vscode\extensions\pivotal.vscode-spring-boot-1.42.0\language-server\BOOT-INF\lib\classgraph-4.8.149.jar;c:\Users\Micro\.vscode\extensions\pivotal.vscode-spring-boot-1.42.0\language-server\BOOT-INF\lib\comm
Launcher Type: SUN_STANDARD

[Global flags]
     intx CICompilerCount                          = 3                                         {product} {ergonomic}
     uint ConcGCThreads                            = 1                                         {product} {ergonomic}
     uint G1ConcRefinementThreads                  = 4                                         {product} {ergonomic}
   size_t G1HeapRegionSize                         = 1048576                                   {product} {ergonomic}
    uintx GCDrainStackTargetSize                   = 64                                        {product} {ergonomic}
   size_t InitialHeapSize                          = 134217728                                 {product} {ergonomic}
   size_t MarkStackSize                            = 4194304                                   {product} {ergonomic}
   size_t MaxHeapSize                              = 2128609280                                {product} {ergonomic}
   size_t MaxNewSize                               = 1277165568                                {product} {ergonomic}
   size_t MinHeapDeltaBytes                        = 1048576                                   {product} {ergonomic}
   size_t MinHeapSize                              = 8388608                                   {product} {ergonomic}
    uintx NonProfiledCodeHeapSize                  = 0                                      {pd product} {ergonomic}
     bool ProfileInterpreter                       = false                                  {pd product} {command line}
    uintx ProfiledCodeHeapSize                     = 0                                      {pd product} {ergonomic}
   size_t SoftMaxHeapSize                          = 2128609280                             {manageable} {ergonomic}
     intx TieredStopAtLevel                        = 1                                         {product} {command line}
     bool UseCompressedClassPointers               = true                           {product lp64_product} {ergonomic}
     bool UseCompressedOops                        = true                           {product lp64_product} {ergonomic}
     bool UseG1GC                                  = true                                      {product} {ergonomic}
     bool UseLargePagesIndividualAllocation        = false                                  {pd product} {ergonomic}

Logging:
Log output configuration:
 #0: stdout all=warning,jni+resolve=off uptime,level,tags
 #1: stderr all=off uptime,level,tags

Environment Variables:
PATH=C:\Program Files\Eclipse Adoptium\jdk-17.0.4.8-hotspot\bin;C:\Program Files\Common Files\Oracle\Java\javapath;C:\Program Files (x86)\Common Files\Oracle\Java\javapath;C:\ProgramData\Oracle\Java\javapath;C:\Windows\system32;C:\Windows;C:\Windows\System32\Wbem;C:\Windows\System32\WindowsPowerShell\v1.0\;C:\Windows\System32\OpenSSH\;C:\Program Files\Git\cmd;C:\Program Files\MySQL\MySQL Shell 8.0\bin\;C:\Users\Micro\AppData\Local\Microsoft\WindowsApps;C:\Users\Micro\AppData\Local\Programs\Microsoft VS Code\bin;C:\Users\Micro\AppData\Local\GitHubDesktop\bin
USERNAME=Micro
OS=Windows_NT
PROCESSOR_IDENTIFIER=Intel64 Family 6 Model 37 Stepping 2, GenuineIntel
TMP=C:\Users\Micro\AppData\Local\Temp
TEMP=C:\Users\Micro\AppData\Local\Temp



---------------  S Y S T E M  ---------------

OS:
 Windows 10 , 64 bit Build 19041 (10.0.19041.2364)
OS uptime: 5 days 6:55 hours

CPU: total 4 (initial active 4) (2 cores per cpu, 2 threads per core) family 6 model 37 stepping 2 microcode 0x11, cx8, cmov, fxsr, ht, mmx, sse, sse2, sse3, ssse3, sse4.1, sse4.2, popcnt, tsc, tscinvbit, aes, clmul, clflush

Memory: 4k page, system-wide physical 8119M (1292M free)
TotalPageFile size 22356M (AvailPageFile size 315M)
current process WorkingSet (physical memory assigned to process): 335M, peak: 335M
current process commit charge ("private bytes"): 358M, peak: 758M

vm_info: OpenJDK 64-Bit Server VM (17.0.5+8) for windows-amd64 JRE (17.0.5+8), built on Oct 19 2022 04:48:13 by "temurin" with MS VC++ 16.7 (VS2019)

END.
