#
# There is insufficient memory for the Java Runtime Environment to continue.
# Native memory allocation (mmap) failed to map 3407872 bytes for G1 virtual space
# Possible reasons:
#   The system is out of physical RAM or swap space
#   The process is running with CompressedOops enabled, and the Java Heap may be blocking the growth of the native heap
# Possible solutions:
#   Reduce memory load on the system
#   Increase physical memory or swap space
#   Check if swap backing store is full
#   Decrease Java heap size (-Xmx/-Xms)
#   Decrease number of Java threads
#   Decrease Java thread stack sizes (-Xss)
#   Set larger code cache with -XX:ReservedCodeCacheSize=
#   JVM is running with Unscaled Compressed Oops mode in which the Java heap is
#     placed in the first 4GB address space. The Java Heap base address is the
#     maximum limit for the native heap growth. Please use -XX:HeapBaseMinAddress
#     to set the Java Heap base and to place the Java Heap above 4GB virtual address.
# This output file may be truncated or incomplete.
#
#  Out of Memory Error (os_windows.cpp:3548), pid=10944, tid=12540
#
# JRE version: OpenJDK Runtime Environment Temurin-17.0.5+8 (17.0.5+8) (build 17.0.5+8)
# Java VM: OpenJDK 64-Bit Server VM Temurin-17.0.5+8 (17.0.5+8, mixed mode, emulated-client, tiered, compressed oops, compressed class ptrs, g1 gc, windows-amd64)
# No core dump will be written. Minidumps are not enabled by default on client versions of Windows
#

---------------  S U M M A R Y ------------

Command Line: -Dsts.lsp.client=vscode -Dsts.log.file=/dev/null -XX:TieredStopAtLevel=1 -Xlog:jni+resolve=off -Dspring.config.location=file:c:\Users\Micro\.vscode\extensions\pivotal.vscode-spring-boot-1.42.0\language-server\BOOT-INF\classes\application.properties org.springframework.ide.vscode.boot.app.BootLanguageServerBootApp

Host: Intel(R) Core(TM) i5 CPU         650  @ 3.20GHz, 4 cores, 7G,  Windows 10 , 64 bit Build 19041 (10.0.19041.2364)
Time: Tue Jan  3 00:47:50 2023 E. South America Standard Time elapsed time: 6.813458 seconds (0d 0h 0m 6s)

---------------  T H R E A D  ---------------

Current thread (0x00000280722c2450):  VMThread "VM Thread" [stack: 0x000000ddf5e00000,0x000000ddf5f00000] [id=12540]

Stack: [0x000000ddf5e00000,0x000000ddf5f00000]
Native frames: (J=compiled Java code, j=interpreted, Vv=VM code, C=native code)
V  [jvm.dll+0x676b3a]
V  [jvm.dll+0x831444]
V  [jvm.dll+0x832bee]
V  [jvm.dll+0x833253]
V  [jvm.dll+0x244ce5]
V  [jvm.dll+0x673a49]
V  [jvm.dll+0x66811a]
V  [jvm.dll+0x303ceb]
V  [jvm.dll+0x30b1e6]
V  [jvm.dll+0x35ade8]
V  [jvm.dll+0x35afef]
V  [jvm.dll+0x2dab88]
V  [jvm.dll+0x2d8e3c]
V  [jvm.dll+0x2d840c]
V  [jvm.dll+0x31c31b]
V  [jvm.dll+0x8376fb]
V  [jvm.dll+0x838434]
V  [jvm.dll+0x83894c]
V  [jvm.dll+0x838d24]
V  [jvm.dll+0x838df0]
V  [jvm.dll+0x7e17ea]
V  [jvm.dll+0x6759e5]
C  [ucrtbase.dll+0x21bb2]
C  [KERNEL32.DLL+0x17614]
C  [ntdll.dll+0x526a1]

VM_Operation (0x000000ddf80fe120): G1CollectForAllocation, mode: safepoint, requested by thread 0x000002807446f570


---------------  P R O C E S S  ---------------

Threads class SMR info:
_java_thread_list=0x0000028074618d80, length=39, elements={
0x00000280722e5740, 0x00000280722e7160, 0x000002807230ca50, 0x0000028072310730,
0x0000028072310ff0, 0x00000280723118b0, 0x00000280723129c0, 0x0000028072d0ffd0,
0x0000028072f04bd0, 0x0000028072f05190, 0x0000028072f17100, 0x0000028072f17860,
0x00000280740df200, 0x000002807434b880, 0x00000280742da020, 0x00000280656f3260,
0x000002807401aca0, 0x00000280743a01f0, 0x00000280743f84e0, 0x000002807443a9c0,
0x000002807443c0b0, 0x000002807446cef0, 0x000002807446ebd0, 0x000002807446d890,
0x000002807446e230, 0x000002807446dd60, 0x000002807446f0a0, 0x000002807446e700,
0x000002807446fa40, 0x000002807446ca20, 0x000002807446f570, 0x000002807446d3c0,
0x000002807446c080, 0x000002807446c550, 0x0000028074576300, 0x0000028074574fc0,
0x0000028074571ad0, 0x00000280745784b0, 0x0000028074577170
}

Java Threads: ( => current thread )
  0x00000280722e5740 JavaThread "Reference Handler" daemon [_thread_blocked, id=11076, stack(0x000000ddf5f00000,0x000000ddf6000000)]
  0x00000280722e7160 JavaThread "Finalizer" daemon [_thread_blocked, id=6576, stack(0x000000ddf6000000,0x000000ddf6100000)]
  0x000002807230ca50 JavaThread "Signal Dispatcher" daemon [_thread_blocked, id=13724, stack(0x000000ddf6100000,0x000000ddf6200000)]
  0x0000028072310730 JavaThread "Attach Listener" daemon [_thread_blocked, id=11916, stack(0x000000ddf6200000,0x000000ddf6300000)]
  0x0000028072310ff0 JavaThread "Service Thread" daemon [_thread_blocked, id=1096, stack(0x000000ddf6300000,0x000000ddf6400000)]
  0x00000280723118b0 JavaThread "Monitor Deflation Thread" daemon [_thread_blocked, id=14128, stack(0x000000ddf6400000,0x000000ddf6500000)]
  0x00000280723129c0 JavaThread "C1 CompilerThread0" daemon [_thread_blocked, id=14136, stack(0x000000ddf6500000,0x000000ddf6600000)]
  0x0000028072d0ffd0 JavaThread "Sweeper thread" daemon [_thread_blocked, id=5532, stack(0x000000ddf6600000,0x000000ddf6700000)]
  0x0000028072f04bd0 JavaThread "C1 CompilerThread1" daemon [_thread_blocked, id=4680, stack(0x000000ddf6700000,0x000000ddf6800000)]
  0x0000028072f05190 JavaThread "C1 CompilerThread2" daemon [_thread_blocked, id=8068, stack(0x000000ddf6800000,0x000000ddf6900000)]
  0x0000028072f17100 JavaThread "Notification Thread" daemon [_thread_blocked, id=13156, stack(0x000000ddf6900000,0x000000ddf6a00000)]
  0x0000028072f17860 JavaThread "Common-Cleaner" daemon [_thread_blocked, id=3616, stack(0x000000ddf6b00000,0x000000ddf6c00000)]
  0x00000280740df200 JavaThread "boundedElastic-evictor-1" daemon [_thread_blocked, id=8424, stack(0x000000ddf6f00000,0x000000ddf7000000)]
  0x000002807434b880 JavaThread "pool-11-thread-1" [_thread_blocked, id=3404, stack(0x000000ddf7000000,0x000000ddf7100000)]
  0x00000280742da020 JavaThread "LanguageServerApp-lifecycle" [_thread_blocked, id=10904, stack(0x000000ddf7100000,0x000000ddf7200000)]
  0x00000280656f3260 JavaThread "DestroyJavaVM" [_thread_blocked, id=7324, stack(0x000000ddf5800000,0x000000ddf5900000)]
  0x000002807401aca0 JavaThread "pool-12-thread-1" [_thread_in_native, id=13560, stack(0x000000ddf7200000,0x000000ddf7300000)]
  0x00000280743a01f0 JavaThread "Simple-Language-Server main thread" daemon [_thread_blocked, id=10780, stack(0x000000ddf7300000,0x000000ddf7400000)]
  0x00000280743f84e0 JavaThread "pool-2-thread-1" [_thread_blocked, id=7356, stack(0x000000ddf7400000,0x000000ddf7500000)]
  0x000002807443a9c0 JavaThread "pool-8-thread-1" [_thread_blocked, id=13344, stack(0x000000ddf7500000,0x000000ddf7600000)]
  0x000002807443c0b0 JavaThread "parallel-1" daemon [_thread_blocked, id=1780, stack(0x000000ddf7600000,0x000000ddf7700000)]
  0x000002807446cef0 JavaThread "ForkJoinPool.commonPool-worker-1" daemon [_thread_blocked, id=6624, stack(0x000000ddf7700000,0x000000ddf7800000)]
  0x000002807446ebd0 JavaThread "pool-5-thread-1" [_thread_blocked, id=2488, stack(0x000000ddf7800000,0x000000ddf7900000)]
  0x000002807446d890 JavaThread "ForkJoinPool.commonPool-worker-2" daemon [_thread_blocked, id=6464, stack(0x000000ddf7900000,0x000000ddf7a00000)]
  0x000002807446e230 JavaThread "pool-2-thread-2" [_thread_blocked, id=7828, stack(0x000000ddf7a00000,0x000000ddf7b00000)]
  0x000002807446dd60 JavaThread "pool-2-thread-3" [_thread_blocked, id=6108, stack(0x000000ddf7b00000,0x000000ddf7c00000)]
  0x000002807446f0a0 JavaThread "Reconciler-1" daemon [_thread_blocked, id=10304, stack(0x000000ddf7c00000,0x000000ddf7d00000)]
  0x000002807446e700 JavaThread "parallel-2" daemon [_thread_blocked, id=8828, stack(0x000000ddf7d00000,0x000000ddf7e00000)]
  0x000002807446fa40 JavaThread "ClassGraph-worker-0" daemon [_thread_blocked, id=11548, stack(0x000000ddf7e00000,0x000000ddf7f00000)]
  0x000002807446ca20 JavaThread "ClassGraph-worker-1" daemon [_thread_blocked, id=6212, stack(0x000000ddf7f00000,0x000000ddf8000000)]
  0x000002807446f570 JavaThread "ClassGraph-worker-2" daemon [_thread_blocked, id=5312, stack(0x000000ddf8000000,0x000000ddf8100000)]
  0x000002807446d3c0 JavaThread "ClassGraph-worker-3" daemon [_thread_blocked, id=6324, stack(0x000000ddf8100000,0x000000ddf8200000)]
  0x000002807446c080 JavaThread "ClassGraph-worker-4" daemon [_thread_blocked, id=9696, stack(0x000000ddf8200000,0x000000ddf8300000)]
  0x000002807446c550 JavaThread "ClassGraph-worker-5" daemon [_thread_blocked, id=4016, stack(0x000000ddf8300000,0x000000ddf8400000)]
  0x0000028074576300 JavaThread "ClassGraph-worker-6" daemon [_thread_blocked, id=1652, stack(0x000000ddf8400000,0x000000ddf8500000)]
  0x0000028074574fc0 JavaThread "ClassGraph-worker-7" daemon [_thread_blocked, id=12084, stack(0x000000ddf8500000,0x000000ddf8600000)]
  0x0000028074571ad0 JavaThread "pool-6-thread-1" [_thread_blocked, id=840, stack(0x000000ddf8700000,0x000000ddf8800000)]
  0x00000280745784b0 JavaThread "pool-10-thread-1" [_thread_blocked, id=804, stack(0x000000ddf8800000,0x000000ddf8900000)]
  0x0000028074577170 JavaThread "pool-10-thread-2" [_thread_blocked, id=8096, stack(0x000000ddf8900000,0x000000ddf8a00000)]

Other Threads:
=>0x00000280722c2450 VMThread "VM Thread" [stack: 0x000000ddf5e00000,0x000000ddf5f00000] [id=12540]
  0x0000028072f175d0 WatcherThread [stack: 0x000000ddf6a00000,0x000000ddf6b00000] [id=8532]
  0x0000028065750890 GCTaskThread "GC Thread#0" [stack: 0x000000ddf5900000,0x000000ddf5a00000] [id=13252]
  0x0000028073681280 GCTaskThread "GC Thread#1" [stack: 0x000000ddf6c00000,0x000000ddf6d00000] [id=13896]
  0x000002807382c1f0 GCTaskThread "GC Thread#2" [stack: 0x000000ddf6d00000,0x000000ddf6e00000] [id=10876]
  0x0000028073a8fb40 GCTaskThread "GC Thread#3" [stack: 0x000000ddf6e00000,0x000000ddf6f00000] [id=2868]
  0x00000280657614a0 ConcurrentGCThread "G1 Main Marker" [stack: 0x000000ddf5a00000,0x000000ddf5b00000] [id=5036]
  0x0000028065761dc0 ConcurrentGCThread "G1 Conc#0" [stack: 0x000000ddf5b00000,0x000000ddf5c00000] [id=11248]
  0x00000280721420b0 ConcurrentGCThread "G1 Refine#0" [stack: 0x000000ddf5c00000,0x000000ddf5d00000] [id=11736]
  0x0000028076af6cf0 ConcurrentGCThread "G1 Refine#1" [stack: 0x000000ddf8600000,0x000000ddf8700000] [id=14304]
  0x0000028074a09520 ConcurrentGCThread "G1 Refine#2" [stack: 0x000000ddf8a00000,0x000000ddf8b00000] [id=13448]
  0x00000280721429e0 ConcurrentGCThread "G1 Service" [stack: 0x000000ddf5d00000,0x000000ddf5e00000] [id=1144]

Threads with active compile tasks:

VM state: at safepoint (normal execution)

VM Mutex/Monitor currently owned by a thread:  ([mutex/lock_event])
[0x00000280635d8b20] Threads_lock - owner thread: 0x00000280722c2450
[0x000002806369cdd0] Heap_lock - owner thread: 0x000002807446f570

Heap address: 0x0000000081200000, size: 2030 MB, Compressed Oops mode: 32-bit

CDS archive(s) not mapped
Compressed class space mapped at: 0x0000000100000000-0x0000000140000000, reserved size: 1073741824
Narrow klass base: 0x0000000000000000, Narrow klass shift: 3, Narrow klass range: 0x140000000

GC Precious Log:
 CPUs: 4 total, 4 available
 Memory: 8119M
 Large Page Support: Disabled
 NUMA Support: Disabled
 Compressed Oops: Enabled (32-bit)
 Heap Region Size: 1M
 Heap Min Capacity: 8M
 Heap Initial Capacity: 128M
 Heap Max Capacity: 2030M
 Pre-touch: Disabled
 Parallel Workers: 4
 Concurrent Workers: 1
 Concurrent Refinement Workers: 4
 Periodic GC: Disabled

Heap:
 garbage-first heap   total 212992K, used 87621K [0x0000000081200000, 0x0000000100000000)
  region size 1024K, 8 young (8192K), 8 survivors (8192K)
 Metaspace       used 39332K, committed 39680K, reserved 1089536K
  class space    used 4978K, committed 5120K, reserved 1048576K

Heap Regions: E=young(eden), S=young(survivor), O=old, HS=humongous(starts), HC=humongous(continues), CS=collection set, F=free, OA=open archive, CA=closed archive, TAMS=top-at-mark-start (previous, next)
|   0|0x0000000081200000, 0x0000000081300000, 0x0000000081300000|100%| O|  |TAMS 0x0000000081300000, 0x0000000081200000| Untracked 
|   1|0x0000000081300000, 0x0000000081400000, 0x0000000081400000|100%| O|  |TAMS 0x0000000081400000, 0x0000000081300000| Untracked 
|   2|0x0000000081400000, 0x0000000081500000, 0x0000000081500000|100%| O|  |TAMS 0x0000000081500000, 0x0000000081400000| Untracked 
|   3|0x0000000081500000, 0x0000000081600000, 0x0000000081600000|100%| O|  |TAMS 0x0000000081600000, 0x0000000081500000| Untracked 
|   4|0x0000000081600000, 0x0000000081700000, 0x0000000081700000|100%| O|  |TAMS 0x0000000081700000, 0x0000000081600000| Untracked 
|   5|0x0000000081700000, 0x0000000081800000, 0x0000000081800000|100%| O|  |TAMS 0x0000000081800000, 0x0000000081700000| Untracked 
|   6|0x0000000081800000, 0x0000000081900000, 0x0000000081900000|100%| O|  |TAMS 0x0000000081900000, 0x0000000081800000| Untracked 
|   7|0x0000000081900000, 0x0000000081a00000, 0x0000000081a00000|100%| O|  |TAMS 0x0000000081a00000, 0x0000000081900000| Untracked 
|   8|0x0000000081a00000, 0x0000000081b00000, 0x0000000081b00000|100%| O|  |TAMS 0x0000000081b00000, 0x0000000081a00000| Untracked 
|   9|0x0000000081b00000, 0x0000000081c00000, 0x0000000081c00000|100%| O|  |TAMS 0x0000000081c00000, 0x0000000081b00000| Untracked 
|  10|0x0000000081c00000, 0x0000000081d00000, 0x0000000081d00000|100%| O|  |TAMS 0x0000000081d00000, 0x0000000081c00000| Untracked 
|  11|0x0000000081d00000, 0x0000000081e00000, 0x0000000081e00000|100%| O|  |TAMS 0x0000000081e00000, 0x0000000081d00000| Untracked 
|  12|0x0000000081e00000, 0x0000000081f00000, 0x0000000081f00000|100%| O|  |TAMS 0x0000000081f00000, 0x0000000081e00000| Untracked 
|  13|0x0000000081f00000, 0x0000000082000000, 0x0000000082000000|100%| O|  |TAMS 0x0000000082000000, 0x0000000081f00000| Untracked 
|  14|0x0000000082000000, 0x0000000082100000, 0x0000000082100000|100%| O|  |TAMS 0x0000000082100000, 0x0000000082000000| Untracked 
|  15|0x0000000082100000, 0x0000000082200000, 0x0000000082200000|100%| O|  |TAMS 0x0000000082200000, 0x0000000082100000| Untracked 
|  16|0x0000000082200000, 0x0000000082300000, 0x0000000082300000|100%| O|  |TAMS 0x0000000082300000, 0x0000000082200000| Untracked 
|  17|0x0000000082300000, 0x0000000082400000, 0x0000000082400000|100%| O|  |TAMS 0x0000000082400000, 0x0000000082300000| Untracked 
|  18|0x0000000082400000, 0x00000000824b2000, 0x0000000082500000| 69%| O|  |TAMS 0x00000000824b2000, 0x0000000082400000| Untracked 
|  19|0x0000000082500000, 0x0000000082600000, 0x0000000082600000|100%| O|  |TAMS 0x0000000082600000, 0x0000000082500000| Untracked 
|  20|0x0000000082600000, 0x0000000082700000, 0x0000000082700000|100%| O|  |TAMS 0x0000000082700000, 0x0000000082600000| Untracked 
|  21|0x0000000082700000, 0x0000000082800000, 0x0000000082800000|100%| O|  |TAMS 0x0000000082800000, 0x0000000082700000| Untracked 
|  22|0x0000000082800000, 0x0000000082900000, 0x0000000082900000|100%| O|  |TAMS 0x0000000082900000, 0x0000000082800000| Untracked 
|  23|0x0000000082900000, 0x0000000082a00000, 0x0000000082a00000|100%| O|  |TAMS 0x0000000082a00000, 0x0000000082900000| Untracked 
|  24|0x0000000082a00000, 0x0000000082b00000, 0x0000000082b00000|100%| O|  |TAMS 0x0000000082b00000, 0x0000000082a00000| Untracked 
|  25|0x0000000082b00000, 0x0000000082c00000, 0x0000000082c00000|100%| O|  |TAMS 0x0000000082c00000, 0x0000000082b00000| Untracked 
|  26|0x0000000082c00000, 0x0000000082d00000, 0x0000000082d00000|100%| O|  |TAMS 0x0000000082d00000, 0x0000000082c00000| Untracked 
|  27|0x0000000082d00000, 0x0000000082e00000, 0x0000000082e00000|100%| O|  |TAMS 0x0000000082e00000, 0x0000000082d00000| Untracked 
|  28|0x0000000082e00000, 0x0000000082f00000, 0x0000000082f00000|100%| O|  |TAMS 0x0000000082f00000, 0x0000000082e00000| Untracked 
|  29|0x0000000082f00000, 0x0000000083000000, 0x0000000083000000|100%| O|  |TAMS 0x0000000083000000, 0x0000000082f00000| Untracked 
|  30|0x0000000083000000, 0x0000000083100000, 0x0000000083100000|100%| O|  |TAMS 0x0000000083100000, 0x0000000083000000| Untracked 
|  31|0x0000000083100000, 0x0000000083200000, 0x0000000083200000|100%| O|  |TAMS 0x0000000083200000, 0x0000000083100000| Untracked 
|  32|0x0000000083200000, 0x0000000083300000, 0x0000000083300000|100%| O|  |TAMS 0x0000000083300000, 0x0000000083200000| Untracked 
|  33|0x0000000083300000, 0x0000000083400000, 0x0000000083400000|100%| O|  |TAMS 0x0000000083400000, 0x0000000083300000| Untracked 
|  34|0x0000000083400000, 0x0000000083500000, 0x0000000083500000|100%| O|  |TAMS 0x0000000083500000, 0x0000000083400000| Untracked 
|  35|0x0000000083500000, 0x0000000083600000, 0x0000000083600000|100%| O|  |TAMS 0x0000000083600000, 0x0000000083500000| Untracked 
|  36|0x0000000083600000, 0x0000000083700000, 0x0000000083700000|100%| O|  |TAMS 0x0000000083700000, 0x0000000083600000| Untracked 
|  37|0x0000000083700000, 0x0000000083800000, 0x0000000083800000|100%| O|  |TAMS 0x0000000083800000, 0x0000000083700000| Untracked 
|  38|0x0000000083800000, 0x0000000083900000, 0x0000000083900000|100%| O|  |TAMS 0x0000000083900000, 0x0000000083800000| Untracked 
|  39|0x0000000083900000, 0x0000000083a00000, 0x0000000083a00000|100%| O|  |TAMS 0x0000000083a00000, 0x0000000083900000| Untracked 
|  40|0x0000000083a00000, 0x0000000083b00000, 0x0000000083b00000|100%| O|  |TAMS 0x0000000083b00000, 0x0000000083a00000| Untracked 
|  41|0x0000000083b00000, 0x0000000083c00000, 0x0000000083c00000|100%| O|  |TAMS 0x0000000083c00000, 0x0000000083b00000| Untracked 
|  42|0x0000000083c00000, 0x0000000083d00000, 0x0000000083d00000|100%| O|  |TAMS 0x0000000083d00000, 0x0000000083c00000| Untracked 
|  43|0x0000000083d00000, 0x0000000083e00000, 0x0000000083e00000|100%| O|  |TAMS 0x0000000083e00000, 0x0000000083d00000| Untracked 
|  44|0x0000000083e00000, 0x0000000083f00000, 0x0000000083f00000|100%| O|  |TAMS 0x0000000083f00000, 0x0000000083e00000| Untracked 
|  45|0x0000000083f00000, 0x0000000084000000, 0x0000000084000000|100%| O|  |TAMS 0x0000000083fa4400, 0x0000000083f00000| Untracked 
|  46|0x0000000084000000, 0x0000000084100000, 0x0000000084100000|100%| O|  |TAMS 0x0000000084000000, 0x0000000084000000| Untracked 
|  47|0x0000000084100000, 0x0000000084200000, 0x0000000084200000|100%| O|  |TAMS 0x0000000084100000, 0x0000000084100000| Untracked 
|  48|0x0000000084200000, 0x0000000084300000, 0x0000000084300000|100%| O|  |TAMS 0x0000000084200000, 0x0000000084200000| Untracked 
|  49|0x0000000084300000, 0x0000000084400000, 0x0000000084400000|100%| O|  |TAMS 0x0000000084300000, 0x0000000084300000| Untracked 
|  50|0x0000000084400000, 0x0000000084500000, 0x0000000084500000|100%| O|  |TAMS 0x0000000084400000, 0x0000000084400000| Untracked 
|  51|0x0000000084500000, 0x0000000084600000, 0x0000000084600000|100%| O|  |TAMS 0x0000000084500000, 0x0000000084500000| Untracked 
|  52|0x0000000084600000, 0x0000000084700000, 0x0000000084700000|100%| O|  |TAMS 0x0000000084600000, 0x0000000084600000| Untracked 
|  53|0x0000000084700000, 0x0000000084800000, 0x0000000084800000|100%| O|  |TAMS 0x0000000084700000, 0x0000000084700000| Untracked 
|  54|0x0000000084800000, 0x0000000084900000, 0x0000000084900000|100%| O|  |TAMS 0x0000000084800000, 0x0000000084800000| Untracked 
|  55|0x0000000084900000, 0x0000000084a00000, 0x0000000084a00000|100%| O|  |TAMS 0x0000000084900000, 0x0000000084900000| Untracked 
|  56|0x0000000084a00000, 0x0000000084b00000, 0x0000000084b00000|100%| O|  |TAMS 0x0000000084a00000, 0x0000000084a00000| Untracked 
|  57|0x0000000084b00000, 0x0000000084c00000, 0x0000000084c00000|100%| O|  |TAMS 0x0000000084b00000, 0x0000000084b00000| Untracked 
|  58|0x0000000084c00000, 0x0000000084d00000, 0x0000000084d00000|100%|HS|  |TAMS 0x0000000084c00000, 0x0000000084c00000| Complete 
|  59|0x0000000084d00000, 0x0000000084e00000, 0x0000000084e00000|100%| O|  |TAMS 0x0000000084d00000, 0x0000000084d00000| Untracked 
|  60|0x0000000084e00000, 0x0000000084f00000, 0x0000000084f00000|100%| O|  |TAMS 0x0000000084e00000, 0x0000000084e00000| Untracked 
|  61|0x0000000084f00000, 0x0000000085000000, 0x0000000085000000|100%| O|  |TAMS 0x0000000084f00000, 0x0000000084f00000| Untracked 
|  62|0x0000000085000000, 0x0000000085100000, 0x0000000085100000|100%| O|  |TAMS 0x0000000085000000, 0x0000000085000000| Untracked 
|  63|0x0000000085100000, 0x0000000085200000, 0x0000000085200000|100%| O|  |TAMS 0x0000000085100000, 0x0000000085100000| Untracked 
|  64|0x0000000085200000, 0x0000000085300000, 0x0000000085300000|100%| O|  |TAMS 0x0000000085200000, 0x0000000085200000| Untracked 
|  65|0x0000000085300000, 0x0000000085400000, 0x0000000085400000|100%| O|  |TAMS 0x0000000085300000, 0x0000000085300000| Untracked 
|  66|0x0000000085400000, 0x0000000085500000, 0x0000000085500000|100%| O|  |TAMS 0x0000000085400000, 0x0000000085400000| Untracked 
|  67|0x0000000085500000, 0x0000000085600000, 0x0000000085600000|100%| O|  |TAMS 0x0000000085500000, 0x0000000085500000| Untracked 
|  68|0x0000000085600000, 0x0000000085700000, 0x0000000085700000|100%| O|  |TAMS 0x0000000085600000, 0x0000000085600000| Untracked 
|  69|0x0000000085700000, 0x0000000085800000, 0x0000000085800000|100%| O|  |TAMS 0x0000000085700000, 0x0000000085700000| Untracked 
|  70|0x0000000085800000, 0x0000000085900000, 0x0000000085900000|100%| O|  |TAMS 0x0000000085800000, 0x0000000085800000| Untracked 
|  71|0x0000000085900000, 0x0000000085a00000, 0x0000000085a00000|100%| O|  |TAMS 0x0000000085900000, 0x0000000085900000| Untracked 
|  72|0x0000000085a00000, 0x0000000085b00000, 0x0000000085b00000|100%| O|  |TAMS 0x0000000085a00000, 0x0000000085a00000| Untracked 
|  73|0x0000000085b00000, 0x0000000085c00000, 0x0000000085c00000|100%| O|  |TAMS 0x0000000085b00000, 0x0000000085b00000| Untracked 
|  74|0x0000000085c00000, 0x0000000085d00000, 0x0000000085d00000|100%| O|  |TAMS 0x0000000085c00000, 0x0000000085c00000| Untracked 
|  75|0x0000000085d00000, 0x0000000085e00000, 0x0000000085e00000|100%| O|  |TAMS 0x0000000085d00000, 0x0000000085d00000| Untracked 
|  76|0x0000000085e00000, 0x0000000085f00000, 0x0000000085f00000|100%| O|  |TAMS 0x0000000085e00000, 0x0000000085e00000| Untracked 
|  77|0x0000000085f00000, 0x0000000085fe8000, 0x0000000086000000| 90%| O|  |TAMS 0x0000000085f00000, 0x0000000085f00000| Untracked 
|  78|0x0000000086000000, 0x0000000086000000, 0x0000000086100000|  0%| F|  |TAMS 0x0000000086000000, 0x0000000086000000| Untracked 
|  79|0x0000000086100000, 0x0000000086100000, 0x0000000086200000|  0%| F|  |TAMS 0x0000000086100000, 0x0000000086100000| Untracked 
|  80|0x0000000086200000, 0x0000000086200000, 0x0000000086300000|  0%| F|  |TAMS 0x0000000086200000, 0x0000000086200000| Untracked 
|  81|0x0000000086300000, 0x0000000086300000, 0x0000000086400000|  0%| F|  |TAMS 0x0000000086300000, 0x0000000086300000| Untracked 
|  82|0x0000000086400000, 0x0000000086400000, 0x0000000086500000|  0%| F|  |TAMS 0x0000000086400000, 0x0000000086400000| Untracked 
|  83|0x0000000086500000, 0x0000000086500000, 0x0000000086600000|  0%| F|  |TAMS 0x0000000086500000, 0x0000000086500000| Untracked 
|  84|0x0000000086600000, 0x0000000086600000, 0x0000000086700000|  0%| F|  |TAMS 0x0000000086600000, 0x0000000086600000| Untracked 
|  85|0x0000000086700000, 0x0000000086700000, 0x0000000086800000|  0%| F|  |TAMS 0x0000000086700000, 0x0000000086700000| Untracked 
|  86|0x0000000086800000, 0x0000000086800000, 0x0000000086900000|  0%| F|  |TAMS 0x0000000086800000, 0x0000000086800000| Untracked 
|  87|0x0000000086900000, 0x0000000086900000, 0x0000000086a00000|  0%| F|  |TAMS 0x0000000086900000, 0x0000000086900000| Untracked 
|  88|0x0000000086a00000, 0x0000000086a00000, 0x0000000086b00000|  0%| F|  |TAMS 0x0000000086a00000, 0x0000000086a00000| Untracked 
|  89|0x0000000086b00000, 0x0000000086b00000, 0x0000000086c00000|  0%| F|  |TAMS 0x0000000086b00000, 0x0000000086b00000| Untracked 
|  90|0x0000000086c00000, 0x0000000086c00000, 0x0000000086d00000|  0%| F|  |TAMS 0x0000000086c00000, 0x0000000086c00000| Untracked 
|  91|0x0000000086d00000, 0x0000000086d00000, 0x0000000086e00000|  0%| F|  |TAMS 0x0000000086d00000, 0x0000000086d00000| Untracked 
|  92|0x0000000086e00000, 0x0000000086e00000, 0x0000000086f00000|  0%| F|  |TAMS 0x0000000086e00000, 0x0000000086e00000| Untracked 
|  93|0x0000000086f00000, 0x0000000086f00000, 0x0000000087000000|  0%| F|  |TAMS 0x0000000086f00000, 0x0000000086f00000| Untracked 
|  94|0x0000000087000000, 0x0000000087000000, 0x0000000087100000|  0%| F|  |TAMS 0x0000000087000000, 0x0000000087000000| Untracked 
|  95|0x0000000087100000, 0x0000000087100000, 0x0000000087200000|  0%| F|  |TAMS 0x0000000087100000, 0x0000000087100000| Untracked 
|  96|0x0000000087200000, 0x0000000087200000, 0x0000000087300000|  0%| F|  |TAMS 0x0000000087200000, 0x0000000087200000| Untracked 
|  97|0x0000000087300000, 0x0000000087300000, 0x0000000087400000|  0%| F|  |TAMS 0x0000000087300000, 0x0000000087300000| Untracked 
|  98|0x0000000087400000, 0x0000000087400000, 0x0000000087500000|  0%| F|  |TAMS 0x0000000087400000, 0x0000000087400000| Untracked 
|  99|0x0000000087500000, 0x0000000087500000, 0x0000000087600000|  0%| F|  |TAMS 0x0000000087500000, 0x0000000087500000| Untracked 
| 100|0x0000000087600000, 0x0000000087600000, 0x0000000087700000|  0%| F|  |TAMS 0x0000000087600000, 0x0000000087600000| Untracked 
| 101|0x0000000087700000, 0x0000000087700000, 0x0000000087800000|  0%| F|  |TAMS 0x0000000087700000, 0x0000000087700000| Untracked 
| 102|0x0000000087800000, 0x0000000087800000, 0x0000000087900000|  0%| F|  |TAMS 0x0000000087800000, 0x0000000087800000| Untracked 
| 103|0x0000000087900000, 0x0000000087900000, 0x0000000087a00000|  0%| F|  |TAMS 0x0000000087900000, 0x0000000087900000| Untracked 
| 104|0x0000000087a00000, 0x0000000087a00000, 0x0000000087b00000|  0%| F|  |TAMS 0x0000000087a00000, 0x0000000087a00000| Untracked 
| 105|0x0000000087b00000, 0x0000000087b00000, 0x0000000087c00000|  0%| F|  |TAMS 0x0000000087b00000, 0x0000000087b00000| Untracked 
| 106|0x0000000087c00000, 0x0000000087c00000, 0x0000000087d00000|  0%| F|  |TAMS 0x0000000087c00000, 0x0000000087c00000| Untracked 
| 107|0x0000000087d00000, 0x0000000087df74d0, 0x0000000087e00000| 96%| S|CS|TAMS 0x0000000087d00000, 0x0000000087d00000| Complete 
| 108|0x0000000087e00000, 0x0000000087f00000, 0x0000000087f00000|100%| S|CS|TAMS 0x0000000087e00000, 0x0000000087e00000| Complete 
| 109|0x0000000087f00000, 0x0000000088000000, 0x0000000088000000|100%| S|CS|TAMS 0x0000000087f00000, 0x0000000087f00000| Complete 
| 110|0x0000000088000000, 0x0000000088100000, 0x0000000088100000|100%| S|CS|TAMS 0x0000000088000000, 0x0000000088000000| Complete 
| 111|0x0000000088100000, 0x0000000088200000, 0x0000000088200000|100%| S|CS|TAMS 0x0000000088100000, 0x0000000088100000| Complete 
| 112|0x0000000088200000, 0x0000000088200000, 0x0000000088300000|  0%| F|  |TAMS 0x0000000088200000, 0x0000000088200000| Untracked 
| 113|0x0000000088300000, 0x0000000088300000, 0x0000000088400000|  0%| F|  |TAMS 0x0000000088300000, 0x0000000088300000| Untracked 
| 114|0x0000000088400000, 0x0000000088400000, 0x0000000088500000|  0%| F|  |TAMS 0x0000000088400000, 0x0000000088400000| Untracked 
| 115|0x0000000088500000, 0x0000000088500000, 0x0000000088600000|  0%| F|  |TAMS 0x0000000088500000, 0x0000000088500000| Untracked 
| 116|0x0000000088600000, 0x0000000088600000, 0x0000000088700000|  0%| F|  |TAMS 0x0000000088600000, 0x0000000088600000| Untracked 
| 117|0x0000000088700000, 0x0000000088700000, 0x0000000088800000|  0%| F|  |TAMS 0x0000000088700000, 0x0000000088700000| Untracked 
| 118|0x0000000088800000, 0x0000000088800000, 0x0000000088900000|  0%| F|  |TAMS 0x0000000088800000, 0x0000000088800000| Untracked 
| 119|0x0000000088900000, 0x0000000088a00000, 0x0000000088a00000|100%| S|CS|TAMS 0x0000000088900000, 0x0000000088900000| Complete 
| 120|0x0000000088a00000, 0x0000000088b00000, 0x0000000088b00000|100%| S|CS|TAMS 0x0000000088a00000, 0x0000000088a00000| Complete 
| 121|0x0000000088b00000, 0x0000000088c00000, 0x0000000088c00000|100%| S|CS|TAMS 0x0000000088b00000, 0x0000000088b00000| Complete 
| 122|0x0000000088c00000, 0x0000000088c00000, 0x0000000088d00000|  0%| F|  |TAMS 0x0000000088c00000, 0x0000000088c00000| Untracked 
| 123|0x0000000088d00000, 0x0000000088d00000, 0x0000000088e00000|  0%| F|  |TAMS 0x0000000088d00000, 0x0000000088d00000| Untracked 
| 124|0x0000000088e00000, 0x0000000088e00000, 0x0000000088f00000|  0%| F|  |TAMS 0x0000000088e00000, 0x0000000088e00000| Untracked 
| 125|0x0000000088f00000, 0x0000000088f00000, 0x0000000089000000|  0%| F|  |TAMS 0x0000000088f00000, 0x0000000088f00000| Untracked 
| 126|0x0000000089000000, 0x0000000089000000, 0x0000000089100000|  0%| F|  |TAMS 0x0000000089000000, 0x0000000089000000| Untracked 
| 127|0x0000000089100000, 0x0000000089100000, 0x0000000089200000|  0%| F|  |TAMS 0x0000000089100000, 0x0000000089100000| Untracked 
| 128|0x0000000089200000, 0x0000000089200000, 0x0000000089300000|  0%| F|  |TAMS 0x0000000089200000, 0x0000000089200000| Untracked 
| 129|0x0000000089300000, 0x0000000089300000, 0x0000000089400000|  0%| F|  |TAMS 0x0000000089300000, 0x0000000089300000| Untracked 
| 130|0x0000000089400000, 0x0000000089400000, 0x0000000089500000|  0%| F|  |TAMS 0x0000000089400000, 0x0000000089400000| Untracked 
| 131|0x0000000089500000, 0x0000000089500000, 0x0000000089600000|  0%| F|  |TAMS 0x0000000089500000, 0x0000000089500000| Untracked 
| 132|0x0000000089600000, 0x0000000089600000, 0x0000000089700000|  0%| F|  |TAMS 0x0000000089600000, 0x0000000089600000| Untracked 
| 133|0x0000000089700000, 0x0000000089700000, 0x0000000089800000|  0%| F|  |TAMS 0x0000000089700000, 0x0000000089700000| Untracked 
| 134|0x0000000089800000, 0x0000000089800000, 0x0000000089900000|  0%| F|  |TAMS 0x0000000089800000, 0x0000000089800000| Untracked 
| 135|0x0000000089900000, 0x0000000089900000, 0x0000000089a00000|  0%| F|  |TAMS 0x0000000089900000, 0x0000000089900000| Untracked 
| 136|0x0000000089a00000, 0x0000000089a00000, 0x0000000089b00000|  0%| F|  |TAMS 0x0000000089a00000, 0x0000000089a00000| Untracked 
| 137|0x0000000089b00000, 0x0000000089b00000, 0x0000000089c00000|  0%| F|  |TAMS 0x0000000089b00000, 0x0000000089b00000| Untracked 
| 138|0x0000000089c00000, 0x0000000089c00000, 0x0000000089d00000|  0%| F|  |TAMS 0x0000000089c00000, 0x0000000089c00000| Untracked 
| 139|0x0000000089d00000, 0x0000000089d00000, 0x0000000089e00000|  0%| F|  |TAMS 0x0000000089d00000, 0x0000000089d00000| Untracked 
| 140|0x0000000089e00000, 0x0000000089e00000, 0x0000000089f00000|  0%| F|  |TAMS 0x0000000089e00000, 0x0000000089e00000| Untracked 
| 141|0x0000000089f00000, 0x0000000089f00000, 0x000000008a000000|  0%| F|  |TAMS 0x0000000089f00000, 0x0000000089f00000| Untracked 
| 142|0x000000008a000000, 0x000000008a000000, 0x000000008a100000|  0%| F|  |TAMS 0x000000008a000000, 0x000000008a000000| Untracked 
| 143|0x000000008a100000, 0x000000008a100000, 0x000000008a200000|  0%| F|  |TAMS 0x000000008a100000, 0x000000008a100000| Untracked 
| 144|0x000000008a200000, 0x000000008a200000, 0x000000008a300000|  0%| F|  |TAMS 0x000000008a200000, 0x000000008a200000| Untracked 
| 145|0x000000008a300000, 0x000000008a300000, 0x000000008a400000|  0%| F|  |TAMS 0x000000008a300000, 0x000000008a300000| Untracked 
| 146|0x000000008a400000, 0x000000008a400000, 0x000000008a500000|  0%| F|  |TAMS 0x000000008a400000, 0x000000008a400000| Untracked 
| 147|0x000000008a500000, 0x000000008a500000, 0x000000008a600000|  0%| F|  |TAMS 0x000000008a500000, 0x000000008a500000| Untracked 
| 148|0x000000008a600000, 0x000000008a600000, 0x000000008a700000|  0%| F|  |TAMS 0x000000008a600000, 0x000000008a600000| Untracked 
| 149|0x000000008a700000, 0x000000008a700000, 0x000000008a800000|  0%| F|  |TAMS 0x000000008a700000, 0x000000008a700000| Untracked 
| 150|0x000000008a800000, 0x000000008a800000, 0x000000008a900000|  0%| F|  |TAMS 0x000000008a800000, 0x000000008a800000| Untracked 
| 151|0x000000008a900000, 0x000000008a900000, 0x000000008aa00000|  0%| F|  |TAMS 0x000000008a900000, 0x000000008a900000| Untracked 
| 152|0x000000008aa00000, 0x000000008aa00000, 0x000000008ab00000|  0%| F|  |TAMS 0x000000008aa00000, 0x000000008aa00000| Untracked 
| 153|0x000000008ab00000, 0x000000008ab00000, 0x000000008ac00000|  0%| F|  |TAMS 0x000000008ab00000, 0x000000008ab00000| Untracked 
| 154|0x000000008ac00000, 0x000000008ac00000, 0x000000008ad00000|  0%| F|  |TAMS 0x000000008ac00000, 0x000000008ac00000| Untracked 
| 155|0x000000008ad00000, 0x000000008ad00000, 0x000000008ae00000|  0%| F|  |TAMS 0x000000008ad00000, 0x000000008ad00000| Untracked 
| 156|0x000000008ae00000, 0x000000008ae00000, 0x000000008af00000|  0%| F|  |TAMS 0x000000008ae00000, 0x000000008ae00000| Untracked 
| 157|0x000000008af00000, 0x000000008af00000, 0x000000008b000000|  0%| F|  |TAMS 0x000000008af00000, 0x000000008af00000| Untracked 
| 158|0x000000008b000000, 0x000000008b000000, 0x000000008b100000|  0%| F|  |TAMS 0x000000008b000000, 0x000000008b000000| Untracked 
| 159|0x000000008b100000, 0x000000008b100000, 0x000000008b200000|  0%| F|  |TAMS 0x000000008b100000, 0x000000008b100000| Untracked 
| 160|0x000000008b200000, 0x000000008b200000, 0x000000008b300000|  0%| F|  |TAMS 0x000000008b200000, 0x000000008b200000| Untracked 
| 161|0x000000008b300000, 0x000000008b300000, 0x000000008b400000|  0%| F|  |TAMS 0x000000008b300000, 0x000000008b300000| Untracked 
| 162|0x000000008b400000, 0x000000008b400000, 0x000000008b500000|  0%| F|  |TAMS 0x000000008b400000, 0x000000008b400000| Untracked 
| 163|0x000000008b500000, 0x000000008b500000, 0x000000008b600000|  0%| F|  |TAMS 0x000000008b500000, 0x000000008b500000| Untracked 
| 164|0x000000008b600000, 0x000000008b600000, 0x000000008b700000|  0%| F|  |TAMS 0x000000008b600000, 0x000000008b600000| Untracked 
| 165|0x000000008b700000, 0x000000008b700000, 0x000000008b800000|  0%| F|  |TAMS 0x000000008b700000, 0x000000008b700000| Untracked 
| 166|0x000000008b800000, 0x000000008b800000, 0x000000008b900000|  0%| F|  |TAMS 0x000000008b800000, 0x000000008b800000| Untracked 
| 167|0x000000008b900000, 0x000000008b900000, 0x000000008ba00000|  0%| F|  |TAMS 0x000000008b900000, 0x000000008b900000| Untracked 
| 168|0x000000008ba00000, 0x000000008ba00000, 0x000000008bb00000|  0%| F|  |TAMS 0x000000008ba00000, 0x000000008ba00000| Untracked 
| 169|0x000000008bb00000, 0x000000008bb00000, 0x000000008bc00000|  0%| F|  |TAMS 0x000000008bb00000, 0x000000008bb00000| Untracked 
| 170|0x000000008bc00000, 0x000000008bc00000, 0x000000008bd00000|  0%| F|  |TAMS 0x000000008bc00000, 0x000000008bc00000| Untracked 
| 171|0x000000008bd00000, 0x000000008bd00000, 0x000000008be00000|  0%| F|  |TAMS 0x000000008bd00000, 0x000000008bd00000| Untracked 
| 172|0x000000008be00000, 0x000000008be00000, 0x000000008bf00000|  0%| F|  |TAMS 0x000000008be00000, 0x000000008be00000| Untracked 
| 173|0x000000008bf00000, 0x000000008bf00000, 0x000000008c000000|  0%| F|  |TAMS 0x000000008bf00000, 0x000000008bf00000| Untracked 
| 174|0x000000008c000000, 0x000000008c000000, 0x000000008c100000|  0%| F|  |TAMS 0x000000008c000000, 0x000000008c000000| Untracked 
| 175|0x000000008c100000, 0x000000008c100000, 0x000000008c200000|  0%| F|  |TAMS 0x000000008c100000, 0x000000008c100000| Untracked 
| 176|0x000000008c200000, 0x000000008c200000, 0x000000008c300000|  0%| F|  |TAMS 0x000000008c200000, 0x000000008c200000| Untracked 
| 177|0x000000008c300000, 0x000000008c300000, 0x000000008c400000|  0%| F|  |TAMS 0x000000008c300000, 0x000000008c300000| Untracked 
| 178|0x000000008c400000, 0x000000008c400000, 0x000000008c500000|  0%| F|  |TAMS 0x000000008c400000, 0x000000008c400000| Untracked 
| 179|0x000000008c500000, 0x000000008c500000, 0x000000008c600000|  0%| F|  |TAMS 0x000000008c500000, 0x000000008c500000| Untracked 
| 180|0x000000008c600000, 0x000000008c600000, 0x000000008c700000|  0%| F|  |TAMS 0x000000008c600000, 0x000000008c600000| Untracked 
| 181|0x000000008c700000, 0x000000008c700000, 0x000000008c800000|  0%| F|  |TAMS 0x000000008c700000, 0x000000008c700000| Untracked 
| 182|0x000000008c800000, 0x000000008c800000, 0x000000008c900000|  0%| F|  |TAMS 0x000000008c800000, 0x000000008c800000| Untracked 
| 183|0x000000008c900000, 0x000000008c900000, 0x000000008ca00000|  0%| F|  |TAMS 0x000000008c900000, 0x000000008c900000| Untracked 
| 184|0x000000008ca00000, 0x000000008ca00000, 0x000000008cb00000|  0%| F|  |TAMS 0x000000008ca00000, 0x000000008ca00000| Untracked 
| 185|0x000000008cb00000, 0x000000008cb00000, 0x000000008cc00000|  0%| F|  |TAMS 0x000000008cb00000, 0x000000008cb00000| Untracked 
| 186|0x000000008cc00000, 0x000000008cc00000, 0x000000008cd00000|  0%| F|  |TAMS 0x000000008cc00000, 0x000000008cc00000| Untracked 
| 187|0x000000008cd00000, 0x000000008cd00000, 0x000000008ce00000|  0%| F|  |TAMS 0x000000008cd00000, 0x000000008cd00000| Untracked 
| 188|0x000000008ce00000, 0x000000008ce00000, 0x000000008cf00000|  0%| F|  |TAMS 0x000000008ce00000, 0x000000008ce00000| Untracked 
| 189|0x000000008cf00000, 0x000000008cf00000, 0x000000008d000000|  0%| F|  |TAMS 0x000000008cf00000, 0x000000008cf00000| Untracked 
| 190|0x000000008d000000, 0x000000008d000000, 0x000000008d100000|  0%| F|  |TAMS 0x000000008d000000, 0x000000008d000000| Untracked 
| 191|0x000000008d100000, 0x000000008d100000, 0x000000008d200000|  0%| F|  |TAMS 0x000000008d100000, 0x000000008d100000| Untracked 
| 192|0x000000008d200000, 0x000000008d200000, 0x000000008d300000|  0%| F|  |TAMS 0x000000008d200000, 0x000000008d200000| Untracked 
| 193|0x000000008d300000, 0x000000008d300000, 0x000000008d400000|  0%| F|  |TAMS 0x000000008d300000, 0x000000008d300000| Untracked 
| 194|0x000000008d400000, 0x000000008d400000, 0x000000008d500000|  0%| F|  |TAMS 0x000000008d400000, 0x000000008d400000| Untracked 
| 195|0x000000008d500000, 0x000000008d500000, 0x000000008d600000|  0%| F|  |TAMS 0x000000008d500000, 0x000000008d500000| Untracked 
| 196|0x000000008d600000, 0x000000008d600000, 0x000000008d700000|  0%| F|  |TAMS 0x000000008d600000, 0x000000008d600000| Untracked 
| 197|0x000000008d700000, 0x000000008d700000, 0x000000008d800000|  0%| F|  |TAMS 0x000000008d700000, 0x000000008d700000| Untracked 
| 198|0x000000008d800000, 0x000000008d800000, 0x000000008d900000|  0%| F|  |TAMS 0x000000008d800000, 0x000000008d800000| Untracked 
| 199|0x000000008d900000, 0x000000008d900000, 0x000000008da00000|  0%| F|  |TAMS 0x000000008d900000, 0x000000008d900000| Untracked 
| 200|0x000000008da00000, 0x000000008da00000, 0x000000008db00000|  0%| F|  |TAMS 0x000000008da00000, 0x000000008da00000| Untracked 
| 201|0x000000008db00000, 0x000000008db00000, 0x000000008dc00000|  0%| F|  |TAMS 0x000000008db00000, 0x000000008db00000| Untracked 
| 202|0x000000008dc00000, 0x000000008dc00000, 0x000000008dd00000|  0%| F|  |TAMS 0x000000008dc00000, 0x000000008dc00000| Untracked 
| 203|0x000000008dd00000, 0x000000008dd00000, 0x000000008de00000|  0%| F|  |TAMS 0x000000008dd00000, 0x000000008dd00000| Untracked 
| 204|0x000000008de00000, 0x000000008de00000, 0x000000008df00000|  0%| F|  |TAMS 0x000000008de00000, 0x000000008de00000| Untracked 
| 205|0x000000008df00000, 0x000000008df00000, 0x000000008e000000|  0%| F|  |TAMS 0x000000008df00000, 0x000000008df00000| Untracked 
| 206|0x000000008e000000, 0x000000008e000000, 0x000000008e100000|  0%| F|  |TAMS 0x000000008e000000, 0x000000008e000000| Untracked 
| 207|0x000000008e100000, 0x000000008e100000, 0x000000008e200000|  0%| F|  |TAMS 0x000000008e100000, 0x000000008e100000| Untracked 

Card table byte_map: [0x000002806b780000,0x000002806bb80000] _byte_map_base: 0x000002806b377000

Marking Bits (Prev, Next): (CMBitMap*) 0x0000028065750df0, (CMBitMap*) 0x0000028065750db0
 Prev Bits: [0x000002806df40000, 0x000002806fef8000)
 Next Bits: [0x000002806bf80000, 0x000002806df38000)

Polling page: 0x0000028063890000

Metaspace:

Usage:
  Non-class:     33.55 MB used.
      Class:      4.86 MB used.
       Both:     38.41 MB used.

Virtual space:
  Non-class space:       40.00 MB reserved,      33.75 MB ( 84%) committed,  5 nodes.
      Class space:        1.00 GB reserved,       5.00 MB ( <1%) committed,  1 nodes.
             Both:        1.04 GB reserved,      38.75 MB (  4%) committed. 

Chunk freelists:
   Non-Class:  1.47 MB
       Class:  3.00 MB
        Both:  4.47 MB

MaxMetaspaceSize: unlimited
CompressedClassSpaceSize: 1.00 GB
Initial GC threshold: 21.00 MB
Current GC threshold: 64.50 MB
CDS: off
MetaspaceReclaimPolicy: balanced
 - commit_granule_bytes: 65536.
 - commit_granule_words: 8192.
 - virtual_space_node_default_size: 1048576.
 - enlarge_chunks_in_place: 1.
 - new_chunks_are_fully_committed: 0.
 - uncommit_free_chunks: 1.
 - use_allocation_guard: 0.
 - handle_deallocations: 1.


Internal statistics:

num_allocs_failed_limit: 6.
num_arena_births: 388.
num_arena_deaths: 0.
num_vsnodes_births: 6.
num_vsnodes_deaths: 0.
num_space_committed: 620.
num_space_uncommitted: 0.
num_chunks_returned_to_freelist: 6.
num_chunks_taken_from_freelist: 1553.
num_chunk_merges: 6.
num_chunk_splits: 1060.
num_chunks_enlarged: 813.
num_purges: 0.
num_inconsistent_stats: 0.

CodeCache: size=49152Kb used=9091Kb max_used=9091Kb free=40060Kb
 bounds [0x0000028068380000, 0x0000028068c70000, 0x000002806b380000]
 total_blobs=4623 nmethods=4087 adapters=462
 compilation: enabled
              stopped_count=0, restarted_count=0
 full_count=0

Compilation events (20 events):
Event: 6.396 Thread 0x00000280723129c0 nmethod 4078 0x0000028068c52010 code [0x0000028068c521c0, 0x0000028068c52438]
Event: 6.404 Thread 0x00000280723129c0 4079   !   1       io.github.classgraph.ClasspathElementModule$1::open (129 bytes)
Event: 6.406 Thread 0x00000280723129c0 nmethod 4079 0x0000028068c52590 code [0x0000028068c52840, 0x0000028068c532f8]
Event: 6.407 Thread 0x00000280723129c0 4084       1       io.github.classgraph.Classfile::extendScanningUpwards (585 bytes)
Event: 6.409 Thread 0x00000280723129c0 nmethod 4084 0x0000028068c53910 code [0x0000028068c53d80, 0x0000028068c54c88]
Event: 6.409 Thread 0x00000280723129c0 4083       1       io.github.classgraph.Classfile::readInterfaces (63 bytes)
Event: 6.409 Thread 0x0000028072f04bd0 4080       1       io.github.classgraph.ModuleReaderProxy::open (72 bytes)
Event: 6.409 Thread 0x00000280723129c0 nmethod 4083 0x0000028068c55810 code [0x0000028068c559e0, 0x0000028068c55cf8]
Event: 6.409 Thread 0x00000280723129c0 4081       1       jdk.internal.module.SystemModuleFinders$SystemModuleReader$$Lambda$132/0x00000001001e9f30::apply (12 bytes)
Event: 6.410 Thread 0x00000280723129c0 nmethod 4081 0x0000028068c55e90 code [0x0000028068c56020, 0x0000028068c56148]
Event: 6.410 Thread 0x00000280723129c0 4082       1       io.github.classgraph.Classfile::readBasicClassInfo (339 bytes)
Event: 6.410 Thread 0x0000028072f04bd0 nmethod 4080 0x0000028068c56210 code [0x0000028068c56420, 0x0000028068c56908]
Event: 6.412 Thread 0x0000028072f05190 nmethod 4042 0x0000028068c56b10 code [0x0000028068c57240, 0x0000028068c5a548]
Event: 6.412 Thread 0x00000280723129c0 nmethod 4082 0x0000028068c5d310 code [0x0000028068c5d680, 0x0000028068c5e4a8]
Event: 6.418 Thread 0x0000028072f05190 4085  s!   1       jdk.internal.loader.URLClassPath::getLoader (196 bytes)
Event: 6.424 Thread 0x0000028072f05190 nmethod 4085 0x0000028068c5ec90 code [0x0000028068c5ef40, 0x0000028068c5f958]
Event: 6.680 Thread 0x0000028072f05190 4086       1       java.util.concurrent.locks.ReentrantLock$NonfairSync::tryAcquire (27 bytes)
Event: 6.681 Thread 0x0000028072f05190 nmethod 4086 0x0000028068c60610 code [0x0000028068c607a0, 0x0000028068c60918]
Event: 6.712 Thread 0x00000280723129c0 4087       1       java.util.concurrent.locks.AbstractQueuedSynchronizer::acquireInterruptibly (36 bytes)
Event: 6.713 Thread 0x00000280723129c0 nmethod 4087 0x0000028068c60990 code [0x0000028068c60b60, 0x0000028068c60db8]

GC Heap History (20 events):
Event: 5.151 GC heap after
{Heap after GC invocations=14 (full 0):
 garbage-first heap   total 75776K, used 35824K [0x0000000081200000, 0x0000000100000000)
  region size 1024K, 4 young (4096K), 4 survivors (4096K)
 Metaspace       used 37884K, committed 38144K, reserved 1089536K
  class space    used 4803K, committed 4928K, reserved 1048576K
}
Event: 5.241 GC heap before
{Heap before GC invocations=14 (full 0):
 garbage-first heap   total 75776K, used 55280K [0x0000000081200000, 0x0000000100000000)
  region size 1024K, 24 young (24576K), 4 survivors (4096K)
 Metaspace       used 38118K, committed 38400K, reserved 1089536K
  class space    used 4819K, committed 4928K, reserved 1048576K
}
Event: 5.256 GC heap after
{Heap after GC invocations=15 (full 0):
 garbage-first heap   total 106496K, used 41062K [0x0000000081200000, 0x0000000100000000)
  region size 1024K, 3 young (3072K), 3 survivors (3072K)
 Metaspace       used 38118K, committed 38400K, reserved 1089536K
  class space    used 4819K, committed 4928K, reserved 1048576K
}
Event: 5.656 GC heap before
{Heap before GC invocations=15 (full 0):
 garbage-first heap   total 106496K, used 76902K [0x0000000081200000, 0x0000000100000000)
  region size 1024K, 39 young (39936K), 3 survivors (3072K)
 Metaspace       used 38781K, committed 39168K, reserved 1089536K
  class space    used 4892K, committed 5056K, reserved 1048576K
}
Event: 5.675 GC heap after
{Heap after GC invocations=16 (full 0):
 garbage-first heap   total 106496K, used 51545K [0x0000000081200000, 0x0000000100000000)
  region size 1024K, 5 young (5120K), 5 survivors (5120K)
 Metaspace       used 38781K, committed 39168K, reserved 1089536K
  class space    used 4892K, committed 5056K, reserved 1048576K
}
Event: 6.177 GC heap before
{Heap before GC invocations=16 (full 0):
 garbage-first heap   total 106496K, used 77145K [0x0000000081200000, 0x0000000100000000)
  region size 1024K, 31 young (31744K), 5 survivors (5120K)
 Metaspace       used 39137K, committed 39488K, reserved 1089536K
  class space    used 4954K, committed 5120K, reserved 1048576K
}
Event: 6.199 GC heap after
{Heap after GC invocations=17 (full 0):
 garbage-first heap   total 106496K, used 63176K [0x0000000081200000, 0x0000000100000000)
  region size 1024K, 4 young (4096K), 4 survivors (4096K)
 Metaspace       used 39137K, committed 39488K, reserved 1089536K
  class space    used 4954K, committed 5120K, reserved 1048576K
}
Event: 6.319 GC heap before
{Heap before GC invocations=17 (full 0):
 garbage-first heap   total 106496K, used 79560K [0x0000000081200000, 0x0000000100000000)
  region size 1024K, 20 young (20480K), 4 survivors (4096K)
 Metaspace       used 39225K, committed 39616K, reserved 1089536K
  class space    used 4963K, committed 5120K, reserved 1048576K
}
Event: 6.342 GC heap after
{Heap after GC invocations=18 (full 0):
 garbage-first heap   total 106496K, used 70255K [0x0000000081200000, 0x0000000100000000)
  region size 1024K, 3 young (3072K), 3 survivors (3072K)
 Metaspace       used 39225K, committed 39616K, reserved 1089536K
  class space    used 4963K, committed 5120K, reserved 1048576K
}
Event: 6.375 GC heap before
{Heap before GC invocations=18 (full 0):
 garbage-first heap   total 106496K, used 81519K [0x0000000081200000, 0x0000000100000000)
  region size 1024K, 15 young (15360K), 3 survivors (3072K)
 Metaspace       used 39226K, committed 39616K, reserved 1089536K
  class space    used 4963K, committed 5120K, reserved 1048576K
}
Event: 6.384 GC heap after
{Heap after GC invocations=19 (full 0):
 garbage-first heap   total 212992K, used 71160K [0x0000000081200000, 0x0000000100000000)
  region size 1024K, 1 young (1024K), 1 survivors (1024K)
 Metaspace       used 39226K, committed 39616K, reserved 1089536K
  class space    used 4963K, committed 5120K, reserved 1048576K
}
Event: 6.503 GC heap before
{Heap before GC invocations=20 (full 0):
 garbage-first heap   total 212992K, used 141816K [0x0000000081200000, 0x0000000100000000)
  region size 1024K, 72 young (73728K), 1 survivors (1024K)
 Metaspace       used 39331K, committed 39680K, reserved 1089536K
  class space    used 4977K, committed 5120K, reserved 1048576K
}
Event: 6.508 GC heap after
{Heap after GC invocations=21 (full 0):
 garbage-first heap   total 212992K, used 72746K [0x0000000081200000, 0x0000000100000000)
  region size 1024K, 4 young (4096K), 4 survivors (4096K)
 Metaspace       used 39331K, committed 39680K, reserved 1089536K
  class space    used 4977K, committed 5120K, reserved 1048576K
}
Event: 6.590 GC heap before
{Heap before GC invocations=21 (full 0):
 garbage-first heap   total 212992K, used 157738K [0x0000000081200000, 0x0000000100000000)
  region size 1024K, 89 young (91136K), 4 survivors (4096K)
 Metaspace       used 39331K, committed 39680K, reserved 1089536K
  class space    used 4977K, committed 5120K, reserved 1048576K
}
Event: 6.598 GC heap after
{Heap after GC invocations=22 (full 0):
 garbage-first heap   total 212992K, used 76279K [0x0000000081200000, 0x0000000100000000)
  region size 1024K, 7 young (7168K), 7 survivors (7168K)
 Metaspace       used 39331K, committed 39680K, reserved 1089536K
  class space    used 4977K, committed 5120K, reserved 1048576K
}
Event: 6.662 GC heap before
{Heap before GC invocations=22 (full 0):
 garbage-first heap   total 212992K, used 163319K [0x0000000081200000, 0x0000000100000000)
  region size 1024K, 93 young (95232K), 7 survivors (7168K)
 Metaspace       used 39331K, committed 39680K, reserved 1089536K
  class space    used 4977K, committed 5120K, reserved 1048576K
}
Event: 6.670 GC heap after
{Heap after GC invocations=23 (full 0):
 garbage-first heap   total 212992K, used 79786K [0x0000000081200000, 0x0000000100000000)
  region size 1024K, 7 young (7168K), 7 survivors (7168K)
 Metaspace       used 39331K, committed 39680K, reserved 1089536K
  class space    used 4977K, committed 5120K, reserved 1048576K
}
Event: 6.731 GC heap before
{Heap before GC invocations=23 (full 0):
 garbage-first heap   total 212992K, used 166826K [0x0000000081200000, 0x0000000100000000)
  region size 1024K, 93 young (95232K), 7 survivors (7168K)
 Metaspace       used 39331K, committed 39680K, reserved 1089536K
  class space    used 4977K, committed 5120K, reserved 1048576K
}
Event: 6.737 GC heap after
{Heap after GC invocations=24 (full 0):
 garbage-first heap   total 212992K, used 83485K [0x0000000081200000, 0x0000000100000000)
  region size 1024K, 7 young (7168K), 7 survivors (7168K)
 Metaspace       used 39331K, committed 39680K, reserved 1089536K
  class space    used 4977K, committed 5120K, reserved 1048576K
}
Event: 6.802 GC heap before
{Heap before GC invocations=24 (full 0):
 garbage-first heap   total 212992K, used 170525K [0x0000000081200000, 0x0000000100000000)
  region size 1024K, 93 young (95232K), 7 survivors (7168K)
 Metaspace       used 39332K, committed 39680K, reserved 1089536K
  class space    used 4978K, committed 5120K, reserved 1048576K
}

Dll operation events (8 events):
Event: 0.015 Loaded shared library c:\Users\Micro\.vscode\extensions\redhat.java-1.13.0-win32-x64\jre\17.0.5-win32-x86_64\bin\java.dll
Event: 0.418 Loaded shared library C:\Users\Micro\.vscode\extensions\redhat.java-1.13.0-win32-x64\jre\17.0.5-win32-x86_64\bin\net.dll
Event: 0.420 Loaded shared library C:\Users\Micro\.vscode\extensions\redhat.java-1.13.0-win32-x64\jre\17.0.5-win32-x86_64\bin\nio.dll
Event: 0.430 Loaded shared library C:\Users\Micro\.vscode\extensions\redhat.java-1.13.0-win32-x64\jre\17.0.5-win32-x86_64\bin\zip.dll
Event: 0.632 Loaded shared library c:\Users\Micro\.vscode\extensions\redhat.java-1.13.0-win32-x64\jre\17.0.5-win32-x86_64\bin\verify.dll
Event: 0.644 Loaded shared library C:\Users\Micro\.vscode\extensions\redhat.java-1.13.0-win32-x64\jre\17.0.5-win32-x86_64\bin\jimage.dll
Event: 1.819 Loaded shared library C:\Users\Micro\.vscode\extensions\redhat.java-1.13.0-win32-x64\jre\17.0.5-win32-x86_64\bin\management.dll
Event: 1.823 Loaded shared library C:\Users\Micro\.vscode\extensions\redhat.java-1.13.0-win32-x64\jre\17.0.5-win32-x86_64\bin\management_ext.dll

Deoptimization events (12 events):
Event: 2.062 Thread 0x00000280656f3260 DEOPT PACKING pc=0x0000028068853199 sp=0x000000ddf58fd610
Event: 2.062 Thread 0x00000280656f3260 DEOPT UNPACKING pc=0x00000280683d2b24 sp=0x000000ddf58fcaf0 mode 3
Event: 3.311 Thread 0x00000280656f3260 DEOPT PACKING pc=0x00000280689c2e99 sp=0x000000ddf58fc9f0
Event: 3.311 Thread 0x00000280656f3260 DEOPT UNPACKING pc=0x00000280683d2b24 sp=0x000000ddf58fbed0 mode 3
Event: 3.718 Thread 0x00000280743a01f0 DEOPT PACKING pc=0x0000028068a79835 sp=0x000000ddf73fd490
Event: 3.718 Thread 0x00000280743a01f0 DEOPT UNPACKING pc=0x00000280683d2b24 sp=0x000000ddf73fc9b8 mode 3
Event: 4.060 Thread 0x000002807401aca0 DEOPT PACKING pc=0x000002806884ff01 sp=0x000000ddf72fd8b0
Event: 4.060 Thread 0x000002807401aca0 DEOPT UNPACKING pc=0x00000280683d2b24 sp=0x000000ddf72fcd40 mode 3
Event: 4.076 Thread 0x000002807446cef0 DEOPT PACKING pc=0x0000028068aa432b sp=0x000000ddf77fe8e0
Event: 4.076 Thread 0x000002807446cef0 DEOPT UNPACKING pc=0x00000280683d2b24 sp=0x000000ddf77fde28 mode 3
Event: 5.318 Thread 0x000002807446c080 DEOPT PACKING pc=0x000002806884de17 sp=0x000000ddf82ff140
Event: 5.318 Thread 0x000002807446c080 DEOPT UNPACKING pc=0x00000280683d2b24 sp=0x000000ddf82fe598 mode 3

Classes unloaded (0 events):
No events

Classes redefined (0 events):
No events

Internal exceptions (20 events):
Event: 4.150 Thread 0x000002807446fa40 Exception <a 'sun/nio/fs/WindowsException'{0x000000008398b768}> (0x000000008398b768) 
thrown [s\src\hotspot\share\prims\jni.cpp, line 516]
Event: 4.150 Thread 0x000002807446fa40 Exception <a 'sun/nio/fs/WindowsException'{0x000000008398bb10}> (0x000000008398bb10) 
thrown [s\src\hotspot\share\prims\jni.cpp, line 516]
Event: 4.150 Thread 0x000002807446fa40 Exception <a 'sun/nio/fs/WindowsException'{0x000000008398c510}> (0x000000008398c510) 
thrown [s\src\hotspot\share\prims\jni.cpp, line 516]
Event: 4.150 Thread 0x000002807446fa40 Exception <a 'sun/nio/fs/WindowsException'{0x000000008398c8d0}> (0x000000008398c8d0) 
thrown [s\src\hotspot\share\prims\jni.cpp, line 516]
Event: 4.150 Thread 0x000002807446fa40 Exception <a 'sun/nio/fs/WindowsException'{0x000000008398d2d0}> (0x000000008398d2d0) 
thrown [s\src\hotspot\share\prims\jni.cpp, line 516]
Event: 4.151 Thread 0x000002807446fa40 Exception <a 'sun/nio/fs/WindowsException'{0x000000008398d680}> (0x000000008398d680) 
thrown [s\src\hotspot\share\prims\jni.cpp, line 516]
Event: 4.151 Thread 0x000002807446fa40 Exception <a 'sun/nio/fs/WindowsException'{0x000000008398e080}> (0x000000008398e080) 
thrown [s\src\hotspot\share\prims\jni.cpp, line 516]
Event: 4.151 Thread 0x000002807446fa40 Exception <a 'sun/nio/fs/WindowsException'{0x000000008398e440}> (0x000000008398e440) 
thrown [s\src\hotspot\share\prims\jni.cpp, line 516]
Event: 4.151 Thread 0x000002807446fa40 Exception <a 'sun/nio/fs/WindowsException'{0x000000008398ee68}> (0x000000008398ee68) 
thrown [s\src\hotspot\share\prims\jni.cpp, line 516]
Event: 4.151 Thread 0x000002807446fa40 Exception <a 'sun/nio/fs/WindowsException'{0x000000008398f248}> (0x000000008398f248) 
thrown [s\src\hotspot\share\prims\jni.cpp, line 516]
Event: 4.151 Thread 0x000002807446fa40 Exception <a 'sun/nio/fs/WindowsException'{0x000000008398fc80}> (0x000000008398fc80) 
thrown [s\src\hotspot\share\prims\jni.cpp, line 516]
Event: 4.151 Thread 0x000002807446fa40 Exception <a 'sun/nio/fs/WindowsException'{0x0000000083990070}> (0x0000000083990070) 
thrown [s\src\hotspot\share\prims\jni.cpp, line 516]
Event: 4.152 Thread 0x000002807446fa40 Exception <a 'sun/nio/fs/WindowsException'{0x0000000083990a98}> (0x0000000083990a98) 
thrown [s\src\hotspot\share\prims\jni.cpp, line 516]
Event: 4.152 Thread 0x000002807446fa40 Exception <a 'sun/nio/fs/WindowsException'{0x0000000083990e88}> (0x0000000083990e88) 
thrown [s\src\hotspot\share\prims\jni.cpp, line 516]
Event: 5.467 Thread 0x00000280743a01f0 Exception <a 'java/lang/NoSuchMethodError'{0x0000000085d6c668}: 'java.lang.Object java.lang.invoke.Invokers$Holder.invoke_MT(java.lang.Object, java.lang.Object, java.lang.Object)'> (0x0000000085d6c668) 
thrown [s\src\hotspot\share\interpreter\linkResolver.cpp, line 759]
Event: 5.742 Thread 0x00000280743a01f0 Exception <a 'java/lang/NoSuchMethodError'{0x000000008774fd10}: 'java.lang.Object java.lang.invoke.DirectMethodHandle$Holder.newInvokeSpecial(java.lang.Object, java.lang.Object, int)'> (0x000000008774fd10) 
thrown [s\src\hotspot\share\interpreter\linkResolver.cpp, line 759]
Event: 5.784 Thread 0x0000028074571ad0 Exception <a 'java/lang/NoSuchMethodError'{0x0000000087608958}: 'java.lang.Object java.lang.invoke.Invokers$Holder.linkToTargetMethod(java.lang.Object, long, java.lang.Object)'> (0x0000000087608958) 
thrown [s\src\hotspot\share\interpreter\linkResolver.cpp, line 759]
Event: 5.805 Thread 0x0000028074571ad0 Exception <a 'sun/nio/fs/WindowsException'{0x00000000876c4198}> (0x00000000876c4198) 
thrown [s\src\hotspot\share\prims\jni.cpp, line 516]
Event: 5.805 Thread 0x0000028074571ad0 Exception <a 'sun/nio/fs/WindowsException'{0x00000000876c4fa0}> (0x00000000876c4fa0) 
thrown [s\src\hotspot\share\prims\jni.cpp, line 516]
Event: 5.808 Thread 0x0000028074571ad0 Exception <a 'sun/nio/fs/WindowsException'{0x00000000876d0120}> (0x00000000876d0120) 
thrown [s\src\hotspot\share\prims\jni.cpp, line 516]

VM Operations (20 events):
Event: 6.478 Executing VM operation: G1Concurrent done
Event: 6.499 Executing VM operation: G1CollectForAllocation
Event: 6.503 Executing VM operation: G1CollectForAllocation done
Event: 6.503 Executing VM operation: G1CollectForAllocation
Event: 6.508 Executing VM operation: G1CollectForAllocation done
Event: 6.590 Executing VM operation: G1CollectForAllocation
Event: 6.590 Executing VM operation: G1CollectForAllocation done
Event: 6.590 Executing VM operation: G1CollectForAllocation
Event: 6.599 Executing VM operation: G1CollectForAllocation done
Event: 6.661 Executing VM operation: G1CollectForAllocation
Event: 6.662 Executing VM operation: G1CollectForAllocation done
Event: 6.662 Executing VM operation: G1CollectForAllocation
Event: 6.670 Executing VM operation: G1CollectForAllocation done
Event: 6.728 Executing VM operation: G1CollectForAllocation
Event: 6.730 Executing VM operation: G1CollectForAllocation done
Event: 6.731 Executing VM operation: G1CollectForAllocation
Event: 6.737 Executing VM operation: G1CollectForAllocation done
Event: 6.795 Executing VM operation: G1CollectForAllocation
Event: 6.802 Executing VM operation: G1CollectForAllocation done
Event: 6.802 Executing VM operation: G1CollectForAllocation

Events (20 events):
Event: 5.578 loading class java/nio/file/Files$3 done
Event: 5.578 loading class java/nio/file/FileVisitResult
Event: 5.578 loading class java/nio/file/FileVisitResult done
Event: 5.654 loading class java/nio/channels/Channels$ReadableByteChannelImpl
Event: 5.654 loading class java/nio/channels/Channels$ReadableByteChannelImpl done
Event: 5.655 loading class java/nio/channels/NonWritableChannelException
Event: 5.655 loading class java/nio/channels/NonWritableChannelException done
Event: 5.739 loading class java/util/WeakHashMap$EntrySet
Event: 5.739 loading class java/util/WeakHashMap$EntrySet done
Event: 5.739 loading class java/util/WeakHashMap$EntryIterator
Event: 5.739 loading class java/util/WeakHashMap$HashIterator
Event: 5.739 loading class java/util/WeakHashMap$HashIterator done
Event: 5.739 loading class java/util/WeakHashMap$EntryIterator done
Event: 5.744 Thread 0x0000028074571ad0 Thread added: 0x0000028074571ad0
Event: 5.746 Thread 0x00000280745784b0 Thread added: 0x00000280745784b0
Event: 5.773 Thread 0x0000028074577170 Thread added: 0x0000028074577170
Event: 5.790 loading class sun/security/provider/MD5
Event: 5.790 loading class sun/security/provider/MD5 done
Event: 5.791 loading class sun/security/provider/ByteArrayAccess$LE
Event: 5.791 loading class sun/security/provider/ByteArrayAccess$LE done


Dynamic libraries:
0x00007ff7d9d80000 - 0x00007ff7d9d8e000 	c:\Users\Micro\.vscode\extensions\redhat.java-1.13.0-win32-x64\jre\17.0.5-win32-x86_64\bin\java.exe
0x00007fffbe870000 - 0x00007fffbea68000 	C:\Windows\SYSTEM32\ntdll.dll
0x00007fffbd3c0000 - 0x00007fffbd47f000 	C:\Windows\System32\KERNEL32.DLL
0x00007fffbc370000 - 0x00007fffbc642000 	C:\Windows\System32\KERNELBASE.dll
0x00007fffbc6f0000 - 0x00007fffbc7f0000 	C:\Windows\System32\ucrtbase.dll
0x00007fffb1380000 - 0x00007fffb1397000 	c:\Users\Micro\.vscode\extensions\redhat.java-1.13.0-win32-x64\jre\17.0.5-win32-x86_64\bin\jli.dll
0x00007fffbd210000 - 0x00007fffbd3b1000 	C:\Windows\System32\USER32.dll
0x00007fffbc880000 - 0x00007fffbc8a2000 	C:\Windows\System32\win32u.dll
0x00007fffbcc30000 - 0x00007fffbcc5b000 	C:\Windows\System32\GDI32.dll
0x00007fffbc160000 - 0x00007fffbc26f000 	C:\Windows\System32\gdi32full.dll
0x00007fffbc650000 - 0x00007fffbc6ed000 	C:\Windows\System32\msvcp_win.dll
0x00007fffb0a00000 - 0x00007fffb0a19000 	c:\Users\Micro\.vscode\extensions\redhat.java-1.13.0-win32-x64\jre\17.0.5-win32-x86_64\bin\VCRUNTIME140.dll
0x00007fffa69c0000 - 0x00007fffa6c5a000 	C:\Windows\WinSxS\amd64_microsoft.windows.common-controls_6595b64144ccf1df_6.0.19041.1110_none_60b5254171f9507e\COMCTL32.dll
0x00007fffbe6e0000 - 0x00007fffbe77e000 	C:\Windows\System32\msvcrt.dll
0x00007fffbd980000 - 0x00007fffbd9b2000 	C:\Windows\System32\IMM32.DLL
0x00007fffb30d0000 - 0x00007fffb30dc000 	c:\Users\Micro\.vscode\extensions\redhat.java-1.13.0-win32-x64\jre\17.0.5-win32-x86_64\bin\vcruntime140_1.dll
0x00007fff964e0000 - 0x00007fff96571000 	c:\Users\Micro\.vscode\extensions\redhat.java-1.13.0-win32-x64\jre\17.0.5-win32-x86_64\bin\msvcp140.dll
0x00007fff719b0000 - 0x00007fff725f4000 	c:\Users\Micro\.vscode\extensions\redhat.java-1.13.0-win32-x64\jre\17.0.5-win32-x86_64\bin\server\jvm.dll
0x00007fffbd660000 - 0x00007fffbd70e000 	C:\Windows\System32\ADVAPI32.dll
0x00007fffbd480000 - 0x00007fffbd51c000 	C:\Windows\System32\sechost.dll
0x00007fffbd850000 - 0x00007fffbd975000 	C:\Windows\System32\RPCRT4.dll
0x00007fffaa4b0000 - 0x00007fffaa4b9000 	C:\Windows\SYSTEM32\WSOCK32.dll
0x00007fffbd5f0000 - 0x00007fffbd65b000 	C:\Windows\System32\WS2_32.dll
0x00007fffabc40000 - 0x00007fffabc67000 	C:\Windows\SYSTEM32\WINMM.dll
0x00007fffae4f0000 - 0x00007fffae4fa000 	C:\Windows\SYSTEM32\VERSION.dll
0x00007fffba7d0000 - 0x00007fffba7e2000 	C:\Windows\SYSTEM32\kernel.appcore.dll
0x00007fffb2ea0000 - 0x00007fffb2eaa000 	c:\Users\Micro\.vscode\extensions\redhat.java-1.13.0-win32-x64\jre\17.0.5-win32-x86_64\bin\jimage.dll
0x00007fffb9ca0000 - 0x00007fffb9e84000 	C:\Windows\SYSTEM32\DBGHELP.DLL
0x00007fffab480000 - 0x00007fffab4b5000 	C:\Windows\SYSTEM32\dbgcore.DLL
0x00007fffbc7f0000 - 0x00007fffbc872000 	C:\Windows\System32\bcryptPrimitives.dll
0x00007fffaea90000 - 0x00007fffaeab5000 	c:\Users\Micro\.vscode\extensions\redhat.java-1.13.0-win32-x64\jre\17.0.5-win32-x86_64\bin\java.dll
0x00007fffae9e0000 - 0x00007fffae9f8000 	c:\Users\Micro\.vscode\extensions\redhat.java-1.13.0-win32-x64\jre\17.0.5-win32-x86_64\bin\zip.dll
0x00007fffbdb50000 - 0x00007fffbe294000 	C:\Windows\System32\SHELL32.dll
0x00007fffba020000 - 0x00007fffba7b2000 	C:\Windows\SYSTEM32\windows.storage.dll
0x00007fffbe2a0000 - 0x00007fffbe5f5000 	C:\Windows\System32\combase.dll
0x00007fffbb8e0000 - 0x00007fffbb910000 	C:\Windows\SYSTEM32\Wldp.dll
0x00007fffbe780000 - 0x00007fffbe82d000 	C:\Windows\System32\SHCORE.dll
0x00007fffbcac0000 - 0x00007fffbcb15000 	C:\Windows\System32\shlwapi.dll
0x00007fffbbea0000 - 0x00007fffbbebf000 	C:\Windows\SYSTEM32\profapi.dll
0x00007fffad860000 - 0x00007fffad879000 	C:\Users\Micro\.vscode\extensions\redhat.java-1.13.0-win32-x64\jre\17.0.5-win32-x86_64\bin\net.dll
0x00007fffb4050000 - 0x00007fffb415c000 	C:\Windows\SYSTEM32\WINHTTP.dll
0x00007fffbb640000 - 0x00007fffbb6aa000 	C:\Windows\system32\mswsock.dll
0x00007fffad220000 - 0x00007fffad235000 	C:\Users\Micro\.vscode\extensions\redhat.java-1.13.0-win32-x64\jre\17.0.5-win32-x86_64\bin\nio.dll
0x00007fffb2c40000 - 0x00007fffb2c50000 	c:\Users\Micro\.vscode\extensions\redhat.java-1.13.0-win32-x64\jre\17.0.5-win32-x86_64\bin\verify.dll
0x00007fffb32e0000 - 0x00007fffb32e9000 	C:\Users\Micro\.vscode\extensions\redhat.java-1.13.0-win32-x64\jre\17.0.5-win32-x86_64\bin\management.dll
0x00007fffb2080000 - 0x00007fffb208b000 	C:\Users\Micro\.vscode\extensions\redhat.java-1.13.0-win32-x64\jre\17.0.5-win32-x86_64\bin\management_ext.dll
0x00007fffbcc80000 - 0x00007fffbcc88000 	C:\Windows\System32\PSAPI.DLL
0x00007fffa7370000 - 0x00007fffa7387000 	C:\Windows\system32\napinsp.dll
0x00007fffa7350000 - 0x00007fffa736b000 	C:\Windows\system32\pnrpnsp.dll
0x00007fffa7330000 - 0x00007fffa7345000 	C:\Windows\system32\wshbth.dll
0x00007fffb7530000 - 0x00007fffb754d000 	C:\Windows\system32\NLAapi.dll
0x00007fffbb330000 - 0x00007fffbb36b000 	C:\Windows\SYSTEM32\IPHLPAPI.DLL
0x00007fffbb370000 - 0x00007fffbb43a000 	C:\Windows\SYSTEM32\DNSAPI.dll
0x00007fffbd710000 - 0x00007fffbd718000 	C:\Windows\System32\NSI.dll
0x00007fffa7300000 - 0x00007fffa7312000 	C:\Windows\System32\winrnr.dll
0x00007fffb1040000 - 0x00007fffb104a000 	C:\Windows\System32\rasadhlp.dll
0x00007fffb0a90000 - 0x00007fffb0b10000 	C:\Windows\System32\fwpuclnt.dll
0x00007fffbbfd0000 - 0x00007fffbbff7000 	C:\Windows\System32\bcrypt.dll
0x00007fffbb830000 - 0x00007fffbb848000 	C:\Windows\SYSTEM32\CRYPTSP.dll
0x00007fffbaf60000 - 0x00007fffbaf94000 	C:\Windows\system32\rsaenh.dll
0x00007fffbbe60000 - 0x00007fffbbe8e000 	C:\Windows\SYSTEM32\USERENV.dll
0x00007fffbb850000 - 0x00007fffbb85c000 	C:\Windows\SYSTEM32\CRYPTBASE.dll
0x00007fffb5d90000 - 0x00007fffb5da7000 	C:\Windows\SYSTEM32\dhcpcsvc6.DLL
0x00007fffb5d70000 - 0x00007fffb5d8d000 	C:\Windows\SYSTEM32\dhcpcsvc.DLL

dbghelp: loaded successfully - version: 4.0.5 - missing functions: none
symbol engine: initialized successfully - sym options: 0x614 - pdb path: .;c:\Users\Micro\.vscode\extensions\redhat.java-1.13.0-win32-x64\jre\17.0.5-win32-x86_64\bin;C:\Windows\SYSTEM32;C:\Windows\WinSxS\amd64_microsoft.windows.common-controls_6595b64144ccf1df_6.0.19041.1110_none_60b5254171f9507e;c:\Users\Micro\.vscode\extensions\redhat.java-1.13.0-win32-x64\jre\17.0.5-win32-x86_64\bin\server

VM Arguments:
jvm_args: -Dsts.lsp.client=vscode -Dsts.log.file=/dev/null -XX:TieredStopAtLevel=1 -Xlog:jni+resolve=off -Dspring.config.location=file:c:\Users\Micro\.vscode\extensions\pivotal.vscode-spring-boot-1.42.0\language-server\BOOT-INF\classes\application.properties 
java_command: org.springframework.ide.vscode.boot.app.BootLanguageServerBootApp
java_class_path (initial): c:\Users\Micro\.vscode\extensions\pivotal.vscode-spring-boot-1.42.0\language-server\BOOT-INF\classes;c:\Users\Micro\.vscode\extensions\pivotal.vscode-spring-boot-1.42.0\language-server\BOOT-INF\lib\annotations-23.1.0.jar;c:\Users\Micro\.vscode\extensions\pivotal.vscode-spring-boot-1.42.0\language-server\BOOT-INF\lib\ant-1.10.12.jar;c:\Users\Micro\.vscode\extensions\pivotal.vscode-spring-boot-1.42.0\language-server\BOOT-INF\lib\ant-launcher-1.10.12.jar;c:\Users\Micro\.vscode\extensions\pivotal.vscode-spring-boot-1.42.0\language-server\BOOT-INF\lib\antlr-runtime-3.5.2.jar;c:\Users\Micro\.vscode\extensions\pivotal.vscode-spring-boot-1.42.0\language-server\BOOT-INF\lib\antlr4-4.9.3.jar;c:\Users\Micro\.vscode\extensions\pivotal.vscode-spring-boot-1.42.0\language-server\BOOT-INF\lib\antlr4-runtime-4.9.3.jar;c:\Users\Micro\.vscode\extensions\pivotal.vscode-spring-boot-1.42.0\language-server\BOOT-INF\lib\apiguardian-api-1.1.2.jar;c:\Users\Micro\.vscode\extensions\pivotal.vscode-spring-boot-1.42.0\language-server\BOOT-INF\lib\asm-9.4.jar;c:\Users\Micro\.vscode\extensions\pivotal.vscode-spring-boot-1.42.0\language-server\BOOT-INF\lib\asm-analysis-9.4.jar;c:\Users\Micro\.vscode\extensions\pivotal.vscode-spring-boot-1.42.0\language-server\BOOT-INF\lib\asm-tree-9.4.jar;c:\Users\Micro\.vscode\extensions\pivotal.vscode-spring-boot-1.42.0\language-server\BOOT-INF\lib\asm-util-9.4.jar;c:\Users\Micro\.vscode\extensions\pivotal.vscode-spring-boot-1.42.0\language-server\BOOT-INF\lib\caffeine-2.9.3.jar;c:\Users\Micro\.vscode\extensions\pivotal.vscode-spring-boot-1.42.0\language-server\BOOT-INF\lib\checker-qual-3.12.0.jar;c:\Users\Micro\.vscode\extensions\pivotal.vscode-spring-boot-1.42.0\language-server\BOOT-INF\lib\ci-environment-9.1.0.jar;c:\Users\Micro\.vscode\extensions\pivotal.vscode-spring-boot-1.42.0\language-server\BOOT-INF\lib\classgraph-4.8.149.jar;c:\Users\Micro\.vscode\extensions\pivotal.vscode-spring-boot-1.42.0\language-server\BOOT-INF\lib\comm
Launcher Type: SUN_STANDARD

[Global flags]
     intx CICompilerCount                          = 3                                         {product} {ergonomic}
     uint ConcGCThreads                            = 1                                         {product} {ergonomic}
     uint G1ConcRefinementThreads                  = 4                                         {product} {ergonomic}
   size_t G1HeapRegionSize                         = 1048576                                   {product} {ergonomic}
    uintx GCDrainStackTargetSize                   = 64                                        {product} {ergonomic}
   size_t InitialHeapSize                          = 134217728                                 {product} {ergonomic}
   size_t MarkStackSize                            = 4194304                                   {product} {ergonomic}
   size_t MaxHeapSize                              = 2128609280                                {product} {ergonomic}
   size_t MaxNewSize                               = 1277165568                                {product} {ergonomic}
   size_t MinHeapDeltaBytes                        = 1048576                                   {product} {ergonomic}
   size_t MinHeapSize                              = 8388608                                   {product} {ergonomic}
    uintx NonProfiledCodeHeapSize                  = 0                                      {pd product} {ergonomic}
     bool ProfileInterpreter                       = false                                  {pd product} {command line}
    uintx ProfiledCodeHeapSize                     = 0                                      {pd product} {ergonomic}
   size_t SoftMaxHeapSize                          = 2128609280                             {manageable} {ergonomic}
     intx TieredStopAtLevel                        = 1                                         {product} {command line}
     bool UseCompressedClassPointers               = true                           {product lp64_product} {ergonomic}
     bool UseCompressedOops                        = true                           {product lp64_product} {ergonomic}
     bool UseG1GC                                  = true                                      {product} {ergonomic}
     bool UseLargePagesIndividualAllocation        = false                                  {pd product} {ergonomic}

Logging:
Log output configuration:
 #0: stdout all=warning,jni+resolve=off uptime,level,tags
 #1: stderr all=off uptime,level,tags

Environment Variables:
PATH=C:\Program Files\Eclipse Adoptium\jdk-17.0.4.8-hotspot\bin;C:\Program Files\Common Files\Oracle\Java\javapath;C:\Program Files (x86)\Common Files\Oracle\Java\javapath;C:\ProgramData\Oracle\Java\javapath;C:\Windows\system32;C:\Windows;C:\Windows\System32\Wbem;C:\Windows\System32\WindowsPowerShell\v1.0\;C:\Windows\System32\OpenSSH\;C:\Program Files\Git\cmd;C:\Program Files\MySQL\MySQL Shell 8.0\bin\;C:\Users\Micro\AppData\Local\Microsoft\WindowsApps;C:\Users\Micro\AppData\Local\Programs\Microsoft VS Code\bin;C:\Users\Micro\AppData\Local\GitHubDesktop\bin
USERNAME=Micro
OS=Windows_NT
PROCESSOR_IDENTIFIER=Intel64 Family 6 Model 37 Stepping 2, GenuineIntel
TMP=C:\Users\Micro\AppData\Local\Temp
TEMP=C:\Users\Micro\AppData\Local\Temp



---------------  S Y S T E M  ---------------

OS:
 Windows 10 , 64 bit Build 19041 (10.0.19041.2364)
OS uptime: 5 days 6:55 hours

CPU: total 4 (initial active 4) (2 cores per cpu, 2 threads per core) family 6 model 37 stepping 2 microcode 0x11, cx8, cmov, fxsr, ht, mmx, sse, sse2, sse3, ssse3, sse4.1, sse4.2, popcnt, tsc, tscinvbit, aes, clmul, clflush

Memory: 4k page, system-wide physical 8119M (1245M free)
TotalPageFile size 22356M (AvailPageFile size 6M)
current process WorkingSet (physical memory assigned to process): 315M, peak: 315M
current process commit charge ("private bytes"): 555M, peak: 558M

vm_info: OpenJDK 64-Bit Server VM (17.0.5+8) for windows-amd64 JRE (17.0.5+8), built on Oct 19 2022 04:48:13 by "temurin" with MS VC++ 16.7 (VS2019)

END.
