#
# There is insufficient memory for the Java Runtime Environment to continue.
# Native memory allocation (mmap) failed to map 522190848 bytes for G1 virtual space
# Possible reasons:
#   The system is out of physical RAM or swap space
#   The process is running with CompressedOops enabled, and the Java Heap may be blocking the growth of the native heap
# Possible solutions:
#   Reduce memory load on the system
#   Increase physical memory or swap space
#   Check if swap backing store is full
#   Decrease Java heap size (-Xmx/-Xms)
#   Decrease number of Java threads
#   Decrease Java thread stack sizes (-Xss)
#   Set larger code cache with -XX:ReservedCodeCacheSize=
#   JVM is running with Unscaled Compressed Oops mode in which the Java heap is
#     placed in the first 4GB address space. The Java Heap base address is the
#     maximum limit for the native heap growth. Please use -XX:HeapBaseMinAddress
#     to set the Java Heap base and to place the Java Heap above 4GB virtual address.
# This output file may be truncated or incomplete.
#
#  Out of Memory Error (os_windows.cpp:3548), pid=12160, tid=13224
#
# JRE version: OpenJDK Runtime Environment Temurin-17.0.5+8 (17.0.5+8) (build 17.0.5+8)
# Java VM: OpenJDK 64-Bit Server VM Temurin-17.0.5+8 (17.0.5+8, mixed mode, emulated-client, tiered, compressed oops, compressed class ptrs, g1 gc, windows-amd64)
# No core dump will be written. Minidumps are not enabled by default on client versions of Windows
#

---------------  S U M M A R Y ------------

Command Line: -Dsts.lsp.client=vscode -Dsts.log.file=/dev/null -XX:TieredStopAtLevel=1 -Xlog:jni+resolve=off -Dspring.config.location=file:c:\Users\Micro\.vscode\extensions\pivotal.vscode-spring-boot-1.42.0\language-server\BOOT-INF\classes\application.properties org.springframework.ide.vscode.boot.app.BootLanguageServerBootApp

Host: Intel(R) Core(TM) i5 CPU         650  @ 3.20GHz, 4 cores, 7G,  Windows 10 , 64 bit Build 19041 (10.0.19041.2364)
Time: Tue Jan  3 00:48:16 2023 E. South America Standard Time elapsed time: 5.740011 seconds (0d 0h 0m 5s)

---------------  T H R E A D  ---------------

Current thread (0x00000266a7c87850):  VMThread "VM Thread" [stack: 0x000000d0f9700000,0x000000d0f9800000] [id=13224]

Stack: [0x000000d0f9700000,0x000000d0f9800000]
Native frames: (J=compiled Java code, j=interpreted, Vv=VM code, C=native code)
V  [jvm.dll+0x676b3a]
V  [jvm.dll+0x831444]
V  [jvm.dll+0x832bee]
V  [jvm.dll+0x833253]
V  [jvm.dll+0x244ce5]
V  [jvm.dll+0x673a49]
V  [jvm.dll+0x66811a]
V  [jvm.dll+0x303ceb]
V  [jvm.dll+0x30b1e6]
V  [jvm.dll+0x35adbe]
V  [jvm.dll+0x35afef]
V  [jvm.dll+0x2dab88]
V  [jvm.dll+0x2d8e3c]
V  [jvm.dll+0x2d840c]
V  [jvm.dll+0x31c31b]
V  [jvm.dll+0x8376fb]
V  [jvm.dll+0x838434]
V  [jvm.dll+0x83894c]
V  [jvm.dll+0x838d24]
V  [jvm.dll+0x838df0]
V  [jvm.dll+0x7e17ea]
V  [jvm.dll+0x6759e5]
C  [ucrtbase.dll+0x21bb2]
C  [KERNEL32.DLL+0x17614]
C  [ntdll.dll+0x526a1]

VM_Operation (0x000000d0fb5fe370): G1CollectForAllocation, mode: safepoint, requested by thread 0x00000266a9e9f540


---------------  P R O C E S S  ---------------

Threads class SMR info:
_java_thread_list=0x00000266a9fd9570, length=36, elements={
0x00000266a7ca9740, 0x00000266a7caa9c0, 0x00000266a7cd2a50, 0x00000266a7cd4320,
0x00000266a7cd4cd0, 0x00000266a7cd5680, 0x00000266a7cd7ab0, 0x00000266a8813510,
0x00000266a8a124e0, 0x00000266a8a25b50, 0x00000266a8a3bcd0, 0x00000266a8c308b0,
0x00000266a9badf40, 0x00000266a9d43ef0, 0x00000266a9d443c0, 0x00000266991d6be0,
0x00000266a9cac880, 0x00000266a9e5efb0, 0x00000266a9e6e4d0, 0x00000266a9e77000,
0x00000266a9e774d0, 0x00000266a9ea2a30, 0x00000266a9e9fee0, 0x00000266a9ea2560,
0x00000266a9ea03b0, 0x00000266a9ea0880, 0x00000266a9e9f540, 0x00000266a9e9f070,
0x00000266a9ea0d50, 0x00000266a9ea1220, 0x00000266a9e9fa10, 0x00000266a9ea16f0,
0x00000266a9ea1bc0, 0x00000266a9ea2090, 0x00000266ac4f2ee0, 0x00000266ac4f46f0
}

Java Threads: ( => current thread )
  0x00000266a7ca9740 JavaThread "Reference Handler" daemon [_thread_blocked, id=4200, stack(0x000000d0f9800000,0x000000d0f9900000)]
  0x00000266a7caa9c0 JavaThread "Finalizer" daemon [_thread_blocked, id=12428, stack(0x000000d0f9900000,0x000000d0f9a00000)]
  0x00000266a7cd2a50 JavaThread "Signal Dispatcher" daemon [_thread_blocked, id=8756, stack(0x000000d0f9a00000,0x000000d0f9b00000)]
  0x00000266a7cd4320 JavaThread "Attach Listener" daemon [_thread_blocked, id=3412, stack(0x000000d0f9b00000,0x000000d0f9c00000)]
  0x00000266a7cd4cd0 JavaThread "Service Thread" daemon [_thread_blocked, id=13124, stack(0x000000d0f9c00000,0x000000d0f9d00000)]
  0x00000266a7cd5680 JavaThread "Monitor Deflation Thread" daemon [_thread_blocked, id=9832, stack(0x000000d0f9d00000,0x000000d0f9e00000)]
  0x00000266a7cd7ab0 JavaThread "C1 CompilerThread0" daemon [_thread_blocked, id=1268, stack(0x000000d0f9e00000,0x000000d0f9f00000)]
  0x00000266a8813510 JavaThread "Sweeper thread" daemon [_thread_blocked, id=13260, stack(0x000000d0f9f00000,0x000000d0fa000000)]
  0x00000266a8a124e0 JavaThread "C1 CompilerThread1" daemon [_thread_blocked, id=8488, stack(0x000000d0fa000000,0x000000d0fa100000)]
  0x00000266a8a25b50 JavaThread "Notification Thread" daemon [_thread_blocked, id=11856, stack(0x000000d0fa100000,0x000000d0fa200000)]
  0x00000266a8a3bcd0 JavaThread "Common-Cleaner" daemon [_thread_blocked, id=1464, stack(0x000000d0fa300000,0x000000d0fa400000)]
  0x00000266a8c308b0 JavaThread "C1 CompilerThread2" daemon [_thread_blocked, id=5724, stack(0x000000d0fa600000,0x000000d0fa700000)]
  0x00000266a9badf40 JavaThread "boundedElastic-evictor-1" daemon [_thread_blocked, id=12896, stack(0x000000d0fa800000,0x000000d0fa900000)]
  0x00000266a9d43ef0 JavaThread "pool-11-thread-1" [_thread_blocked, id=320, stack(0x000000d0fa900000,0x000000d0faa00000)]
  0x00000266a9d443c0 JavaThread "LanguageServerApp-lifecycle" [_thread_blocked, id=9524, stack(0x000000d0faa00000,0x000000d0fab00000)]
  0x00000266991d6be0 JavaThread "DestroyJavaVM" [_thread_blocked, id=12224, stack(0x000000d0f9100000,0x000000d0f9200000)]
  0x00000266a9cac880 JavaThread "pool-12-thread-1" [_thread_in_native, id=8124, stack(0x000000d0fab00000,0x000000d0fac00000)]
  0x00000266a9e5efb0 JavaThread "Simple-Language-Server main thread" daemon [_thread_blocked, id=9352, stack(0x000000d0fac00000,0x000000d0fad00000)]
  0x00000266a9e6e4d0 JavaThread "pool-8-thread-1" [_thread_blocked, id=6852, stack(0x000000d0fad00000,0x000000d0fae00000)]
  0x00000266a9e77000 JavaThread "parallel-1" daemon [_thread_blocked, id=3516, stack(0x000000d0fae00000,0x000000d0faf00000)]
  0x00000266a9e774d0 JavaThread "ForkJoinPool.commonPool-worker-1" daemon [_thread_blocked, id=11012, stack(0x000000d0faf00000,0x000000d0fb000000)]
  0x00000266a9ea2a30 JavaThread "pool-5-thread-1" [_thread_blocked, id=7108, stack(0x000000d0fb000000,0x000000d0fb100000)]
  0x00000266a9e9fee0 JavaThread "Reconciler-1" daemon [_thread_blocked, id=10716, stack(0x000000d0fb100000,0x000000d0fb200000)]
  0x00000266a9ea2560 JavaThread "ForkJoinPool.commonPool-worker-2" daemon [_thread_blocked, id=12276, stack(0x000000d0fb200000,0x000000d0fb300000)]
  0x00000266a9ea03b0 JavaThread "parallel-2" daemon [_thread_blocked, id=1384, stack(0x000000d0fb300000,0x000000d0fb400000)]
  0x00000266a9ea0880 JavaThread "ClassGraph-worker-0" daemon [_thread_blocked, id=4448, stack(0x000000d0fb400000,0x000000d0fb500000)]
  0x00000266a9e9f540 JavaThread "ClassGraph-worker-1" daemon [_thread_blocked, id=11160, stack(0x000000d0fb500000,0x000000d0fb600000)]
  0x00000266a9e9f070 JavaThread "ClassGraph-worker-2" daemon [_thread_blocked, id=1120, stack(0x000000d0fb600000,0x000000d0fb700000)]
  0x00000266a9ea0d50 JavaThread "ClassGraph-worker-3" daemon [_thread_blocked, id=2124, stack(0x000000d0fb700000,0x000000d0fb800000)]
  0x00000266a9ea1220 JavaThread "ClassGraph-worker-4" daemon [_thread_blocked, id=11720, stack(0x000000d0fb800000,0x000000d0fb900000)]
  0x00000266a9e9fa10 JavaThread "ClassGraph-worker-5" daemon [_thread_blocked, id=12408, stack(0x000000d0fb900000,0x000000d0fba00000)]
  0x00000266a9ea16f0 JavaThread "ClassGraph-worker-6" daemon [_thread_blocked, id=10796, stack(0x000000d0fba00000,0x000000d0fbb00000)]
  0x00000266a9ea1bc0 JavaThread "ClassGraph-worker-7" daemon [_thread_blocked, id=4764, stack(0x000000d0fbb00000,0x000000d0fbc00000)]
  0x00000266a9ea2090 JavaThread "pool-6-thread-1" [_thread_blocked, id=3900, stack(0x000000d0fbd00000,0x000000d0fbe00000)]
  0x00000266ac4f2ee0 JavaThread "pool-10-thread-1" [_thread_blocked, id=5308, stack(0x000000d0fbe00000,0x000000d0fbf00000)]
  0x00000266ac4f46f0 JavaThread "pool-10-thread-2" [_thread_blocked, id=7400, stack(0x000000d0fbf00000,0x000000d0fc000000)]

Other Threads:
=>0x00000266a7c87850 VMThread "VM Thread" [stack: 0x000000d0f9700000,0x000000d0f9800000] [id=13224]
  0x00000266a8a28850 WatcherThread [stack: 0x000000d0fa200000,0x000000d0fa300000] [id=10744]
  0x0000026699233c10 GCTaskThread "GC Thread#0" [stack: 0x000000d0f9200000,0x000000d0f9300000] [id=6708]
  0x00000266a9173a10 GCTaskThread "GC Thread#1" [stack: 0x000000d0fa400000,0x000000d0fa500000] [id=13856]
  0x00000266a93308e0 GCTaskThread "GC Thread#2" [stack: 0x000000d0fa500000,0x000000d0fa600000] [id=5992]
  0x00000266a944a860 GCTaskThread "GC Thread#3" [stack: 0x000000d0fa700000,0x000000d0fa800000] [id=1184]
  0x0000026699244910 ConcurrentGCThread "G1 Main Marker" [stack: 0x000000d0f9300000,0x000000d0f9400000] [id=10284]
  0x0000026699245320 ConcurrentGCThread "G1 Conc#0" [stack: 0x000000d0f9400000,0x000000d0f9500000] [id=10512]
  0x00000266a7b000a0 ConcurrentGCThread "G1 Refine#0" [stack: 0x000000d0f9500000,0x000000d0f9600000] [id=6768]
  0x00000266aa0823c0 ConcurrentGCThread "G1 Refine#1" [stack: 0x000000d0fbc00000,0x000000d0fbd00000] [id=12392]
  0x00000266ac40b380 ConcurrentGCThread "G1 Refine#2" [stack: 0x000000d0fc000000,0x000000d0fc100000] [id=5008]
  0x00000266a7b02ad0 ConcurrentGCThread "G1 Service" [stack: 0x000000d0f9600000,0x000000d0f9700000] [id=9708]

Threads with active compile tasks:

VM state: at safepoint (normal execution)

VM Mutex/Monitor currently owned by a thread:  ([mutex/lock_event])
[0x00000266990dc5f0] Threads_lock - owner thread: 0x00000266a7c87850
[0x00000266991c3770] Heap_lock - owner thread: 0x00000266a9e9f540

Heap address: 0x0000000081200000, size: 2030 MB, Compressed Oops mode: 32-bit

CDS archive(s) not mapped
Compressed class space mapped at: 0x0000000100000000-0x0000000140000000, reserved size: 1073741824
Narrow klass base: 0x0000000000000000, Narrow klass shift: 3, Narrow klass range: 0x140000000

GC Precious Log:
 CPUs: 4 total, 4 available
 Memory: 8119M
 Large Page Support: Disabled
 NUMA Support: Disabled
 Compressed Oops: Enabled (32-bit)
 Heap Region Size: 1M
 Heap Min Capacity: 8M
 Heap Initial Capacity: 128M
 Heap Max Capacity: 2030M
 Pre-touch: Disabled
 Parallel Workers: 4
 Concurrent Workers: 1
 Concurrent Refinement Workers: 4
 Periodic GC: Disabled

Heap:
 garbage-first heap   total 277504K, used 88427K [0x0000000081200000, 0x0000000100000000)
  region size 1024K, 11 young (11264K), 11 survivors (11264K)
 Metaspace       used 39323K, committed 39680K, reserved 1089536K
  class space    used 4975K, committed 5120K, reserved 1048576K

Heap Regions: E=young(eden), S=young(survivor), O=old, HS=humongous(starts), HC=humongous(continues), CS=collection set, F=free, OA=open archive, CA=closed archive, TAMS=top-at-mark-start (previous, next)
|   0|0x0000000081200000, 0x0000000081300000, 0x0000000081300000|100%| O|  |TAMS 0x0000000081300000, 0x0000000081200000| Untracked 
|   1|0x0000000081300000, 0x0000000081400000, 0x0000000081400000|100%| O|  |TAMS 0x0000000081400000, 0x0000000081300000| Untracked 
|   2|0x0000000081400000, 0x0000000081500000, 0x0000000081500000|100%| O|  |TAMS 0x0000000081500000, 0x0000000081400000| Untracked 
|   3|0x0000000081500000, 0x0000000081600000, 0x0000000081600000|100%| O|  |TAMS 0x0000000081600000, 0x0000000081500000| Untracked 
|   4|0x0000000081600000, 0x0000000081700000, 0x0000000081700000|100%| O|  |TAMS 0x0000000081700000, 0x0000000081600000| Untracked 
|   5|0x0000000081700000, 0x0000000081800000, 0x0000000081800000|100%| O|  |TAMS 0x0000000081800000, 0x0000000081700000| Untracked 
|   6|0x0000000081800000, 0x0000000081900000, 0x0000000081900000|100%| O|  |TAMS 0x0000000081900000, 0x0000000081800000| Untracked 
|   7|0x0000000081900000, 0x0000000081a00000, 0x0000000081a00000|100%| O|  |TAMS 0x0000000081a00000, 0x0000000081900000| Untracked 
|   8|0x0000000081a00000, 0x0000000081b00000, 0x0000000081b00000|100%| O|  |TAMS 0x0000000081b00000, 0x0000000081a00000| Untracked 
|   9|0x0000000081b00000, 0x0000000081c00000, 0x0000000081c00000|100%| O|  |TAMS 0x0000000081c00000, 0x0000000081b00000| Untracked 
|  10|0x0000000081c00000, 0x0000000081d00000, 0x0000000081d00000|100%| O|  |TAMS 0x0000000081d00000, 0x0000000081c00000| Untracked 
|  11|0x0000000081d00000, 0x0000000081e00000, 0x0000000081e00000|100%| O|  |TAMS 0x0000000081e00000, 0x0000000081d00000| Untracked 
|  12|0x0000000081e00000, 0x0000000081f00000, 0x0000000081f00000|100%| O|  |TAMS 0x0000000081f00000, 0x0000000081e00000| Untracked 
|  13|0x0000000081f00000, 0x0000000081f00000, 0x0000000082000000|  0%| F|  |TAMS 0x0000000081f00000, 0x0000000081f00000| Untracked 
|  14|0x0000000082000000, 0x0000000082100000, 0x0000000082100000|100%| O|  |TAMS 0x0000000082100000, 0x0000000082000000| Untracked 
|  15|0x0000000082100000, 0x0000000082200000, 0x0000000082200000|100%| O|  |TAMS 0x0000000082200000, 0x0000000082100000| Untracked 
|  16|0x0000000082200000, 0x0000000082300000, 0x0000000082300000|100%| O|  |TAMS 0x0000000082300000, 0x0000000082200000| Untracked 
|  17|0x0000000082300000, 0x0000000082400000, 0x0000000082400000|100%| O|  |TAMS 0x0000000082400000, 0x0000000082300000| Untracked 
|  18|0x0000000082400000, 0x0000000082500000, 0x0000000082500000|100%| O|  |TAMS 0x0000000082500000, 0x0000000082400000| Untracked 
|  19|0x0000000082500000, 0x0000000082600000, 0x0000000082600000|100%| O|  |TAMS 0x0000000082600000, 0x0000000082500000| Untracked 
|  20|0x0000000082600000, 0x0000000082700000, 0x0000000082700000|100%| O|  |TAMS 0x0000000082700000, 0x0000000082600000| Untracked 
|  21|0x0000000082700000, 0x0000000082800000, 0x0000000082800000|100%| O|  |TAMS 0x0000000082800000, 0x0000000082700000| Untracked 
|  22|0x0000000082800000, 0x0000000082900000, 0x0000000082900000|100%| O|  |TAMS 0x0000000082900000, 0x0000000082800000| Untracked 
|  23|0x0000000082900000, 0x0000000082a00000, 0x0000000082a00000|100%| O|  |TAMS 0x0000000082a00000, 0x0000000082900000| Untracked 
|  24|0x0000000082a00000, 0x0000000082b00000, 0x0000000082b00000|100%| O|  |TAMS 0x0000000082b00000, 0x0000000082a00000| Untracked 
|  25|0x0000000082b00000, 0x0000000082c00000, 0x0000000082c00000|100%| O|  |TAMS 0x0000000082c00000, 0x0000000082b00000| Untracked 
|  26|0x0000000082c00000, 0x0000000082d00000, 0x0000000082d00000|100%| O|  |TAMS 0x0000000082d00000, 0x0000000082c00000| Untracked 
|  27|0x0000000082d00000, 0x0000000082e00000, 0x0000000082e00000|100%| O|  |TAMS 0x0000000082e00000, 0x0000000082d00000| Untracked 
|  28|0x0000000082e00000, 0x0000000082f00000, 0x0000000082f00000|100%| O|  |TAMS 0x0000000082f00000, 0x0000000082e00000| Untracked 
|  29|0x0000000082f00000, 0x0000000083000000, 0x0000000083000000|100%| O|  |TAMS 0x0000000083000000, 0x0000000082f00000| Untracked 
|  30|0x0000000083000000, 0x0000000083100000, 0x0000000083100000|100%| O|  |TAMS 0x0000000083100000, 0x0000000083000000| Untracked 
|  31|0x0000000083100000, 0x0000000083200000, 0x0000000083200000|100%| O|  |TAMS 0x0000000083200000, 0x0000000083100000| Untracked 
|  32|0x0000000083200000, 0x0000000083300000, 0x0000000083300000|100%| O|  |TAMS 0x0000000083300000, 0x0000000083200000| Untracked 
|  33|0x0000000083300000, 0x0000000083400000, 0x0000000083400000|100%| O|  |TAMS 0x0000000083400000, 0x0000000083300000| Untracked 
|  34|0x0000000083400000, 0x0000000083500000, 0x0000000083500000|100%| O|  |TAMS 0x0000000083500000, 0x0000000083400000| Untracked 
|  35|0x0000000083500000, 0x0000000083600000, 0x0000000083600000|100%| O|  |TAMS 0x0000000083600000, 0x0000000083500000| Untracked 
|  36|0x0000000083600000, 0x0000000083700000, 0x0000000083700000|100%| O|  |TAMS 0x0000000083700000, 0x0000000083600000| Untracked 
|  37|0x0000000083700000, 0x0000000083800000, 0x0000000083800000|100%| O|  |TAMS 0x0000000083800000, 0x0000000083700000| Untracked 
|  38|0x0000000083800000, 0x0000000083900000, 0x0000000083900000|100%| O|  |TAMS 0x0000000083900000, 0x0000000083800000| Untracked 
|  39|0x0000000083900000, 0x0000000083a00000, 0x0000000083a00000|100%| O|  |TAMS 0x0000000083a00000, 0x0000000083900000| Untracked 
|  40|0x0000000083a00000, 0x0000000083b00000, 0x0000000083b00000|100%| O|  |TAMS 0x0000000083b00000, 0x0000000083a00000| Untracked 
|  41|0x0000000083b00000, 0x0000000083c00000, 0x0000000083c00000|100%| O|  |TAMS 0x0000000083c00000, 0x0000000083b00000| Untracked 
|  42|0x0000000083c00000, 0x0000000083d00000, 0x0000000083d00000|100%| O|  |TAMS 0x0000000083d00000, 0x0000000083c00000| Untracked 
|  43|0x0000000083d00000, 0x0000000083e00000, 0x0000000083e00000|100%| O|  |TAMS 0x0000000083e00000, 0x0000000083d00000| Untracked 
|  44|0x0000000083e00000, 0x0000000083f00000, 0x0000000083f00000|100%| O|  |TAMS 0x0000000083f00000, 0x0000000083e00000| Untracked 
|  45|0x0000000083f00000, 0x0000000084000000, 0x0000000084000000|100%| O|  |TAMS 0x0000000084000000, 0x0000000083f00000| Untracked 
|  46|0x0000000084000000, 0x0000000084100000, 0x0000000084100000|100%| O|  |TAMS 0x0000000084000000, 0x0000000084000000| Untracked 
|  47|0x0000000084100000, 0x0000000084200000, 0x0000000084200000|100%| O|  |TAMS 0x0000000084200000, 0x0000000084100000| Untracked 
|  48|0x0000000084200000, 0x0000000084300000, 0x0000000084300000|100%| O|  |TAMS 0x0000000084300000, 0x0000000084200000| Untracked 
|  49|0x0000000084300000, 0x0000000084400000, 0x0000000084400000|100%| O|  |TAMS 0x0000000084400000, 0x0000000084300000| Untracked 
|  50|0x0000000084400000, 0x0000000084500000, 0x0000000084500000|100%| O|  |TAMS 0x0000000084500000, 0x0000000084400000| Untracked 
|  51|0x0000000084500000, 0x0000000084600000, 0x0000000084600000|100%| O|  |TAMS 0x0000000084600000, 0x0000000084500000| Untracked 
|  52|0x0000000084600000, 0x0000000084700000, 0x0000000084700000|100%| O|  |TAMS 0x0000000084700000, 0x0000000084600000| Untracked 
|  53|0x0000000084700000, 0x0000000084800000, 0x0000000084800000|100%| O|  |TAMS 0x0000000084800000, 0x0000000084700000| Untracked 
|  54|0x0000000084800000, 0x0000000084900000, 0x0000000084900000|100%| O|  |TAMS 0x0000000084900000, 0x0000000084800000| Untracked 
|  55|0x0000000084900000, 0x0000000084a00000, 0x0000000084a00000|100%| O|  |TAMS 0x0000000084a00000, 0x0000000084900000| Untracked 
|  56|0x0000000084a00000, 0x0000000084b00000, 0x0000000084b00000|100%| O|  |TAMS 0x0000000084a00000, 0x0000000084a00000| Untracked 
|  57|0x0000000084b00000, 0x0000000084c00000, 0x0000000084c00000|100%| O|  |TAMS 0x0000000084b00000, 0x0000000084b00000| Untracked 
|  58|0x0000000084c00000, 0x0000000084d00000, 0x0000000084d00000|100%| O|  |TAMS 0x0000000084c00000, 0x0000000084c00000| Untracked 
|  59|0x0000000084d00000, 0x0000000084e00000, 0x0000000084e00000|100%| O|  |TAMS 0x0000000084d00000, 0x0000000084d00000| Untracked 
|  60|0x0000000084e00000, 0x0000000084f00000, 0x0000000084f00000|100%| O|  |TAMS 0x0000000084e00000, 0x0000000084e00000| Untracked 
|  61|0x0000000084f00000, 0x0000000085000000, 0x0000000085000000|100%| O|  |TAMS 0x0000000084f00000, 0x0000000084f00000| Untracked 
|  62|0x0000000085000000, 0x0000000085100000, 0x0000000085100000|100%|HS|  |TAMS 0x0000000085000000, 0x0000000085000000| Complete 
|  63|0x0000000085100000, 0x0000000085200000, 0x0000000085200000|100%| O|  |TAMS 0x0000000085100000, 0x0000000085100000| Untracked 
|  64|0x0000000085200000, 0x0000000085300000, 0x0000000085300000|100%| O|  |TAMS 0x0000000085200000, 0x0000000085200000| Untracked 
|  65|0x0000000085300000, 0x0000000085400000, 0x0000000085400000|100%| O|  |TAMS 0x0000000085300000, 0x0000000085300000| Untracked 
|  66|0x0000000085400000, 0x0000000085500000, 0x0000000085500000|100%| O|  |TAMS 0x0000000085400000, 0x0000000085400000| Untracked 
|  67|0x0000000085500000, 0x0000000085600000, 0x0000000085600000|100%| O|  |TAMS 0x0000000085500000, 0x0000000085500000| Untracked 
|  68|0x0000000085600000, 0x0000000085700000, 0x0000000085700000|100%| O|  |TAMS 0x0000000085600000, 0x0000000085600000| Untracked 
|  69|0x0000000085700000, 0x0000000085800000, 0x0000000085800000|100%| O|  |TAMS 0x0000000085700000, 0x0000000085700000| Untracked 
|  70|0x0000000085800000, 0x0000000085900000, 0x0000000085900000|100%| O|  |TAMS 0x0000000085800000, 0x0000000085800000| Untracked 
|  71|0x0000000085900000, 0x0000000085a00000, 0x0000000085a00000|100%| O|  |TAMS 0x0000000085900000, 0x0000000085900000| Untracked 
|  72|0x0000000085a00000, 0x0000000085b00000, 0x0000000085b00000|100%| O|  |TAMS 0x0000000085a00000, 0x0000000085a00000| Untracked 
|  73|0x0000000085b00000, 0x0000000085c00000, 0x0000000085c00000|100%| O|  |TAMS 0x0000000085b00000, 0x0000000085b00000| Untracked 
|  74|0x0000000085c00000, 0x0000000085d00000, 0x0000000085d00000|100%| O|  |TAMS 0x0000000085c00000, 0x0000000085c00000| Untracked 
|  75|0x0000000085d00000, 0x0000000085e00000, 0x0000000085e00000|100%| O|  |TAMS 0x0000000085d00000, 0x0000000085d00000| Untracked 
|  76|0x0000000085e00000, 0x0000000085f00000, 0x0000000085f00000|100%| O|  |TAMS 0x0000000085e00000, 0x0000000085e00000| Untracked 
|  77|0x0000000085f00000, 0x0000000085f23800, 0x0000000086000000| 13%| O|  |TAMS 0x0000000085f00000, 0x0000000085f00000| Untracked 
|  78|0x0000000086000000, 0x0000000086000000, 0x0000000086100000|  0%| F|  |TAMS 0x0000000086000000, 0x0000000086000000| Untracked 
|  79|0x0000000086100000, 0x0000000086100000, 0x0000000086200000|  0%| F|  |TAMS 0x0000000086100000, 0x0000000086100000| Untracked 
|  80|0x0000000086200000, 0x0000000086200000, 0x0000000086300000|  0%| F|  |TAMS 0x0000000086200000, 0x0000000086200000| Untracked 
|  81|0x0000000086300000, 0x0000000086300000, 0x0000000086400000|  0%| F|  |TAMS 0x0000000086300000, 0x0000000086300000| Untracked 
|  82|0x0000000086400000, 0x0000000086400000, 0x0000000086500000|  0%| F|  |TAMS 0x0000000086400000, 0x0000000086400000| Untracked 
|  83|0x0000000086500000, 0x0000000086500000, 0x0000000086600000|  0%| F|  |TAMS 0x0000000086500000, 0x0000000086500000| Untracked 
|  84|0x0000000086600000, 0x0000000086600000, 0x0000000086700000|  0%| F|  |TAMS 0x0000000086600000, 0x0000000086600000| Untracked 
|  85|0x0000000086700000, 0x0000000086700000, 0x0000000086800000|  0%| F|  |TAMS 0x0000000086700000, 0x0000000086700000| Untracked 
|  86|0x0000000086800000, 0x0000000086800000, 0x0000000086900000|  0%| F|  |TAMS 0x0000000086800000, 0x0000000086800000| Untracked 
|  87|0x0000000086900000, 0x0000000086900000, 0x0000000086a00000|  0%| F|  |TAMS 0x0000000086900000, 0x0000000086900000| Untracked 
|  88|0x0000000086a00000, 0x0000000086a00000, 0x0000000086b00000|  0%| F|  |TAMS 0x0000000086a00000, 0x0000000086a00000| Untracked 
|  89|0x0000000086b00000, 0x0000000086b00000, 0x0000000086c00000|  0%| F|  |TAMS 0x0000000086b00000, 0x0000000086b00000| Untracked 
|  90|0x0000000086c00000, 0x0000000086c00000, 0x0000000086d00000|  0%| F|  |TAMS 0x0000000086c00000, 0x0000000086c00000| Untracked 
|  91|0x0000000086d00000, 0x0000000086d00000, 0x0000000086e00000|  0%| F|  |TAMS 0x0000000086d00000, 0x0000000086d00000| Untracked 
|  92|0x0000000086e00000, 0x0000000086e00000, 0x0000000086f00000|  0%| F|  |TAMS 0x0000000086e00000, 0x0000000086e00000| Untracked 
|  93|0x0000000086f00000, 0x0000000086f00000, 0x0000000087000000|  0%| F|  |TAMS 0x0000000086f00000, 0x0000000086f00000| Untracked 
|  94|0x0000000087000000, 0x0000000087000000, 0x0000000087100000|  0%| F|  |TAMS 0x0000000087000000, 0x0000000087000000| Untracked 
|  95|0x0000000087100000, 0x0000000087100000, 0x0000000087200000|  0%| F|  |TAMS 0x0000000087100000, 0x0000000087100000| Untracked 
|  96|0x0000000087200000, 0x0000000087200000, 0x0000000087300000|  0%| F|  |TAMS 0x0000000087200000, 0x0000000087200000| Untracked 
|  97|0x0000000087300000, 0x0000000087300000, 0x0000000087400000|  0%| F|  |TAMS 0x0000000087300000, 0x0000000087300000| Untracked 
|  98|0x0000000087400000, 0x0000000087400000, 0x0000000087500000|  0%| F|  |TAMS 0x0000000087400000, 0x0000000087400000| Untracked 
|  99|0x0000000087500000, 0x0000000087500000, 0x0000000087600000|  0%| F|  |TAMS 0x0000000087500000, 0x0000000087500000| Untracked 
| 100|0x0000000087600000, 0x0000000087600000, 0x0000000087700000|  0%| F|  |TAMS 0x0000000087600000, 0x0000000087600000| Untracked 
| 101|0x0000000087700000, 0x0000000087700000, 0x0000000087800000|  0%| F|  |TAMS 0x0000000087700000, 0x0000000087700000| Untracked 
| 102|0x0000000087800000, 0x0000000087800000, 0x0000000087900000|  0%| F|  |TAMS 0x0000000087800000, 0x0000000087800000| Untracked 
| 103|0x0000000087900000, 0x0000000087900000, 0x0000000087a00000|  0%| F|  |TAMS 0x0000000087900000, 0x0000000087900000| Untracked 
| 104|0x0000000087a00000, 0x0000000087a00000, 0x0000000087b00000|  0%| F|  |TAMS 0x0000000087a00000, 0x0000000087a00000| Untracked 
| 105|0x0000000087b00000, 0x0000000087b00000, 0x0000000087c00000|  0%| F|  |TAMS 0x0000000087b00000, 0x0000000087b00000| Untracked 
| 106|0x0000000087c00000, 0x0000000087c00000, 0x0000000087d00000|  0%| F|  |TAMS 0x0000000087c00000, 0x0000000087c00000| Untracked 
| 107|0x0000000087d00000, 0x0000000087d00000, 0x0000000087e00000|  0%| F|  |TAMS 0x0000000087d00000, 0x0000000087d00000| Untracked 
| 108|0x0000000087e00000, 0x0000000087e00000, 0x0000000087f00000|  0%| F|  |TAMS 0x0000000087e00000, 0x0000000087e00000| Untracked 
| 109|0x0000000087f00000, 0x0000000087f00000, 0x0000000088000000|  0%| F|  |TAMS 0x0000000087f00000, 0x0000000087f00000| Untracked 
| 110|0x0000000088000000, 0x0000000088000000, 0x0000000088100000|  0%| F|  |TAMS 0x0000000088000000, 0x0000000088000000| Untracked 
| 111|0x0000000088100000, 0x0000000088100000, 0x0000000088200000|  0%| F|  |TAMS 0x0000000088100000, 0x0000000088100000| Untracked 
| 112|0x0000000088200000, 0x0000000088200000, 0x0000000088300000|  0%| F|  |TAMS 0x0000000088200000, 0x0000000088200000| Untracked 
| 113|0x0000000088300000, 0x0000000088300000, 0x0000000088400000|  0%| F|  |TAMS 0x0000000088300000, 0x0000000088300000| Untracked 
| 114|0x0000000088400000, 0x0000000088400000, 0x0000000088500000|  0%| F|  |TAMS 0x0000000088400000, 0x0000000088400000| Untracked 
| 115|0x0000000088500000, 0x0000000088500000, 0x0000000088600000|  0%| F|  |TAMS 0x0000000088500000, 0x0000000088500000| Untracked 
| 116|0x0000000088600000, 0x0000000088600000, 0x0000000088700000|  0%| F|  |TAMS 0x0000000088600000, 0x0000000088600000| Untracked 
| 117|0x0000000088700000, 0x0000000088700000, 0x0000000088800000|  0%| F|  |TAMS 0x0000000088700000, 0x0000000088700000| Untracked 
| 118|0x0000000088800000, 0x0000000088800000, 0x0000000088900000|  0%| F|  |TAMS 0x0000000088800000, 0x0000000088800000| Untracked 
| 119|0x0000000088900000, 0x0000000088900000, 0x0000000088a00000|  0%| F|  |TAMS 0x0000000088900000, 0x0000000088900000| Untracked 
| 120|0x0000000088a00000, 0x0000000088a00000, 0x0000000088b00000|  0%| F|  |TAMS 0x0000000088a00000, 0x0000000088a00000| Untracked 
| 121|0x0000000088b00000, 0x0000000088b00000, 0x0000000088c00000|  0%| F|  |TAMS 0x0000000088b00000, 0x0000000088b00000| Untracked 
| 122|0x0000000088c00000, 0x0000000088c00000, 0x0000000088d00000|  0%| F|  |TAMS 0x0000000088c00000, 0x0000000088c00000| Untracked 
| 123|0x0000000088d00000, 0x0000000088d00000, 0x0000000088e00000|  0%| F|  |TAMS 0x0000000088d00000, 0x0000000088d00000| Untracked 
| 124|0x0000000088e00000, 0x0000000088e00000, 0x0000000088f00000|  0%| F|  |TAMS 0x0000000088e00000, 0x0000000088e00000| Untracked 
| 125|0x0000000088f00000, 0x0000000088f00000, 0x0000000089000000|  0%| F|  |TAMS 0x0000000088f00000, 0x0000000088f00000| Untracked 
| 126|0x0000000089000000, 0x0000000089000000, 0x0000000089100000|  0%| F|  |TAMS 0x0000000089000000, 0x0000000089000000| Untracked 
| 127|0x0000000089100000, 0x0000000089100000, 0x0000000089200000|  0%| F|  |TAMS 0x0000000089100000, 0x0000000089100000| Untracked 
| 128|0x0000000089200000, 0x0000000089237710, 0x0000000089300000| 21%| S|CS|TAMS 0x0000000089200000, 0x0000000089200000| Complete 
| 129|0x0000000089300000, 0x0000000089400000, 0x0000000089400000|100%| S|CS|TAMS 0x0000000089300000, 0x0000000089300000| Complete 
| 130|0x0000000089400000, 0x0000000089500000, 0x0000000089500000|100%| S|CS|TAMS 0x0000000089400000, 0x0000000089400000| Complete 
| 131|0x0000000089500000, 0x0000000089600000, 0x0000000089600000|100%| S|CS|TAMS 0x0000000089500000, 0x0000000089500000| Complete 
| 132|0x0000000089600000, 0x0000000089700000, 0x0000000089700000|100%| S|CS|TAMS 0x0000000089600000, 0x0000000089600000| Complete 
| 133|0x0000000089700000, 0x0000000089800000, 0x0000000089800000|100%| S|CS|TAMS 0x0000000089700000, 0x0000000089700000| Complete 
| 134|0x0000000089800000, 0x0000000089900000, 0x0000000089900000|100%| S|CS|TAMS 0x0000000089800000, 0x0000000089800000| Complete 
| 135|0x0000000089900000, 0x0000000089a00000, 0x0000000089a00000|100%| S|CS|TAMS 0x0000000089900000, 0x0000000089900000| Complete 
| 136|0x0000000089a00000, 0x0000000089b00000, 0x0000000089b00000|100%| S|CS|TAMS 0x0000000089a00000, 0x0000000089a00000| Complete 
| 137|0x0000000089b00000, 0x0000000089c00000, 0x0000000089c00000|100%| S|CS|TAMS 0x0000000089b00000, 0x0000000089b00000| Complete 
| 138|0x0000000089c00000, 0x0000000089d00000, 0x0000000089d00000|100%| S|CS|TAMS 0x0000000089c00000, 0x0000000089c00000| Complete 
| 139|0x0000000089d00000, 0x0000000089d00000, 0x0000000089e00000|  0%| F|  |TAMS 0x0000000089d00000, 0x0000000089d00000| Untracked 
| 140|0x0000000089e00000, 0x0000000089e00000, 0x0000000089f00000|  0%| F|  |TAMS 0x0000000089e00000, 0x0000000089e00000| Untracked 
| 141|0x0000000089f00000, 0x0000000089f00000, 0x000000008a000000|  0%| F|  |TAMS 0x0000000089f00000, 0x0000000089f00000| Untracked 
| 142|0x000000008a000000, 0x000000008a000000, 0x000000008a100000|  0%| F|  |TAMS 0x000000008a000000, 0x000000008a000000| Untracked 
| 143|0x000000008a100000, 0x000000008a100000, 0x000000008a200000|  0%| F|  |TAMS 0x000000008a100000, 0x000000008a100000| Untracked 
| 144|0x000000008a200000, 0x000000008a200000, 0x000000008a300000|  0%| F|  |TAMS 0x000000008a200000, 0x000000008a200000| Untracked 
| 145|0x000000008a300000, 0x000000008a300000, 0x000000008a400000|  0%| F|  |TAMS 0x000000008a300000, 0x000000008a300000| Untracked 
| 146|0x000000008a400000, 0x000000008a400000, 0x000000008a500000|  0%| F|  |TAMS 0x000000008a400000, 0x000000008a400000| Untracked 
| 147|0x000000008a500000, 0x000000008a500000, 0x000000008a600000|  0%| F|  |TAMS 0x000000008a500000, 0x000000008a500000| Untracked 
| 148|0x000000008a600000, 0x000000008a600000, 0x000000008a700000|  0%| F|  |TAMS 0x000000008a600000, 0x000000008a600000| Untracked 
| 149|0x000000008a700000, 0x000000008a700000, 0x000000008a800000|  0%| F|  |TAMS 0x000000008a700000, 0x000000008a700000| Untracked 
| 150|0x000000008a800000, 0x000000008a800000, 0x000000008a900000|  0%| F|  |TAMS 0x000000008a800000, 0x000000008a800000| Untracked 
| 151|0x000000008a900000, 0x000000008a900000, 0x000000008aa00000|  0%| F|  |TAMS 0x000000008a900000, 0x000000008a900000| Untracked 
| 152|0x000000008aa00000, 0x000000008aa00000, 0x000000008ab00000|  0%| F|  |TAMS 0x000000008aa00000, 0x000000008aa00000| Untracked 
| 153|0x000000008ab00000, 0x000000008ab00000, 0x000000008ac00000|  0%| F|  |TAMS 0x000000008ab00000, 0x000000008ab00000| Untracked 
| 154|0x000000008ac00000, 0x000000008ac00000, 0x000000008ad00000|  0%| F|  |TAMS 0x000000008ac00000, 0x000000008ac00000| Untracked 
| 155|0x000000008ad00000, 0x000000008ad00000, 0x000000008ae00000|  0%| F|  |TAMS 0x000000008ad00000, 0x000000008ad00000| Untracked 
| 156|0x000000008ae00000, 0x000000008ae00000, 0x000000008af00000|  0%| F|  |TAMS 0x000000008ae00000, 0x000000008ae00000| Untracked 
| 157|0x000000008af00000, 0x000000008af00000, 0x000000008b000000|  0%| F|  |TAMS 0x000000008af00000, 0x000000008af00000| Untracked 
| 158|0x000000008b000000, 0x000000008b000000, 0x000000008b100000|  0%| F|  |TAMS 0x000000008b000000, 0x000000008b000000| Untracked 
| 159|0x000000008b100000, 0x000000008b100000, 0x000000008b200000|  0%| F|  |TAMS 0x000000008b100000, 0x000000008b100000| Untracked 
| 160|0x000000008b200000, 0x000000008b200000, 0x000000008b300000|  0%| F|  |TAMS 0x000000008b200000, 0x000000008b200000| Untracked 
| 161|0x000000008b300000, 0x000000008b300000, 0x000000008b400000|  0%| F|  |TAMS 0x000000008b300000, 0x000000008b300000| Untracked 
| 162|0x000000008b400000, 0x000000008b400000, 0x000000008b500000|  0%| F|  |TAMS 0x000000008b400000, 0x000000008b400000| Untracked 
| 163|0x000000008b500000, 0x000000008b500000, 0x000000008b600000|  0%| F|  |TAMS 0x000000008b500000, 0x000000008b500000| Untracked 
| 164|0x000000008b600000, 0x000000008b600000, 0x000000008b700000|  0%| F|  |TAMS 0x000000008b600000, 0x000000008b600000| Untracked 
| 165|0x000000008b700000, 0x000000008b700000, 0x000000008b800000|  0%| F|  |TAMS 0x000000008b700000, 0x000000008b700000| Untracked 
| 166|0x000000008b800000, 0x000000008b800000, 0x000000008b900000|  0%| F|  |TAMS 0x000000008b800000, 0x000000008b800000| Untracked 
| 167|0x000000008b900000, 0x000000008b900000, 0x000000008ba00000|  0%| F|  |TAMS 0x000000008b900000, 0x000000008b900000| Untracked 
| 168|0x000000008ba00000, 0x000000008ba00000, 0x000000008bb00000|  0%| F|  |TAMS 0x000000008ba00000, 0x000000008ba00000| Untracked 
| 169|0x000000008bb00000, 0x000000008bb00000, 0x000000008bc00000|  0%| F|  |TAMS 0x000000008bb00000, 0x000000008bb00000| Untracked 
| 170|0x000000008bc00000, 0x000000008bc00000, 0x000000008bd00000|  0%| F|  |TAMS 0x000000008bc00000, 0x000000008bc00000| Untracked 
| 171|0x000000008bd00000, 0x000000008bd00000, 0x000000008be00000|  0%| F|  |TAMS 0x000000008bd00000, 0x000000008bd00000| Untracked 
| 172|0x000000008be00000, 0x000000008be00000, 0x000000008bf00000|  0%| F|  |TAMS 0x000000008be00000, 0x000000008be00000| Untracked 
| 173|0x000000008bf00000, 0x000000008bf00000, 0x000000008c000000|  0%| F|  |TAMS 0x000000008bf00000, 0x000000008bf00000| Untracked 
| 174|0x000000008c000000, 0x000000008c000000, 0x000000008c100000|  0%| F|  |TAMS 0x000000008c000000, 0x000000008c000000| Untracked 
| 175|0x000000008c100000, 0x000000008c100000, 0x000000008c200000|  0%| F|  |TAMS 0x000000008c100000, 0x000000008c100000| Untracked 
| 176|0x000000008c200000, 0x000000008c200000, 0x000000008c300000|  0%| F|  |TAMS 0x000000008c200000, 0x000000008c200000| Untracked 
| 177|0x000000008c300000, 0x000000008c300000, 0x000000008c400000|  0%| F|  |TAMS 0x000000008c300000, 0x000000008c300000| Untracked 
| 178|0x000000008c400000, 0x000000008c400000, 0x000000008c500000|  0%| F|  |TAMS 0x000000008c400000, 0x000000008c400000| Untracked 
| 179|0x000000008c500000, 0x000000008c500000, 0x000000008c600000|  0%| F|  |TAMS 0x000000008c500000, 0x000000008c500000| Untracked 
| 180|0x000000008c600000, 0x000000008c600000, 0x000000008c700000|  0%| F|  |TAMS 0x000000008c600000, 0x000000008c600000| Untracked 
| 181|0x000000008c700000, 0x000000008c700000, 0x000000008c800000|  0%| F|  |TAMS 0x000000008c700000, 0x000000008c700000| Untracked 
| 182|0x000000008c800000, 0x000000008c800000, 0x000000008c900000|  0%| F|  |TAMS 0x000000008c800000, 0x000000008c800000| Untracked 
| 183|0x000000008c900000, 0x000000008c900000, 0x000000008ca00000|  0%| F|  |TAMS 0x000000008c900000, 0x000000008c900000| Untracked 
| 184|0x000000008ca00000, 0x000000008ca00000, 0x000000008cb00000|  0%| F|  |TAMS 0x000000008ca00000, 0x000000008ca00000| Untracked 
| 185|0x000000008cb00000, 0x000000008cb00000, 0x000000008cc00000|  0%| F|  |TAMS 0x000000008cb00000, 0x000000008cb00000| Untracked 
| 186|0x000000008cc00000, 0x000000008cc00000, 0x000000008cd00000|  0%| F|  |TAMS 0x000000008cc00000, 0x000000008cc00000| Untracked 
| 187|0x000000008cd00000, 0x000000008cd00000, 0x000000008ce00000|  0%| F|  |TAMS 0x000000008cd00000, 0x000000008cd00000| Untracked 
| 188|0x000000008ce00000, 0x000000008ce00000, 0x000000008cf00000|  0%| F|  |TAMS 0x000000008ce00000, 0x000000008ce00000| Untracked 
| 189|0x000000008cf00000, 0x000000008cf00000, 0x000000008d000000|  0%| F|  |TAMS 0x000000008cf00000, 0x000000008cf00000| Untracked 
| 190|0x000000008d000000, 0x000000008d000000, 0x000000008d100000|  0%| F|  |TAMS 0x000000008d000000, 0x000000008d000000| Untracked 
| 191|0x000000008d100000, 0x000000008d100000, 0x000000008d200000|  0%| F|  |TAMS 0x000000008d100000, 0x000000008d100000| Untracked 
| 192|0x000000008d200000, 0x000000008d200000, 0x000000008d300000|  0%| F|  |TAMS 0x000000008d200000, 0x000000008d200000| Untracked 
| 193|0x000000008d300000, 0x000000008d300000, 0x000000008d400000|  0%| F|  |TAMS 0x000000008d300000, 0x000000008d300000| Untracked 
| 194|0x000000008d400000, 0x000000008d400000, 0x000000008d500000|  0%| F|  |TAMS 0x000000008d400000, 0x000000008d400000| Untracked 
| 195|0x000000008d500000, 0x000000008d500000, 0x000000008d600000|  0%| F|  |TAMS 0x000000008d500000, 0x000000008d500000| Untracked 
| 196|0x000000008d600000, 0x000000008d600000, 0x000000008d700000|  0%| F|  |TAMS 0x000000008d600000, 0x000000008d600000| Untracked 
| 197|0x000000008d700000, 0x000000008d700000, 0x000000008d800000|  0%| F|  |TAMS 0x000000008d700000, 0x000000008d700000| Untracked 
| 198|0x000000008d800000, 0x000000008d800000, 0x000000008d900000|  0%| F|  |TAMS 0x000000008d800000, 0x000000008d800000| Untracked 
| 199|0x000000008d900000, 0x000000008d900000, 0x000000008da00000|  0%| F|  |TAMS 0x000000008d900000, 0x000000008d900000| Untracked 
| 200|0x000000008da00000, 0x000000008da00000, 0x000000008db00000|  0%| F|  |TAMS 0x000000008da00000, 0x000000008da00000| Untracked 
| 201|0x000000008db00000, 0x000000008db00000, 0x000000008dc00000|  0%| F|  |TAMS 0x000000008db00000, 0x000000008db00000| Untracked 
| 202|0x000000008dc00000, 0x000000008dc00000, 0x000000008dd00000|  0%| F|  |TAMS 0x000000008dc00000, 0x000000008dc00000| Untracked 
| 203|0x000000008dd00000, 0x000000008dd00000, 0x000000008de00000|  0%| F|  |TAMS 0x000000008dd00000, 0x000000008dd00000| Untracked 
| 204|0x000000008de00000, 0x000000008de00000, 0x000000008df00000|  0%| F|  |TAMS 0x000000008de00000, 0x000000008de00000| Untracked 
| 205|0x000000008df00000, 0x000000008df00000, 0x000000008e000000|  0%| F|  |TAMS 0x000000008df00000, 0x000000008df00000| Untracked 
| 206|0x000000008e000000, 0x000000008e000000, 0x000000008e100000|  0%| F|  |TAMS 0x000000008e000000, 0x000000008e000000| Untracked 
| 207|0x000000008e100000, 0x000000008e100000, 0x000000008e200000|  0%| F|  |TAMS 0x000000008e100000, 0x000000008e100000| Untracked 
| 208|0x000000008e200000, 0x000000008e200000, 0x000000008e300000|  0%| F|  |TAMS 0x000000008e200000, 0x000000008e200000| Untracked 
| 209|0x000000008e300000, 0x000000008e300000, 0x000000008e400000|  0%| F|  |TAMS 0x000000008e300000, 0x000000008e300000| Untracked 
| 210|0x000000008e400000, 0x000000008e400000, 0x000000008e500000|  0%| F|  |TAMS 0x000000008e400000, 0x000000008e400000| Untracked 
| 211|0x000000008e500000, 0x000000008e500000, 0x000000008e600000|  0%| F|  |TAMS 0x000000008e500000, 0x000000008e500000| Untracked 
| 212|0x000000008e600000, 0x000000008e600000, 0x000000008e700000|  0%| F|  |TAMS 0x000000008e600000, 0x000000008e600000| Untracked 
| 213|0x000000008e700000, 0x000000008e700000, 0x000000008e800000|  0%| F|  |TAMS 0x000000008e700000, 0x000000008e700000| Untracked 
| 214|0x000000008e800000, 0x000000008e800000, 0x000000008e900000|  0%| F|  |TAMS 0x000000008e800000, 0x000000008e800000| Untracked 
| 215|0x000000008e900000, 0x000000008e900000, 0x000000008ea00000|  0%| F|  |TAMS 0x000000008e900000, 0x000000008e900000| Untracked 
| 216|0x000000008ea00000, 0x000000008ea00000, 0x000000008eb00000|  0%| F|  |TAMS 0x000000008ea00000, 0x000000008ea00000| Untracked 
| 217|0x000000008eb00000, 0x000000008eb00000, 0x000000008ec00000|  0%| F|  |TAMS 0x000000008eb00000, 0x000000008eb00000| Untracked 
| 218|0x000000008ec00000, 0x000000008ec00000, 0x000000008ed00000|  0%| F|  |TAMS 0x000000008ec00000, 0x000000008ec00000| Untracked 
| 219|0x000000008ed00000, 0x000000008ed00000, 0x000000008ee00000|  0%| F|  |TAMS 0x000000008ed00000, 0x000000008ed00000| Untracked 
| 220|0x000000008ee00000, 0x000000008ee00000, 0x000000008ef00000|  0%| F|  |TAMS 0x000000008ee00000, 0x000000008ee00000| Untracked 
| 221|0x000000008ef00000, 0x000000008ef00000, 0x000000008f000000|  0%| F|  |TAMS 0x000000008ef00000, 0x000000008ef00000| Untracked 
| 222|0x000000008f000000, 0x000000008f000000, 0x000000008f100000|  0%| F|  |TAMS 0x000000008f000000, 0x000000008f000000| Untracked 
| 223|0x000000008f100000, 0x000000008f100000, 0x000000008f200000|  0%| F|  |TAMS 0x000000008f100000, 0x000000008f100000| Untracked 
| 224|0x000000008f200000, 0x000000008f200000, 0x000000008f300000|  0%| F|  |TAMS 0x000000008f200000, 0x000000008f200000| Untracked 
| 225|0x000000008f300000, 0x000000008f300000, 0x000000008f400000|  0%| F|  |TAMS 0x000000008f300000, 0x000000008f300000| Untracked 
| 226|0x000000008f400000, 0x000000008f400000, 0x000000008f500000|  0%| F|  |TAMS 0x000000008f400000, 0x000000008f400000| Untracked 
| 227|0x000000008f500000, 0x000000008f500000, 0x000000008f600000|  0%| F|  |TAMS 0x000000008f500000, 0x000000008f500000| Untracked 
| 228|0x000000008f600000, 0x000000008f600000, 0x000000008f700000|  0%| F|  |TAMS 0x000000008f600000, 0x000000008f600000| Untracked 
| 229|0x000000008f700000, 0x000000008f700000, 0x000000008f800000|  0%| F|  |TAMS 0x000000008f700000, 0x000000008f700000| Untracked 
| 230|0x000000008f800000, 0x000000008f800000, 0x000000008f900000|  0%| F|  |TAMS 0x000000008f800000, 0x000000008f800000| Untracked 
| 231|0x000000008f900000, 0x000000008f900000, 0x000000008fa00000|  0%| F|  |TAMS 0x000000008f900000, 0x000000008f900000| Untracked 
| 232|0x000000008fa00000, 0x000000008fa00000, 0x000000008fb00000|  0%| F|  |TAMS 0x000000008fa00000, 0x000000008fa00000| Untracked 
| 233|0x000000008fb00000, 0x000000008fb00000, 0x000000008fc00000|  0%| F|  |TAMS 0x000000008fb00000, 0x000000008fb00000| Untracked 
| 234|0x000000008fc00000, 0x000000008fc00000, 0x000000008fd00000|  0%| F|  |TAMS 0x000000008fc00000, 0x000000008fc00000| Untracked 
| 235|0x000000008fd00000, 0x000000008fd00000, 0x000000008fe00000|  0%| F|  |TAMS 0x000000008fd00000, 0x000000008fd00000| Untracked 
| 236|0x000000008fe00000, 0x000000008fe00000, 0x000000008ff00000|  0%| F|  |TAMS 0x000000008fe00000, 0x000000008fe00000| Untracked 
| 237|0x000000008ff00000, 0x000000008ff00000, 0x0000000090000000|  0%| F|  |TAMS 0x000000008ff00000, 0x000000008ff00000| Untracked 
| 238|0x0000000090000000, 0x0000000090000000, 0x0000000090100000|  0%| F|  |TAMS 0x0000000090000000, 0x0000000090000000| Untracked 
| 239|0x0000000090100000, 0x0000000090100000, 0x0000000090200000|  0%| F|  |TAMS 0x0000000090100000, 0x0000000090100000| Untracked 
| 240|0x0000000090200000, 0x0000000090200000, 0x0000000090300000|  0%| F|  |TAMS 0x0000000090200000, 0x0000000090200000| Untracked 
| 241|0x0000000090300000, 0x0000000090300000, 0x0000000090400000|  0%| F|  |TAMS 0x0000000090300000, 0x0000000090300000| Untracked 
| 242|0x0000000090400000, 0x0000000090400000, 0x0000000090500000|  0%| F|  |TAMS 0x0000000090400000, 0x0000000090400000| Untracked 
| 243|0x0000000090500000, 0x0000000090500000, 0x0000000090600000|  0%| F|  |TAMS 0x0000000090500000, 0x0000000090500000| Untracked 
| 244|0x0000000090600000, 0x0000000090600000, 0x0000000090700000|  0%| F|  |TAMS 0x0000000090600000, 0x0000000090600000| Untracked 
| 245|0x0000000090700000, 0x0000000090700000, 0x0000000090800000|  0%| F|  |TAMS 0x0000000090700000, 0x0000000090700000| Untracked 
| 246|0x0000000090800000, 0x0000000090800000, 0x0000000090900000|  0%| F|  |TAMS 0x0000000090800000, 0x0000000090800000| Untracked 
| 247|0x0000000090900000, 0x0000000090900000, 0x0000000090a00000|  0%| F|  |TAMS 0x0000000090900000, 0x0000000090900000| Untracked 
| 248|0x0000000090a00000, 0x0000000090a00000, 0x0000000090b00000|  0%| F|  |TAMS 0x0000000090a00000, 0x0000000090a00000| Untracked 
| 249|0x0000000090b00000, 0x0000000090b00000, 0x0000000090c00000|  0%| F|  |TAMS 0x0000000090b00000, 0x0000000090b00000| Untracked 
| 250|0x0000000090c00000, 0x0000000090c00000, 0x0000000090d00000|  0%| F|  |TAMS 0x0000000090c00000, 0x0000000090c00000| Untracked 
| 251|0x0000000090d00000, 0x0000000090d00000, 0x0000000090e00000|  0%| F|  |TAMS 0x0000000090d00000, 0x0000000090d00000| Untracked 
| 252|0x0000000090e00000, 0x0000000090e00000, 0x0000000090f00000|  0%| F|  |TAMS 0x0000000090e00000, 0x0000000090e00000| Untracked 
| 253|0x0000000090f00000, 0x0000000090f00000, 0x0000000091000000|  0%| F|  |TAMS 0x0000000090f00000, 0x0000000090f00000| Untracked 
| 254|0x0000000091000000, 0x0000000091000000, 0x0000000091100000|  0%| F|  |TAMS 0x0000000091000000, 0x0000000091000000| Untracked 
| 255|0x0000000091100000, 0x0000000091100000, 0x0000000091200000|  0%| F|  |TAMS 0x0000000091100000, 0x0000000091100000| Untracked 
| 256|0x0000000091200000, 0x0000000091200000, 0x0000000091300000|  0%| F|  |TAMS 0x0000000091200000, 0x0000000091200000| Untracked 
| 257|0x0000000091300000, 0x0000000091300000, 0x0000000091400000|  0%| F|  |TAMS 0x0000000091300000, 0x0000000091300000| Untracked 
| 258|0x0000000091400000, 0x0000000091400000, 0x0000000091500000|  0%| F|  |TAMS 0x0000000091400000, 0x0000000091400000| Untracked 
| 259|0x0000000091500000, 0x0000000091500000, 0x0000000091600000|  0%| F|  |TAMS 0x0000000091500000, 0x0000000091500000| Untracked 
| 260|0x0000000091600000, 0x0000000091600000, 0x0000000091700000|  0%| F|  |TAMS 0x0000000091600000, 0x0000000091600000| Untracked 
| 261|0x0000000091700000, 0x0000000091700000, 0x0000000091800000|  0%| F|  |TAMS 0x0000000091700000, 0x0000000091700000| Untracked 
| 262|0x0000000091800000, 0x0000000091800000, 0x0000000091900000|  0%| F|  |TAMS 0x0000000091800000, 0x0000000091800000| Untracked 
| 263|0x0000000091900000, 0x0000000091900000, 0x0000000091a00000|  0%| F|  |TAMS 0x0000000091900000, 0x0000000091900000| Untracked 
| 264|0x0000000091a00000, 0x0000000091a00000, 0x0000000091b00000|  0%| F|  |TAMS 0x0000000091a00000, 0x0000000091a00000| Untracked 
| 265|0x0000000091b00000, 0x0000000091b00000, 0x0000000091c00000|  0%| F|  |TAMS 0x0000000091b00000, 0x0000000091b00000| Untracked 
| 266|0x0000000091c00000, 0x0000000091c00000, 0x0000000091d00000|  0%| F|  |TAMS 0x0000000091c00000, 0x0000000091c00000| Untracked 
| 267|0x0000000091d00000, 0x0000000091d00000, 0x0000000091e00000|  0%| F|  |TAMS 0x0000000091d00000, 0x0000000091d00000| Untracked 
| 268|0x0000000091e00000, 0x0000000091e00000, 0x0000000091f00000|  0%| F|  |TAMS 0x0000000091e00000, 0x0000000091e00000| Untracked 
| 269|0x0000000091f00000, 0x0000000091f00000, 0x0000000092000000|  0%| F|  |TAMS 0x0000000091f00000, 0x0000000091f00000| Untracked 
| 270|0x0000000092000000, 0x0000000092000000, 0x0000000092100000|  0%| F|  |TAMS 0x0000000092000000, 0x0000000092000000| Untracked 

Card table byte_map: [0x00000266a0ed0000,0x00000266a12d0000] _byte_map_base: 0x00000266a0ac7000

Marking Bits (Prev, Next): (CMBitMap*) 0x0000026699234260, (CMBitMap*) 0x0000026699234220
 Prev Bits: [0x00000266a3690000, 0x00000266a5648000)
 Next Bits: [0x00000266a16d0000, 0x00000266a3688000)

Polling page: 0x0000026699070000

Metaspace:

Usage:
  Non-class:     33.54 MB used.
      Class:      4.86 MB used.
       Both:     38.40 MB used.

Virtual space:
  Non-class space:       40.00 MB reserved,      33.75 MB ( 84%) committed,  5 nodes.
      Class space:        1.00 GB reserved,       5.00 MB ( <1%) committed,  1 nodes.
             Both:        1.04 GB reserved,      38.75 MB (  4%) committed. 

Chunk freelists:
   Non-Class:  1.47 MB
       Class:  3.00 MB
        Both:  4.47 MB

MaxMetaspaceSize: unlimited
CompressedClassSpaceSize: 1.00 GB
Initial GC threshold: 21.00 MB
Current GC threshold: 64.62 MB
CDS: off
MetaspaceReclaimPolicy: balanced
 - commit_granule_bytes: 65536.
 - commit_granule_words: 8192.
 - virtual_space_node_default_size: 1048576.
 - enlarge_chunks_in_place: 1.
 - new_chunks_are_fully_committed: 0.
 - uncommit_free_chunks: 1.
 - use_allocation_guard: 0.
 - handle_deallocations: 1.


Internal statistics:

num_allocs_failed_limit: 6.
num_arena_births: 384.
num_arena_deaths: 0.
num_vsnodes_births: 6.
num_vsnodes_deaths: 0.
num_space_committed: 620.
num_space_uncommitted: 0.
num_chunks_returned_to_freelist: 6.
num_chunks_taken_from_freelist: 1552.
num_chunk_merges: 6.
num_chunk_splits: 1059.
num_chunks_enlarged: 817.
num_purges: 0.
num_inconsistent_stats: 0.

CodeCache: size=49152Kb used=9062Kb max_used=9062Kb free=40089Kb
 bounds [0x000002669d630000, 0x000002669df10000, 0x00000266a0630000]
 total_blobs=4600 nmethods=4065 adapters=461
 compilation: enabled
              stopped_count=0, restarted_count=0
 full_count=0

Compilation events (20 events):
Event: 5.368 Thread 0x00000266a8a124e0 4058       1       java.util.concurrent.ConcurrentHashMap::resizeStamp (9 bytes)
Event: 5.368 Thread 0x00000266a8a124e0 nmethod 4058 0x000002669defc390 code [0x000002669defc520, 0x000002669defc5e8]
Event: 5.368 Thread 0x00000266a8a124e0 4059       1       java.util.concurrent.ConcurrentHashMap::helpTransfer (123 bytes)
Event: 5.368 Thread 0x00000266a7cd7ab0 nmethod 4052 0x000002669defc690 code [0x000002669defca00, 0x000002669defd828]
Event: 5.368 Thread 0x00000266a8a124e0 nmethod 4059 0x000002669defe010 code [0x000002669defe1c0, 0x000002669defe438]
Event: 5.368 Thread 0x00000266a7cd7ab0 4053       1       io.github.classgraph.ClasspathElementModule$1$1::<init> (16 bytes)
Event: 5.368 Thread 0x00000266a8a124e0 4054       1       nonapi.io.github.classgraph.utils.ProxyingInputStream::<init> (10 bytes)
Event: 5.369 Thread 0x00000266a8a124e0 nmethod 4054 0x000002669defe590 code [0x000002669defe720, 0x000002669defe838]
Event: 5.369 Thread 0x00000266a7cd7ab0 nmethod 4053 0x000002669defe890 code [0x000002669defea20, 0x000002669defebf8]
Event: 5.369 Thread 0x00000266a8a124e0 4057       1       java.util.zip.Inflater::<init> (6 bytes)
Event: 5.369 Thread 0x00000266a8a124e0 nmethod 4057 0x000002669defec90 code [0x000002669defee60, 0x000002669deff1f8]
Event: 5.372 Thread 0x00000266a8c308b0 nmethod 4017 0x000002669deff390 code [0x000002669deffac0, 0x000002669df02dc8]
Event: 5.392 Thread 0x00000266a8c308b0 4062  s!   1       jdk.internal.loader.URLClassPath::getLoader (196 bytes)
Event: 5.394 Thread 0x00000266a8c308b0 nmethod 4062 0x000002669df05b90 code [0x000002669df05e40, 0x000002669df06858]
Event: 5.542 Thread 0x00000266a8a124e0 4063       1       java.util.concurrent.locks.ReentrantLock$NonfairSync::tryAcquire (27 bytes)
Event: 5.543 Thread 0x00000266a8a124e0 nmethod 4063 0x000002669df07510 code [0x000002669df076a0, 0x000002669df07818]
Event: 5.599 Thread 0x00000266a8c308b0 4064       1       java.util.concurrent.locks.AbstractQueuedSynchronizer::acquireInterruptibly (36 bytes)
Event: 5.600 Thread 0x00000266a8c308b0 nmethod 4064 0x000002669df07890 code [0x000002669df07a60, 0x000002669df07cb8]
Event: 5.716 Thread 0x00000266a8a124e0 4065   !   1       java.util.concurrent.locks.AbstractQueuedSynchronizer::acquire (407 bytes)
Event: 5.718 Thread 0x00000266a8a124e0 nmethod 4065 0x000002669df07e10 code [0x000002669df080a0, 0x000002669df09298]

GC Heap History (20 events):
Event: 4.565 GC heap after
{Heap after GC invocations=14 (full 0):
 garbage-first heap   total 74752K, used 35258K [0x0000000081200000, 0x0000000100000000)
  region size 1024K, 4 young (4096K), 4 survivors (4096K)
 Metaspace       used 38053K, committed 38336K, reserved 1089536K
  class space    used 4807K, committed 4928K, reserved 1048576K
}
Event: 4.623 GC heap before
{Heap before GC invocations=14 (full 0):
 garbage-first heap   total 74752K, used 54714K [0x0000000081200000, 0x0000000100000000)
  region size 1024K, 24 young (24576K), 4 survivors (4096K)
 Metaspace       used 38102K, committed 38336K, reserved 1089536K
  class space    used 4817K, committed 4928K, reserved 1048576K
}
Event: 4.633 GC heap after
{Heap after GC invocations=15 (full 0):
 garbage-first heap   total 114688K, used 41374K [0x0000000081200000, 0x0000000100000000)
  region size 1024K, 3 young (3072K), 3 survivors (3072K)
 Metaspace       used 38102K, committed 38336K, reserved 1089536K
  class space    used 4817K, committed 4928K, reserved 1048576K
}
Event: 4.836 GC heap before
{Heap before GC invocations=15 (full 0):
 garbage-first heap   total 114688K, used 81310K [0x0000000081200000, 0x0000000100000000)
  region size 1024K, 43 young (44032K), 3 survivors (3072K)
 Metaspace       used 38733K, committed 39104K, reserved 1089536K
  class space    used 4882K, committed 5056K, reserved 1048576K
}
Event: 4.857 GC heap after
{Heap after GC invocations=16 (full 0):
 garbage-first heap   total 114688K, used 52483K [0x0000000081200000, 0x0000000100000000)
  region size 1024K, 6 young (6144K), 6 survivors (6144K)
 Metaspace       used 38733K, committed 39104K, reserved 1089536K
  class space    used 4882K, committed 5056K, reserved 1048576K
}
Event: 5.180 GC heap before
{Heap before GC invocations=16 (full 0):
 garbage-first heap   total 114688K, used 82179K [0x0000000081200000, 0x0000000100000000)
  region size 1024K, 35 young (35840K), 6 survivors (6144K)
 Metaspace       used 39120K, committed 39488K, reserved 1089536K
  class space    used 4951K, committed 5120K, reserved 1048576K
}
Event: 5.201 GC heap after
{Heap after GC invocations=17 (full 0):
 garbage-first heap   total 114688K, used 62464K [0x0000000081200000, 0x0000000100000000)
  region size 1024K, 5 young (5120K), 5 survivors (5120K)
 Metaspace       used 39120K, committed 39488K, reserved 1089536K
  class space    used 4951K, committed 5120K, reserved 1048576K
}
Event: 5.212 GC heap before
{Heap before GC invocations=17 (full 0):
 garbage-first heap   total 114688K, used 64512K [0x0000000081200000, 0x0000000100000000)
  region size 1024K, 8 young (8192K), 5 survivors (5120K)
 Metaspace       used 39120K, committed 39488K, reserved 1089536K
  class space    used 4951K, committed 5120K, reserved 1048576K
}
Event: 5.221 GC heap after
{Heap after GC invocations=18 (full 0):
 garbage-first heap   total 114688K, used 65687K [0x0000000081200000, 0x0000000100000000)
  region size 1024K, 3 young (3072K), 3 survivors (3072K)
 Metaspace       used 39120K, committed 39488K, reserved 1089536K
  class space    used 4951K, committed 5120K, reserved 1048576K
}
Event: 5.283 GC heap before
{Heap before GC invocations=18 (full 0):
 garbage-first heap   total 114688K, used 82071K [0x0000000081200000, 0x0000000100000000)
  region size 1024K, 19 young (19456K), 3 survivors (3072K)
 Metaspace       used 39209K, committed 39616K, reserved 1089536K
  class space    used 4959K, committed 5120K, reserved 1048576K
}
Event: 5.307 GC heap after
{Heap after GC invocations=19 (full 0):
 garbage-first heap   total 277504K, used 71551K [0x0000000081200000, 0x0000000100000000)
  region size 1024K, 3 young (3072K), 3 survivors (3072K)
 Metaspace       used 39209K, committed 39616K, reserved 1089536K
  class space    used 4959K, committed 5120K, reserved 1048576K
}
Event: 5.442 GC heap before
{Heap before GC invocations=19 (full 0):
 garbage-first heap   total 277504K, used 158591K [0x0000000081200000, 0x0000000100000000)
  region size 1024K, 90 young (92160K), 3 survivors (3072K)
 Metaspace       used 39322K, committed 39680K, reserved 1089536K
  class space    used 4974K, committed 5120K, reserved 1048576K
}
Event: 5.451 GC heap after
{Heap after GC invocations=20 (full 0):
 garbage-first heap   total 277504K, used 74174K [0x0000000081200000, 0x0000000100000000)
  region size 1024K, 7 young (7168K), 7 survivors (7168K)
 Metaspace       used 39322K, committed 39680K, reserved 1089536K
  class space    used 4974K, committed 5120K, reserved 1048576K
}
Event: 5.550 GC heap before
{Heap before GC invocations=21 (full 0):
 garbage-first heap   total 277504K, used 198078K [0x0000000081200000, 0x0000000100000000)
  region size 1024K, 129 young (132096K), 7 survivors (7168K)
 Metaspace       used 39322K, committed 39680K, reserved 1089536K
  class space    used 4974K, committed 5120K, reserved 1048576K
}
Event: 5.563 GC heap after
{Heap after GC invocations=22 (full 0):
 garbage-first heap   total 277504K, used 78719K [0x0000000081200000, 0x0000000100000000)
  region size 1024K, 11 young (11264K), 11 survivors (11264K)
 Metaspace       used 39322K, committed 39680K, reserved 1089536K
  class space    used 4974K, committed 5120K, reserved 1048576K
}
Event: 5.565 GC heap before
{Heap before GC invocations=22 (full 0):
 garbage-first heap   total 277504K, used 79743K [0x0000000081200000, 0x0000000100000000)
  region size 1024K, 13 young (13312K), 11 survivors (11264K)
 Metaspace       used 39322K, committed 39680K, reserved 1089536K
  class space    used 4974K, committed 5120K, reserved 1048576K
}
Event: 5.574 GC heap after
{Heap after GC invocations=23 (full 0):
 garbage-first heap   total 277504K, used 79474K [0x0000000081200000, 0x0000000100000000)
  region size 1024K, 2 young (2048K), 2 survivors (2048K)
 Metaspace       used 39322K, committed 39680K, reserved 1089536K
  class space    used 4974K, committed 5120K, reserved 1048576K
}
Event: 5.649 GC heap before
{Heap before GC invocations=23 (full 0):
 garbage-first heap   total 277504K, used 205426K [0x0000000081200000, 0x0000000100000000)
  region size 1024K, 126 young (129024K), 2 survivors (2048K)
 Metaspace       used 39322K, committed 39680K, reserved 1089536K
  class space    used 4974K, committed 5120K, reserved 1048576K
}
Event: 5.653 GC heap after
{Heap after GC invocations=24 (full 0):
 garbage-first heap   total 277504K, used 83462K [0x0000000081200000, 0x0000000100000000)
  region size 1024K, 6 young (6144K), 6 survivors (6144K)
 Metaspace       used 39322K, committed 39680K, reserved 1089536K
  class space    used 4974K, committed 5120K, reserved 1048576K
}
Event: 5.730 GC heap before
{Heap before GC invocations=24 (full 0):
 garbage-first heap   total 277504K, used 211462K [0x0000000081200000, 0x0000000100000000)
  region size 1024K, 132 young (135168K), 6 survivors (6144K)
 Metaspace       used 39323K, committed 39680K, reserved 1089536K
  class space    used 4975K, committed 5120K, reserved 1048576K
}

Dll operation events (8 events):
Event: 0.011 Loaded shared library c:\Users\Micro\.vscode\extensions\redhat.java-1.13.0-win32-x64\jre\17.0.5-win32-x86_64\bin\java.dll
Event: 0.308 Loaded shared library C:\Users\Micro\.vscode\extensions\redhat.java-1.13.0-win32-x64\jre\17.0.5-win32-x86_64\bin\net.dll
Event: 0.311 Loaded shared library C:\Users\Micro\.vscode\extensions\redhat.java-1.13.0-win32-x64\jre\17.0.5-win32-x86_64\bin\nio.dll
Event: 0.320 Loaded shared library C:\Users\Micro\.vscode\extensions\redhat.java-1.13.0-win32-x64\jre\17.0.5-win32-x86_64\bin\zip.dll
Event: 0.534 Loaded shared library c:\Users\Micro\.vscode\extensions\redhat.java-1.13.0-win32-x64\jre\17.0.5-win32-x86_64\bin\verify.dll
Event: 0.546 Loaded shared library C:\Users\Micro\.vscode\extensions\redhat.java-1.13.0-win32-x64\jre\17.0.5-win32-x86_64\bin\jimage.dll
Event: 1.621 Loaded shared library C:\Users\Micro\.vscode\extensions\redhat.java-1.13.0-win32-x64\jre\17.0.5-win32-x86_64\bin\management.dll
Event: 1.624 Loaded shared library C:\Users\Micro\.vscode\extensions\redhat.java-1.13.0-win32-x64\jre\17.0.5-win32-x86_64\bin\management_ext.dll

Deoptimization events (12 events):
Event: 1.915 Thread 0x00000266991d6be0 DEOPT PACKING pc=0x000002669db03099 sp=0x000000d0f91fd370
Event: 1.915 Thread 0x00000266991d6be0 DEOPT UNPACKING pc=0x000002669d682b24 sp=0x000000d0f91fc850 mode 3
Event: 3.248 Thread 0x00000266991d6be0 DEOPT PACKING pc=0x000002669dc72499 sp=0x000000d0f91fc750
Event: 3.248 Thread 0x00000266991d6be0 DEOPT UNPACKING pc=0x000002669d682b24 sp=0x000000d0f91fbc30 mode 3
Event: 3.713 Thread 0x00000266a9e5efb0 DEOPT PACKING pc=0x000002669dd29235 sp=0x000000d0facfdc30
Event: 3.713 Thread 0x00000266a9e5efb0 DEOPT UNPACKING pc=0x000002669d682b24 sp=0x000000d0facfd158 mode 3
Event: 3.940 Thread 0x00000266a9e774d0 DEOPT PACKING pc=0x000002669dd4772b sp=0x000000d0faffe780
Event: 3.940 Thread 0x00000266a9e774d0 DEOPT UNPACKING pc=0x000002669d682b24 sp=0x000000d0faffdcc8 mode 3
Event: 3.960 Thread 0x00000266a9cac880 DEOPT PACKING pc=0x000002669daff281 sp=0x000000d0fabfd7b0
Event: 3.960 Thread 0x00000266a9cac880 DEOPT UNPACKING pc=0x000002669d682b24 sp=0x000000d0fabfcc40 mode 3
Event: 4.344 Thread 0x00000266a9ea0d50 DEOPT PACKING pc=0x000002669dafcd97 sp=0x000000d0fb7feb50
Event: 4.344 Thread 0x00000266a9ea0d50 DEOPT UNPACKING pc=0x000002669d682b24 sp=0x000000d0fb7fdfa8 mode 3

Classes unloaded (0 events):
No events

Classes redefined (0 events):
No events

Internal exceptions (20 events):
Event: 4.005 Thread 0x00000266a9e9f540 Exception <a 'sun/nio/fs/WindowsException'{0x00000000854f43c0}> (0x00000000854f43c0) 
thrown [s\src\hotspot\share\prims\jni.cpp, line 516]
Event: 4.005 Thread 0x00000266a9e9f540 Exception <a 'sun/nio/fs/WindowsException'{0x00000000854f4768}> (0x00000000854f4768) 
thrown [s\src\hotspot\share\prims\jni.cpp, line 516]
Event: 4.005 Thread 0x00000266a9e9f540 Exception <a 'sun/nio/fs/WindowsException'{0x00000000854f5168}> (0x00000000854f5168) 
thrown [s\src\hotspot\share\prims\jni.cpp, line 516]
Event: 4.006 Thread 0x00000266a9e9f540 Exception <a 'sun/nio/fs/WindowsException'{0x00000000854f5528}> (0x00000000854f5528) 
thrown [s\src\hotspot\share\prims\jni.cpp, line 516]
Event: 4.006 Thread 0x00000266a9e9f540 Exception <a 'sun/nio/fs/WindowsException'{0x00000000854f5f28}> (0x00000000854f5f28) 
thrown [s\src\hotspot\share\prims\jni.cpp, line 516]
Event: 4.006 Thread 0x00000266a9e9f540 Exception <a 'sun/nio/fs/WindowsException'{0x00000000854f62d8}> (0x00000000854f62d8) 
thrown [s\src\hotspot\share\prims\jni.cpp, line 516]
Event: 4.006 Thread 0x00000266a9e9f540 Exception <a 'sun/nio/fs/WindowsException'{0x00000000854f6cd8}> (0x00000000854f6cd8) 
thrown [s\src\hotspot\share\prims\jni.cpp, line 516]
Event: 4.006 Thread 0x00000266a9e9f540 Exception <a 'sun/nio/fs/WindowsException'{0x00000000854f7098}> (0x00000000854f7098) 
thrown [s\src\hotspot\share\prims\jni.cpp, line 516]
Event: 4.006 Thread 0x00000266a9e9f540 Exception <a 'sun/nio/fs/WindowsException'{0x00000000854f7ac0}> (0x00000000854f7ac0) 
thrown [s\src\hotspot\share\prims\jni.cpp, line 516]
Event: 4.006 Thread 0x00000266a9e9f540 Exception <a 'sun/nio/fs/WindowsException'{0x00000000854f7ea0}> (0x00000000854f7ea0) 
thrown [s\src\hotspot\share\prims\jni.cpp, line 516]
Event: 4.006 Thread 0x00000266a9e9f540 Exception <a 'sun/nio/fs/WindowsException'{0x00000000854f88d8}> (0x00000000854f88d8) 
thrown [s\src\hotspot\share\prims\jni.cpp, line 516]
Event: 4.007 Thread 0x00000266a9e9f540 Exception <a 'sun/nio/fs/WindowsException'{0x00000000854f8cc8}> (0x00000000854f8cc8) 
thrown [s\src\hotspot\share\prims\jni.cpp, line 516]
Event: 4.007 Thread 0x00000266a9e9f540 Exception <a 'sun/nio/fs/WindowsException'{0x00000000854f96f0}> (0x00000000854f96f0) 
thrown [s\src\hotspot\share\prims\jni.cpp, line 516]
Event: 4.007 Thread 0x00000266a9e9f540 Exception <a 'sun/nio/fs/WindowsException'{0x00000000854f9ae0}> (0x00000000854f9ae0) 
thrown [s\src\hotspot\share\prims\jni.cpp, line 516]
Event: 4.788 Thread 0x00000266a9e5efb0 Exception <a 'java/lang/NoSuchMethodError'{0x0000000085c37328}: 'java.lang.Object java.lang.invoke.Invokers$Holder.invoke_MT(java.lang.Object, java.lang.Object, java.lang.Object)'> (0x0000000085c37328) 
thrown [s\src\hotspot\share\interpreter\linkResolver.cpp, line 759]
Event: 4.966 Thread 0x00000266a9e5efb0 Exception <a 'java/lang/NoSuchMethodError'{0x0000000087ba8710}: 'java.lang.Object java.lang.invoke.DirectMethodHandle$Holder.newInvokeSpecial(java.lang.Object, java.lang.Object, int)'> (0x0000000087ba8710) 
thrown [s\src\hotspot\share\interpreter\linkResolver.cpp, line 759]
Event: 4.981 Thread 0x00000266a9ea2090 Exception <a 'java/lang/NoSuchMethodError'{0x0000000087a972f0}: 'java.lang.Object java.lang.invoke.Invokers$Holder.linkToTargetMethod(java.lang.Object, long, java.lang.Object)'> (0x0000000087a972f0) 
thrown [s\src\hotspot\share\interpreter\linkResolver.cpp, line 759]
Event: 4.995 Thread 0x00000266a9ea2090 Exception <a 'sun/nio/fs/WindowsException'{0x000000008798ec38}> (0x000000008798ec38) 
thrown [s\src\hotspot\share\prims\jni.cpp, line 516]
Event: 4.995 Thread 0x00000266a9ea2090 Exception <a 'sun/nio/fs/WindowsException'{0x000000008798fa40}> (0x000000008798fa40) 
thrown [s\src\hotspot\share\prims\jni.cpp, line 516]
Event: 4.998 Thread 0x00000266a9ea2090 Exception <a 'sun/nio/fs/WindowsException'{0x000000008799aba8}> (0x000000008799aba8) 
thrown [s\src\hotspot\share\prims\jni.cpp, line 516]

VM Operations (20 events):
Event: 5.442 Executing VM operation: G1CollectForAllocation done
Event: 5.442 Executing VM operation: G1CollectForAllocation
Event: 5.451 Executing VM operation: G1CollectForAllocation done
Event: 5.493 Executing VM operation: G1Concurrent
Event: 5.497 Executing VM operation: G1Concurrent done
Event: 5.545 Executing VM operation: G1CollectForAllocation
Event: 5.550 Executing VM operation: G1CollectForAllocation done
Event: 5.550 Executing VM operation: G1CollectForAllocation
Event: 5.563 Executing VM operation: G1CollectForAllocation done
Event: 5.565 Executing VM operation: G1CollectForAllocation
Event: 5.565 Executing VM operation: G1CollectForAllocation done
Event: 5.565 Executing VM operation: G1CollectForAllocation
Event: 5.574 Executing VM operation: G1CollectForAllocation done
Event: 5.648 Executing VM operation: G1CollectForAllocation
Event: 5.649 Executing VM operation: G1CollectForAllocation done
Event: 5.649 Executing VM operation: G1CollectForAllocation
Event: 5.653 Executing VM operation: G1CollectForAllocation done
Event: 5.729 Executing VM operation: G1CollectForAllocation
Event: 5.729 Executing VM operation: G1CollectForAllocation done
Event: 5.730 Executing VM operation: G1CollectForAllocation

Events (20 events):
Event: 4.866 loading class java/nio/file/Files$3 done
Event: 4.866 loading class java/nio/file/FileVisitResult
Event: 4.866 loading class java/nio/file/FileVisitResult done
Event: 4.918 loading class java/nio/channels/Channels$ReadableByteChannelImpl
Event: 4.918 loading class java/nio/channels/Channels$ReadableByteChannelImpl done
Event: 4.919 loading class java/nio/channels/NonWritableChannelException
Event: 4.919 loading class java/nio/channels/NonWritableChannelException done
Event: 4.962 loading class java/util/WeakHashMap$EntrySet
Event: 4.962 loading class java/util/WeakHashMap$EntrySet done
Event: 4.962 loading class java/util/WeakHashMap$EntryIterator
Event: 4.962 loading class java/util/WeakHashMap$HashIterator
Event: 4.962 loading class java/util/WeakHashMap$HashIterator done
Event: 4.962 loading class java/util/WeakHashMap$EntryIterator done
Event: 4.968 Thread 0x00000266a9ea2090 Thread added: 0x00000266a9ea2090
Event: 4.970 Thread 0x00000266ac4f2ee0 Thread added: 0x00000266ac4f2ee0
Event: 4.982 Thread 0x00000266ac4f46f0 Thread added: 0x00000266ac4f46f0
Event: 4.986 loading class sun/security/provider/MD5
Event: 4.986 loading class sun/security/provider/MD5 done
Event: 4.986 loading class sun/security/provider/ByteArrayAccess$LE
Event: 4.986 loading class sun/security/provider/ByteArrayAccess$LE done


Dynamic libraries:
0x00007ff7d9d80000 - 0x00007ff7d9d8e000 	c:\Users\Micro\.vscode\extensions\redhat.java-1.13.0-win32-x64\jre\17.0.5-win32-x86_64\bin\java.exe
0x00007fffbe870000 - 0x00007fffbea68000 	C:\Windows\SYSTEM32\ntdll.dll
0x00007fffbd3c0000 - 0x00007fffbd47f000 	C:\Windows\System32\KERNEL32.DLL
0x00007fffbc370000 - 0x00007fffbc642000 	C:\Windows\System32\KERNELBASE.dll
0x00007fffbc6f0000 - 0x00007fffbc7f0000 	C:\Windows\System32\ucrtbase.dll
0x00007fffb0a00000 - 0x00007fffb0a19000 	c:\Users\Micro\.vscode\extensions\redhat.java-1.13.0-win32-x64\jre\17.0.5-win32-x86_64\bin\VCRUNTIME140.dll
0x00007fffb1380000 - 0x00007fffb1397000 	c:\Users\Micro\.vscode\extensions\redhat.java-1.13.0-win32-x64\jre\17.0.5-win32-x86_64\bin\jli.dll
0x00007fffbd210000 - 0x00007fffbd3b1000 	C:\Windows\System32\USER32.dll
0x00007fffa69c0000 - 0x00007fffa6c5a000 	C:\Windows\WinSxS\amd64_microsoft.windows.common-controls_6595b64144ccf1df_6.0.19041.1110_none_60b5254171f9507e\COMCTL32.dll
0x00007fffbc880000 - 0x00007fffbc8a2000 	C:\Windows\System32\win32u.dll
0x00007fffbe6e0000 - 0x00007fffbe77e000 	C:\Windows\System32\msvcrt.dll
0x00007fffbcc30000 - 0x00007fffbcc5b000 	C:\Windows\System32\GDI32.dll
0x00007fffbc160000 - 0x00007fffbc26f000 	C:\Windows\System32\gdi32full.dll
0x00007fffbc650000 - 0x00007fffbc6ed000 	C:\Windows\System32\msvcp_win.dll
0x00007fffbd980000 - 0x00007fffbd9b2000 	C:\Windows\System32\IMM32.DLL
0x00007fffb30d0000 - 0x00007fffb30dc000 	c:\Users\Micro\.vscode\extensions\redhat.java-1.13.0-win32-x64\jre\17.0.5-win32-x86_64\bin\vcruntime140_1.dll
0x00007fff964e0000 - 0x00007fff96571000 	c:\Users\Micro\.vscode\extensions\redhat.java-1.13.0-win32-x64\jre\17.0.5-win32-x86_64\bin\msvcp140.dll
0x00007fff719b0000 - 0x00007fff725f4000 	c:\Users\Micro\.vscode\extensions\redhat.java-1.13.0-win32-x64\jre\17.0.5-win32-x86_64\bin\server\jvm.dll
0x00007fffbd660000 - 0x00007fffbd70e000 	C:\Windows\System32\ADVAPI32.dll
0x00007fffbd480000 - 0x00007fffbd51c000 	C:\Windows\System32\sechost.dll
0x00007fffbd850000 - 0x00007fffbd975000 	C:\Windows\System32\RPCRT4.dll
0x00007fffaa4b0000 - 0x00007fffaa4b9000 	C:\Windows\SYSTEM32\WSOCK32.dll
0x00007fffabc40000 - 0x00007fffabc67000 	C:\Windows\SYSTEM32\WINMM.dll
0x00007fffbd5f0000 - 0x00007fffbd65b000 	C:\Windows\System32\WS2_32.dll
0x00007fffae4f0000 - 0x00007fffae4fa000 	C:\Windows\SYSTEM32\VERSION.dll
0x00007fffba7d0000 - 0x00007fffba7e2000 	C:\Windows\SYSTEM32\kernel.appcore.dll
0x00007fffb2ea0000 - 0x00007fffb2eaa000 	c:\Users\Micro\.vscode\extensions\redhat.java-1.13.0-win32-x64\jre\17.0.5-win32-x86_64\bin\jimage.dll
0x00007fffb9ca0000 - 0x00007fffb9e84000 	C:\Windows\SYSTEM32\DBGHELP.DLL
0x00007fffab480000 - 0x00007fffab4b5000 	C:\Windows\SYSTEM32\dbgcore.DLL
0x00007fffbc7f0000 - 0x00007fffbc872000 	C:\Windows\System32\bcryptPrimitives.dll
0x00007fffaea90000 - 0x00007fffaeab5000 	c:\Users\Micro\.vscode\extensions\redhat.java-1.13.0-win32-x64\jre\17.0.5-win32-x86_64\bin\java.dll
0x00007fffae9e0000 - 0x00007fffae9f8000 	c:\Users\Micro\.vscode\extensions\redhat.java-1.13.0-win32-x64\jre\17.0.5-win32-x86_64\bin\zip.dll
0x00007fffbdb50000 - 0x00007fffbe294000 	C:\Windows\System32\SHELL32.dll
0x00007fffba020000 - 0x00007fffba7b2000 	C:\Windows\SYSTEM32\windows.storage.dll
0x00007fffbe2a0000 - 0x00007fffbe5f5000 	C:\Windows\System32\combase.dll
0x00007fffbb8e0000 - 0x00007fffbb910000 	C:\Windows\SYSTEM32\Wldp.dll
0x00007fffbe780000 - 0x00007fffbe82d000 	C:\Windows\System32\SHCORE.dll
0x00007fffbcac0000 - 0x00007fffbcb15000 	C:\Windows\System32\shlwapi.dll
0x00007fffbbea0000 - 0x00007fffbbebf000 	C:\Windows\SYSTEM32\profapi.dll
0x00007fffad860000 - 0x00007fffad879000 	C:\Users\Micro\.vscode\extensions\redhat.java-1.13.0-win32-x64\jre\17.0.5-win32-x86_64\bin\net.dll
0x00007fffb4050000 - 0x00007fffb415c000 	C:\Windows\SYSTEM32\WINHTTP.dll
0x00007fffbb640000 - 0x00007fffbb6aa000 	C:\Windows\system32\mswsock.dll
0x00007fffad220000 - 0x00007fffad235000 	C:\Users\Micro\.vscode\extensions\redhat.java-1.13.0-win32-x64\jre\17.0.5-win32-x86_64\bin\nio.dll
0x00007fffb2c40000 - 0x00007fffb2c50000 	c:\Users\Micro\.vscode\extensions\redhat.java-1.13.0-win32-x64\jre\17.0.5-win32-x86_64\bin\verify.dll
0x00007fffb3600000 - 0x00007fffb3609000 	C:\Users\Micro\.vscode\extensions\redhat.java-1.13.0-win32-x64\jre\17.0.5-win32-x86_64\bin\management.dll
0x00007fffb32e0000 - 0x00007fffb32eb000 	C:\Users\Micro\.vscode\extensions\redhat.java-1.13.0-win32-x64\jre\17.0.5-win32-x86_64\bin\management_ext.dll
0x00007fffbcc80000 - 0x00007fffbcc88000 	C:\Windows\System32\PSAPI.DLL
0x00007fffa7370000 - 0x00007fffa7387000 	C:\Windows\system32\napinsp.dll
0x00007fffa7350000 - 0x00007fffa736b000 	C:\Windows\system32\pnrpnsp.dll
0x00007fffa7330000 - 0x00007fffa7345000 	C:\Windows\system32\wshbth.dll
0x00007fffb7530000 - 0x00007fffb754d000 	C:\Windows\system32\NLAapi.dll
0x00007fffbb330000 - 0x00007fffbb36b000 	C:\Windows\SYSTEM32\IPHLPAPI.DLL
0x00007fffbb370000 - 0x00007fffbb43a000 	C:\Windows\SYSTEM32\DNSAPI.dll
0x00007fffbd710000 - 0x00007fffbd718000 	C:\Windows\System32\NSI.dll
0x00007fffa7300000 - 0x00007fffa7312000 	C:\Windows\System32\winrnr.dll
0x00007fffb1040000 - 0x00007fffb104a000 	C:\Windows\System32\rasadhlp.dll
0x00007fffb0a90000 - 0x00007fffb0b10000 	C:\Windows\System32\fwpuclnt.dll
0x00007fffbbfd0000 - 0x00007fffbbff7000 	C:\Windows\System32\bcrypt.dll
0x00007fffbb830000 - 0x00007fffbb848000 	C:\Windows\SYSTEM32\CRYPTSP.dll
0x00007fffbaf60000 - 0x00007fffbaf94000 	C:\Windows\system32\rsaenh.dll
0x00007fffbbe60000 - 0x00007fffbbe8e000 	C:\Windows\SYSTEM32\USERENV.dll
0x00007fffbb850000 - 0x00007fffbb85c000 	C:\Windows\SYSTEM32\CRYPTBASE.dll
0x00007fffb5d90000 - 0x00007fffb5da7000 	C:\Windows\SYSTEM32\dhcpcsvc6.DLL
0x00007fffb5d70000 - 0x00007fffb5d8d000 	C:\Windows\SYSTEM32\dhcpcsvc.DLL

dbghelp: loaded successfully - version: 4.0.5 - missing functions: none
symbol engine: initialized successfully - sym options: 0x614 - pdb path: .;c:\Users\Micro\.vscode\extensions\redhat.java-1.13.0-win32-x64\jre\17.0.5-win32-x86_64\bin;C:\Windows\SYSTEM32;C:\Windows\WinSxS\amd64_microsoft.windows.common-controls_6595b64144ccf1df_6.0.19041.1110_none_60b5254171f9507e;c:\Users\Micro\.vscode\extensions\redhat.java-1.13.0-win32-x64\jre\17.0.5-win32-x86_64\bin\server

VM Arguments:
jvm_args: -Dsts.lsp.client=vscode -Dsts.log.file=/dev/null -XX:TieredStopAtLevel=1 -Xlog:jni+resolve=off -Dspring.config.location=file:c:\Users\Micro\.vscode\extensions\pivotal.vscode-spring-boot-1.42.0\language-server\BOOT-INF\classes\application.properties 
java_command: org.springframework.ide.vscode.boot.app.BootLanguageServerBootApp
java_class_path (initial): c:\Users\Micro\.vscode\extensions\pivotal.vscode-spring-boot-1.42.0\language-server\BOOT-INF\classes;c:\Users\Micro\.vscode\extensions\pivotal.vscode-spring-boot-1.42.0\language-server\BOOT-INF\lib\annotations-23.1.0.jar;c:\Users\Micro\.vscode\extensions\pivotal.vscode-spring-boot-1.42.0\language-server\BOOT-INF\lib\ant-1.10.12.jar;c:\Users\Micro\.vscode\extensions\pivotal.vscode-spring-boot-1.42.0\language-server\BOOT-INF\lib\ant-launcher-1.10.12.jar;c:\Users\Micro\.vscode\extensions\pivotal.vscode-spring-boot-1.42.0\language-server\BOOT-INF\lib\antlr-runtime-3.5.2.jar;c:\Users\Micro\.vscode\extensions\pivotal.vscode-spring-boot-1.42.0\language-server\BOOT-INF\lib\antlr4-4.9.3.jar;c:\Users\Micro\.vscode\extensions\pivotal.vscode-spring-boot-1.42.0\language-server\BOOT-INF\lib\antlr4-runtime-4.9.3.jar;c:\Users\Micro\.vscode\extensions\pivotal.vscode-spring-boot-1.42.0\language-server\BOOT-INF\lib\apiguardian-api-1.1.2.jar;c:\Users\Micro\.vscode\extensions\pivotal.vscode-spring-boot-1.42.0\language-server\BOOT-INF\lib\asm-9.4.jar;c:\Users\Micro\.vscode\extensions\pivotal.vscode-spring-boot-1.42.0\language-server\BOOT-INF\lib\asm-analysis-9.4.jar;c:\Users\Micro\.vscode\extensions\pivotal.vscode-spring-boot-1.42.0\language-server\BOOT-INF\lib\asm-tree-9.4.jar;c:\Users\Micro\.vscode\extensions\pivotal.vscode-spring-boot-1.42.0\language-server\BOOT-INF\lib\asm-util-9.4.jar;c:\Users\Micro\.vscode\extensions\pivotal.vscode-spring-boot-1.42.0\language-server\BOOT-INF\lib\caffeine-2.9.3.jar;c:\Users\Micro\.vscode\extensions\pivotal.vscode-spring-boot-1.42.0\language-server\BOOT-INF\lib\checker-qual-3.12.0.jar;c:\Users\Micro\.vscode\extensions\pivotal.vscode-spring-boot-1.42.0\language-server\BOOT-INF\lib\ci-environment-9.1.0.jar;c:\Users\Micro\.vscode\extensions\pivotal.vscode-spring-boot-1.42.0\language-server\BOOT-INF\lib\classgraph-4.8.149.jar;c:\Users\Micro\.vscode\extensions\pivotal.vscode-spring-boot-1.42.0\language-server\BOOT-INF\lib\comm
Launcher Type: SUN_STANDARD

[Global flags]
     intx CICompilerCount                          = 3                                         {product} {ergonomic}
     uint ConcGCThreads                            = 1                                         {product} {ergonomic}
     uint G1ConcRefinementThreads                  = 4                                         {product} {ergonomic}
   size_t G1HeapRegionSize                         = 1048576                                   {product} {ergonomic}
    uintx GCDrainStackTargetSize                   = 64                                        {product} {ergonomic}
   size_t InitialHeapSize                          = 134217728                                 {product} {ergonomic}
   size_t MarkStackSize                            = 4194304                                   {product} {ergonomic}
   size_t MaxHeapSize                              = 2128609280                                {product} {ergonomic}
   size_t MaxNewSize                               = 1277165568                                {product} {ergonomic}
   size_t MinHeapDeltaBytes                        = 1048576                                   {product} {ergonomic}
   size_t MinHeapSize                              = 8388608                                   {product} {ergonomic}
    uintx NonProfiledCodeHeapSize                  = 0                                      {pd product} {ergonomic}
     bool ProfileInterpreter                       = false                                  {pd product} {command line}
    uintx ProfiledCodeHeapSize                     = 0                                      {pd product} {ergonomic}
   size_t SoftMaxHeapSize                          = 2128609280                             {manageable} {ergonomic}
     intx TieredStopAtLevel                        = 1                                         {product} {command line}
     bool UseCompressedClassPointers               = true                           {product lp64_product} {ergonomic}
     bool UseCompressedOops                        = true                           {product lp64_product} {ergonomic}
     bool UseG1GC                                  = true                                      {product} {ergonomic}
     bool UseLargePagesIndividualAllocation        = false                                  {pd product} {ergonomic}

Logging:
Log output configuration:
 #0: stdout all=warning,jni+resolve=off uptime,level,tags
 #1: stderr all=off uptime,level,tags

Environment Variables:
PATH=C:\Program Files\Eclipse Adoptium\jdk-17.0.4.8-hotspot\bin;C:\Program Files\Common Files\Oracle\Java\javapath;C:\Program Files (x86)\Common Files\Oracle\Java\javapath;C:\ProgramData\Oracle\Java\javapath;C:\Windows\system32;C:\Windows;C:\Windows\System32\Wbem;C:\Windows\System32\WindowsPowerShell\v1.0\;C:\Windows\System32\OpenSSH\;C:\Program Files\Git\cmd;C:\Program Files\MySQL\MySQL Shell 8.0\bin\;C:\Users\Micro\AppData\Local\Microsoft\WindowsApps;C:\Users\Micro\AppData\Local\Programs\Microsoft VS Code\bin;C:\Users\Micro\AppData\Local\GitHubDesktop\bin
USERNAME=Micro
OS=Windows_NT
PROCESSOR_IDENTIFIER=Intel64 Family 6 Model 37 Stepping 2, GenuineIntel
TMP=C:\Users\Micro\AppData\Local\Temp
TEMP=C:\Users\Micro\AppData\Local\Temp



---------------  S Y S T E M  ---------------

OS:
 Windows 10 , 64 bit Build 19041 (10.0.19041.2364)
OS uptime: 5 days 6:56 hours

CPU: total 4 (initial active 4) (2 cores per cpu, 2 threads per core) family 6 model 37 stepping 2 microcode 0x11, cx8, cmov, fxsr, ht, mmx, sse, sse2, sse3, ssse3, sse4.1, sse4.2, popcnt, tsc, tscinvbit, aes, clmul, clflush

Memory: 4k page, system-wide physical 8119M (1299M free)
TotalPageFile size 22356M (AvailPageFile size 310M)
current process WorkingSet (physical memory assigned to process): 366M, peak: 366M
current process commit charge ("private bytes"): 408M, peak: 906M

vm_info: OpenJDK 64-Bit Server VM (17.0.5+8) for windows-amd64 JRE (17.0.5+8), built on Oct 19 2022 04:48:13 by "temurin" with MS VC++ 16.7 (VS2019)

END.
